-- Found ament_cmake: 0.7.6 (/opt/ros/dashing/share/ament_cmake/cmake)
-- Using PYTHON_EXECUTABLE: /usr/bin/python3
-- Found rclcpp: 0.7.16 (/opt/ros/dashing/share/rclcpp/cmake)
-- Found rosidl_adapter: 0.7.10 (/opt/ros/dashing/share/rosidl_adapter/cmake)
-- Found rmw_implementation_cmake: 0.7.2 (/opt/ros/dashing/share/rmw_implementation_cmake/cmake)
-- Using RMW implementation 'rmw_fastrtps_cpp' as default
-- Found tf2: 0.11.6 (/opt/ros/dashing/share/tf2/cmake)
-- Found tf2_ros: 0.11.6 (/opt/ros/dashing/share/tf2_ros/cmake)
-- Found sensor_msgs: 0.7.1 (/opt/ros/dashing/share/sensor_msgs/cmake)
-- Found nav_msgs: 0.7.1 (/opt/ros/dashing/share/nav_msgs/cmake)
-- Found ament_lint_auto: 0.7.12 (/opt/ros/dashing/share/ament_lint_auto/cmake)
-- Added test 'copyright' to check for copyright in CMake / C / C++ / Python code
-- Added test 'cppcheck' to perform static code analysis on C / C++ code
-- Configured cppcheck include dirs: 
-- Added test 'cpplint' to check C / C++ code against the Google style
-- Added test 'lint_cmake' to check CMake code style
-- Added test 'uncrustify' to check C / C++ code style
-- Added test 'xmllint' to check XML markup files
-- Configuring done
-- Generating done
-- Build files have been written to: /home/nvidia/ros2_ws/build/cpp_qcar
[35m[1mConsolidate compiler generated dependencies of target base_to_lidar_tf[0m
[ 25%] [32mBuilding CXX object CMakeFiles/imu_dead_reckoning_node.dir/src/imu_dead_reckoning_node.cpp.o[0m
[ 75%] Built target base_to_lidar_tf
[100%] [32m[1mLinking CXX executable imu_dead_reckoning_node[0m
[100%] Built target imu_dead_reckoning_node
-- Install configuration: ""
-- Up-to-date: /home/nvidia/ros2_ws/install/cpp_qcar/lib/cpp_qcar/base_to_lidar_tf
-- Installing: /home/nvidia/ros2_ws/install/cpp_qcar/lib/cpp_qcar/imu_dead_reckoning_node
-- Set runtime path of "/home/nvidia/ros2_ws/install/cpp_qcar/lib/cpp_qcar/imu_dead_reckoning_node" to ""
-- Installing: /home/nvidia/ros2_ws/install/cpp_qcar/share/ament_index/resource_index/package_run_dependencies/cpp_qcar
-- Installing: /home/nvidia/ros2_ws/install/cpp_qcar/share/ament_index/resource_index/parent_prefix_path/cpp_qcar
-- Up-to-date: /home/nvidia/ros2_ws/install/cpp_qcar/share/cpp_qcar/environment/ament_prefix_path.sh
-- Up-to-date: /home/nvidia/ros2_ws/install/cpp_qcar/share/cpp_qcar/environment/path.sh
-- Up-to-date: /home/nvidia/ros2_ws/install/cpp_qcar/share/cpp_qcar/local_setup.bash
-- Up-to-date: /home/nvidia/ros2_ws/install/cpp_qcar/share/cpp_qcar/local_setup.sh
-- Up-to-date: /home/nvidia/ros2_ws/install/cpp_qcar/share/cpp_qcar/local_setup.zsh
-- Up-to-date: /home/nvidia/ros2_ws/install/cpp_qcar/share/ament_index/resource_index/packages/cpp_qcar
-- Up-to-date: /home/nvidia/ros2_ws/install/cpp_qcar/share/cpp_qcar/cmake/cpp_qcarConfig.cmake
-- Up-to-date: /home/nvidia/ros2_ws/install/cpp_qcar/share/cpp_qcar/cmake/cpp_qcarConfig-version.cmake
-- Installing: /home/nvidia/ros2_ws/install/cpp_qcar/share/cpp_qcar/package.xml
