[0.055s] Invoking command in '/home/nvidia/ros2_ws/build/cpp_qcar': CMAKE_PREFIX_PATH=${CMAKE_PREFIX_PATH}:/home/nvidia/ros2_ws/install/qcar_nodes:/home/nvidia/ros2_ws/install/control_nodes:/opt/ros/dashing /usr/local/bin/cmake --build /home/nvidia/ros2_ws/build/cpp_qcar -- -j4 -l4
[0.110s] -- Found ament_cmake: 0.7.6 (/opt/ros/dashing/share/ament_cmake/cmake)
[0.210s] -- Using PYTHON_EXECUTABLE: /usr/bin/python3
[1.238s] -- Found rclcpp: 0.7.16 (/opt/ros/dashing/share/rclcpp/cmake)
[1.269s] -- Found rosidl_adapter: 0.7.10 (/opt/ros/dashing/share/rosidl_adapter/cmake)
[1.346s] -- Found rmw_implementation_cmake: 0.7.2 (/opt/ros/dashing/share/rmw_implementation_cmake/cmake)
[1.349s] -- Using RMW implementation 'rmw_fastrtps_cpp' as default
[1.407s] -- Found tf2: 0.11.6 (/opt/ros/dashing/share/tf2/cmake)
[1.414s] -- Found tf2_ros: 0.11.6 (/opt/ros/dashing/share/tf2_ros/cmake)
[1.549s] -- Found sensor_msgs: 0.7.1 (/opt/ros/dashing/share/sensor_msgs/cmake)
[1.575s] -- Found nav_msgs: 0.7.1 (/opt/ros/dashing/share/nav_msgs/cmake)
[1.842s] -- Found ament_lint_auto: 0.7.12 (/opt/ros/dashing/share/ament_lint_auto/cmake)
[2.101s] -- Added test 'copyright' to check for copyright in CMake / C / C++ / Python code
[2.104s] -- Added test 'cppcheck' to perform static code analysis on C / C++ code
[2.104s] -- Configured cppcheck include dirs: 
[2.106s] -- Added test 'cpplint' to check C / C++ code against the Google style
[2.108s] -- Added test 'lint_cmake' to check CMake code style
[2.110s] -- Added test 'uncrustify' to check C / C++ code style
[2.111s] -- Added test 'xmllint' to check XML markup files
[2.113s] -- Configuring done
[2.236s] -- Generating done
[2.240s] -- Build files have been written to: /home/nvidia/ros2_ws/build/cpp_qcar
[2.280s] [35m[1mConsolidate compiler generated dependencies of target base_to_lidar_tf[0m
[2.296s] [ 25%] [32mBuilding CXX object CMakeFiles/imu_dead_reckoning_node.dir/src/imu_dead_reckoning_node.cpp.o[0m
[2.364s] [ 75%] Built target base_to_lidar_tf
[13.658s] [100%] [32m[1mLinking CXX executable imu_dead_reckoning_node[0m
[14.495s] [100%] Built target imu_dead_reckoning_node
[14.510s] Invoked command in '/home/nvidia/ros2_ws/build/cpp_qcar' returned '0': CMAKE_PREFIX_PATH=${CMAKE_PREFIX_PATH}:/home/nvidia/ros2_ws/install/qcar_nodes:/home/nvidia/ros2_ws/install/control_nodes:/opt/ros/dashing /usr/local/bin/cmake --build /home/nvidia/ros2_ws/build/cpp_qcar -- -j4 -l4
[14.630s] Invoking command in '/home/nvidia/ros2_ws/build/cpp_qcar': CMAKE_PREFIX_PATH=${CMAKE_PREFIX_PATH}:/home/nvidia/ros2_ws/install/qcar_nodes:/home/nvidia/ros2_ws/install/control_nodes:/opt/ros/dashing /usr/local/bin/cmake --install /home/nvidia/ros2_ws/build/cpp_qcar
[14.641s] -- Install configuration: ""
[14.642s] -- Up-to-date: /home/nvidia/ros2_ws/install/cpp_qcar/lib/cpp_qcar/base_to_lidar_tf
[14.642s] -- Installing: /home/nvidia/ros2_ws/install/cpp_qcar/lib/cpp_qcar/imu_dead_reckoning_node
[14.648s] -- Set runtime path of "/home/nvidia/ros2_ws/install/cpp_qcar/lib/cpp_qcar/imu_dead_reckoning_node" to ""
[14.648s] -- Installing: /home/nvidia/ros2_ws/install/cpp_qcar/share/ament_index/resource_index/package_run_dependencies/cpp_qcar
[14.649s] -- Installing: /home/nvidia/ros2_ws/install/cpp_qcar/share/ament_index/resource_index/parent_prefix_path/cpp_qcar
[14.650s] -- Up-to-date: /home/nvidia/ros2_ws/install/cpp_qcar/share/cpp_qcar/environment/ament_prefix_path.sh
[14.650s] -- Up-to-date: /home/nvidia/ros2_ws/install/cpp_qcar/share/cpp_qcar/environment/path.sh
[14.651s] -- Up-to-date: /home/nvidia/ros2_ws/install/cpp_qcar/share/cpp_qcar/local_setup.bash
[14.651s] -- Up-to-date: /home/nvidia/ros2_ws/install/cpp_qcar/share/cpp_qcar/local_setup.sh
[14.652s] -- Up-to-date: /home/nvidia/ros2_ws/install/cpp_qcar/share/cpp_qcar/local_setup.zsh
[14.653s] -- Up-to-date: /home/nvidia/ros2_ws/install/cpp_qcar/share/ament_index/resource_index/packages/cpp_qcar
[14.654s] -- Up-to-date: /home/nvidia/ros2_ws/install/cpp_qcar/share/cpp_qcar/cmake/cpp_qcarConfig.cmake
[14.658s] -- Up-to-date: /home/nvidia/ros2_ws/install/cpp_qcar/share/cpp_qcar/cmake/cpp_qcarConfig-version.cmake
[14.659s] -- Installing: /home/nvidia/ros2_ws/install/cpp_qcar/share/cpp_qcar/package.xml
[14.660s] Invoked command in '/home/nvidia/ros2_ws/build/cpp_qcar' returned '0': CMAKE_PREFIX_PATH=${CMAKE_PREFIX_PATH}:/home/nvidia/ros2_ws/install/qcar_nodes:/home/nvidia/ros2_ws/install/control_nodes:/opt/ros/dashing /usr/local/bin/cmake --install /home/nvidia/ros2_ws/build/cpp_qcar
