[1.729s] DEBUG:colcon:Command line arguments: ['/usr/bin/colcon', 'build', '--symlink-install', '--packages-select', 'control_nodes']
[1.729s] DEBUG:colcon:Parsed command line arguments: Namespace(allow_overriding=[], ament_cmake_args=None, base_paths=['.'], build_base='build', catkin_cmake_args=None, catkin_skip_building_tests=False, cmake_args=None, cmake_clean_cache=False, cmake_clean_first=False, cmake_force_configure=False, cmake_target=None, cmake_target_skip_unavailable=False, continue_on_error=False, event_handlers=None, executor='parallel', ignore_user_meta=False, install_base='install', log_base=None, log_level=None, main=<bound method BuildVerb.main of <colcon_core.verb.build.BuildVerb object at 0x7fa8f80c88>>, merge_install=False, metas=['./colcon.meta'], packages_above=None, packages_above_and_dependencies=None, packages_above_depth=None, packages_end=None, packages_ignore=None, packages_ignore_regex=None, packages_select=['control_nodes'], packages_select_build_failed=False, packages_select_by_dep=None, packages_select_regex=None, packages_select_test_failures=False, packages_skip=None, packages_skip_build_finished=False, packages_skip_by_dep=None, packages_skip_regex=None, packages_skip_test_passed=False, packages_skip_up_to=None, packages_start=None, packages_up_to=None, packages_up_to_regex=None, parallel_workers=4, paths=None, symlink_install=True, test_result_base=None, verb_extension=<colcon_core.verb.build.BuildVerb object at 0x7fa8f80c88>, verb_name='build', verb_parser=<colcon_defaults.argument_parser.defaults.DefaultArgumentsDecorator object at 0x7fa8dc66d8>)
[1.848s] Level 1:colcon.colcon_core.package_discovery:discover_packages(colcon_meta) check parameters
[1.849s] Level 1:colcon.colcon_core.package_discovery:discover_packages(recursive) check parameters
[1.849s] Level 1:colcon.colcon_core.package_discovery:discover_packages(ignore) check parameters
[1.849s] Level 1:colcon.colcon_core.package_discovery:discover_packages(path) check parameters
[1.849s] Level 1:colcon.colcon_core.package_discovery:discover_packages(colcon_meta) discover
[1.850s] Level 1:colcon.colcon_core.package_discovery:discover_packages(recursive) discover
[1.850s] INFO:colcon.colcon_core.package_discovery:Crawling recursively for packages in '/home/nvidia/qcar_ros2_ws'
[1.851s] Level 1:colcon.colcon_core.package_identification:_identify(.) by extensions ['ignore', 'ignore_ament_install']
[1.851s] Level 1:colcon.colcon_core.package_identification:_identify(.) by extension 'ignore'
[1.852s] Level 1:colcon.colcon_core.package_identification:_identify(.) by extension 'ignore_ament_install'
[1.852s] Level 1:colcon.colcon_core.package_identification:_identify(.) by extensions ['colcon_pkg']
[1.852s] Level 1:colcon.colcon_core.package_identification:_identify(.) by extension 'colcon_pkg'
[1.852s] Level 1:colcon.colcon_core.package_identification:_identify(.) by extensions ['colcon_meta']
[1.852s] Level 1:colcon.colcon_core.package_identification:_identify(.) by extension 'colcon_meta'
[1.852s] Level 1:colcon.colcon_core.package_identification:_identify(.) by extensions ['ros']
[1.853s] Level 1:colcon.colcon_core.package_identification:_identify(.) by extension 'ros'
[1.896s] Level 1:colcon.colcon_core.package_identification:_identify(.) by extensions ['cmake', 'python']
[1.896s] Level 1:colcon.colcon_core.package_identification:_identify(.) by extension 'cmake'
[1.896s] Level 1:colcon.colcon_core.package_identification:_identify(.) by extension 'python'
[1.897s] Level 1:colcon.colcon_core.package_identification:_identify(.) by extensions ['python_setup_py']
[1.897s] Level 1:colcon.colcon_core.package_identification:_identify(.) by extension 'python_setup_py'
[1.897s] Level 1:colcon.colcon_core.package_identification:_identify(build) by extensions ['ignore', 'ignore_ament_install']
[1.898s] Level 1:colcon.colcon_core.package_identification:_identify(build) by extension 'ignore'
[1.898s] Level 1:colcon.colcon_core.package_identification:_identify(build) ignored
[1.899s] Level 1:colcon.colcon_core.package_identification:_identify(install) by extensions ['ignore', 'ignore_ament_install']
[1.900s] Level 1:colcon.colcon_core.package_identification:_identify(install) by extension 'ignore'
[1.900s] Level 1:colcon.colcon_core.package_identification:_identify(install) ignored
[1.900s] Level 1:colcon.colcon_core.package_identification:_identify(log) by extensions ['ignore', 'ignore_ament_install']
[1.901s] Level 1:colcon.colcon_core.package_identification:_identify(log) by extension 'ignore'
[1.901s] Level 1:colcon.colcon_core.package_identification:_identify(log) ignored
[1.901s] Level 1:colcon.colcon_core.package_identification:_identify(python) by extensions ['ignore', 'ignore_ament_install']
[1.902s] Level 1:colcon.colcon_core.package_identification:_identify(python) by extension 'ignore'
[1.902s] Level 1:colcon.colcon_core.package_identification:_identify(python) by extension 'ignore_ament_install'
[1.902s] Level 1:colcon.colcon_core.package_identification:_identify(python) by extensions ['colcon_pkg']
[1.902s] Level 1:colcon.colcon_core.package_identification:_identify(python) by extension 'colcon_pkg'
[1.902s] Level 1:colcon.colcon_core.package_identification:_identify(python) by extensions ['colcon_meta']
[1.903s] Level 1:colcon.colcon_core.package_identification:_identify(python) by extension 'colcon_meta'
[1.903s] Level 1:colcon.colcon_core.package_identification:_identify(python) by extensions ['ros']
[1.903s] Level 1:colcon.colcon_core.package_identification:_identify(python) by extension 'ros'
[1.903s] Level 1:colcon.colcon_core.package_identification:_identify(python) by extensions ['cmake', 'python']
[1.903s] Level 1:colcon.colcon_core.package_identification:_identify(python) by extension 'cmake'
[1.904s] Level 1:colcon.colcon_core.package_identification:_identify(python) by extension 'python'
[1.904s] Level 1:colcon.colcon_core.package_identification:_identify(python) by extensions ['python_setup_py']
[1.904s] Level 1:colcon.colcon_core.package_identification:_identify(python) by extension 'python_setup_py'
[1.904s] Level 1:colcon.colcon_core.package_identification:_identify(recordings) by extensions ['ignore', 'ignore_ament_install']
[1.905s] Level 1:colcon.colcon_core.package_identification:_identify(recordings) by extension 'ignore'
[1.905s] Level 1:colcon.colcon_core.package_identification:_identify(recordings) by extension 'ignore_ament_install'
[1.905s] Level 1:colcon.colcon_core.package_identification:_identify(recordings) by extensions ['colcon_pkg']
[1.905s] Level 1:colcon.colcon_core.package_identification:_identify(recordings) by extension 'colcon_pkg'
[1.905s] Level 1:colcon.colcon_core.package_identification:_identify(recordings) by extensions ['colcon_meta']
[1.906s] Level 1:colcon.colcon_core.package_identification:_identify(recordings) by extension 'colcon_meta'
[1.906s] Level 1:colcon.colcon_core.package_identification:_identify(recordings) by extensions ['ros']
[1.906s] Level 1:colcon.colcon_core.package_identification:_identify(recordings) by extension 'ros'
[1.906s] Level 1:colcon.colcon_core.package_identification:_identify(recordings) by extensions ['cmake', 'python']
[1.906s] Level 1:colcon.colcon_core.package_identification:_identify(recordings) by extension 'cmake'
[1.907s] Level 1:colcon.colcon_core.package_identification:_identify(recordings) by extension 'python'
[1.907s] Level 1:colcon.colcon_core.package_identification:_identify(recordings) by extensions ['python_setup_py']
[1.907s] Level 1:colcon.colcon_core.package_identification:_identify(recordings) by extension 'python_setup_py'
[1.907s] Level 1:colcon.colcon_core.package_identification:_identify(recordings/qcar_lanes) by extensions ['ignore', 'ignore_ament_install']
[1.908s] Level 1:colcon.colcon_core.package_identification:_identify(recordings/qcar_lanes) by extension 'ignore'
[1.908s] Level 1:colcon.colcon_core.package_identification:_identify(recordings/qcar_lanes) by extension 'ignore_ament_install'
[1.908s] Level 1:colcon.colcon_core.package_identification:_identify(recordings/qcar_lanes) by extensions ['colcon_pkg']
[1.908s] Level 1:colcon.colcon_core.package_identification:_identify(recordings/qcar_lanes) by extension 'colcon_pkg'
[1.908s] Level 1:colcon.colcon_core.package_identification:_identify(recordings/qcar_lanes) by extensions ['colcon_meta']
[1.909s] Level 1:colcon.colcon_core.package_identification:_identify(recordings/qcar_lanes) by extension 'colcon_meta'
[1.909s] Level 1:colcon.colcon_core.package_identification:_identify(recordings/qcar_lanes) by extensions ['ros']
[1.909s] Level 1:colcon.colcon_core.package_identification:_identify(recordings/qcar_lanes) by extension 'ros'
[1.909s] Level 1:colcon.colcon_core.package_identification:_identify(recordings/qcar_lanes) by extensions ['cmake', 'python']
[1.909s] Level 1:colcon.colcon_core.package_identification:_identify(recordings/qcar_lanes) by extension 'cmake'
[1.910s] Level 1:colcon.colcon_core.package_identification:_identify(recordings/qcar_lanes) by extension 'python'
[1.910s] Level 1:colcon.colcon_core.package_identification:_identify(recordings/qcar_lanes) by extensions ['python_setup_py']
[1.910s] Level 1:colcon.colcon_core.package_identification:_identify(recordings/qcar_lanes) by extension 'python_setup_py'
[1.910s] Level 1:colcon.colcon_core.package_identification:_identify(recordings/qcar_lanes_realsense) by extensions ['ignore', 'ignore_ament_install']
[1.911s] Level 1:colcon.colcon_core.package_identification:_identify(recordings/qcar_lanes_realsense) by extension 'ignore'
[1.911s] Level 1:colcon.colcon_core.package_identification:_identify(recordings/qcar_lanes_realsense) by extension 'ignore_ament_install'
[1.911s] Level 1:colcon.colcon_core.package_identification:_identify(recordings/qcar_lanes_realsense) by extensions ['colcon_pkg']
[1.911s] Level 1:colcon.colcon_core.package_identification:_identify(recordings/qcar_lanes_realsense) by extension 'colcon_pkg'
[1.911s] Level 1:colcon.colcon_core.package_identification:_identify(recordings/qcar_lanes_realsense) by extensions ['colcon_meta']
[1.912s] Level 1:colcon.colcon_core.package_identification:_identify(recordings/qcar_lanes_realsense) by extension 'colcon_meta'
[1.912s] Level 1:colcon.colcon_core.package_identification:_identify(recordings/qcar_lanes_realsense) by extensions ['ros']
[1.912s] Level 1:colcon.colcon_core.package_identification:_identify(recordings/qcar_lanes_realsense) by extension 'ros'
[1.912s] Level 1:colcon.colcon_core.package_identification:_identify(recordings/qcar_lanes_realsense) by extensions ['cmake', 'python']
[1.912s] Level 1:colcon.colcon_core.package_identification:_identify(recordings/qcar_lanes_realsense) by extension 'cmake'
[1.913s] Level 1:colcon.colcon_core.package_identification:_identify(recordings/qcar_lanes_realsense) by extension 'python'
[1.913s] Level 1:colcon.colcon_core.package_identification:_identify(recordings/qcar_lanes_realsense) by extensions ['python_setup_py']
[1.913s] Level 1:colcon.colcon_core.package_identification:_identify(recordings/qcar_lanes_realsense) by extension 'python_setup_py'
[1.913s] Level 1:colcon.colcon_core.package_identification:_identify(src) by extensions ['ignore', 'ignore_ament_install']
[1.914s] Level 1:colcon.colcon_core.package_identification:_identify(src) by extension 'ignore'
[1.914s] Level 1:colcon.colcon_core.package_identification:_identify(src) by extension 'ignore_ament_install'
[1.914s] Level 1:colcon.colcon_core.package_identification:_identify(src) by extensions ['colcon_pkg']
[1.914s] Level 1:colcon.colcon_core.package_identification:_identify(src) by extension 'colcon_pkg'
[1.914s] Level 1:colcon.colcon_core.package_identification:_identify(src) by extensions ['colcon_meta']
[1.915s] Level 1:colcon.colcon_core.package_identification:_identify(src) by extension 'colcon_meta'
[1.915s] Level 1:colcon.colcon_core.package_identification:_identify(src) by extensions ['ros']
[1.915s] Level 1:colcon.colcon_core.package_identification:_identify(src) by extension 'ros'
[1.915s] Level 1:colcon.colcon_core.package_identification:_identify(src) by extensions ['cmake', 'python']
[1.915s] Level 1:colcon.colcon_core.package_identification:_identify(src) by extension 'cmake'
[1.916s] Level 1:colcon.colcon_core.package_identification:_identify(src) by extension 'python'
[1.916s] Level 1:colcon.colcon_core.package_identification:_identify(src) by extensions ['python_setup_py']
[1.916s] Level 1:colcon.colcon_core.package_identification:_identify(src) by extension 'python_setup_py'
[1.916s] Level 1:colcon.colcon_core.package_identification:_identify(src/control_nodes) by extensions ['ignore', 'ignore_ament_install']
[1.917s] Level 1:colcon.colcon_core.package_identification:_identify(src/control_nodes) by extension 'ignore'
[1.917s] Level 1:colcon.colcon_core.package_identification:_identify(src/control_nodes) by extension 'ignore_ament_install'
[1.917s] Level 1:colcon.colcon_core.package_identification:_identify(src/control_nodes) by extensions ['colcon_pkg']
[1.917s] Level 1:colcon.colcon_core.package_identification:_identify(src/control_nodes) by extension 'colcon_pkg'
[1.918s] Level 1:colcon.colcon_core.package_identification:_identify(src/control_nodes) by extensions ['colcon_meta']
[1.918s] Level 1:colcon.colcon_core.package_identification:_identify(src/control_nodes) by extension 'colcon_meta'
[1.918s] Level 1:colcon.colcon_core.package_identification:_identify(src/control_nodes) by extensions ['ros']
[1.918s] Level 1:colcon.colcon_core.package_identification:_identify(src/control_nodes) by extension 'ros'
[1.932s] DEBUG:colcon.colcon_core.package_identification:Package 'src/control_nodes' with type 'ros.ament_python' and name 'control_nodes'
[1.932s] Level 1:colcon.colcon_core.package_identification:_identify(src/cpp_qcar) by extensions ['ignore', 'ignore_ament_install']
[1.933s] Level 1:colcon.colcon_core.package_identification:_identify(src/cpp_qcar) by extension 'ignore'
[1.933s] Level 1:colcon.colcon_core.package_identification:_identify(src/cpp_qcar) by extension 'ignore_ament_install'
[1.933s] Level 1:colcon.colcon_core.package_identification:_identify(src/cpp_qcar) by extensions ['colcon_pkg']
[1.933s] Level 1:colcon.colcon_core.package_identification:_identify(src/cpp_qcar) by extension 'colcon_pkg'
[1.933s] Level 1:colcon.colcon_core.package_identification:_identify(src/cpp_qcar) by extensions ['colcon_meta']
[1.934s] Level 1:colcon.colcon_core.package_identification:_identify(src/cpp_qcar) by extension 'colcon_meta'
[1.934s] Level 1:colcon.colcon_core.package_identification:_identify(src/cpp_qcar) by extensions ['ros']
[1.934s] Level 1:colcon.colcon_core.package_identification:_identify(src/cpp_qcar) by extension 'ros'
[1.938s] DEBUG:colcon.colcon_core.package_identification:Package 'src/cpp_qcar' with type 'ros.ament_cmake' and name 'cpp_qcar'
[1.938s] Level 1:colcon.colcon_core.package_identification:_identify(src/qcar_nodes) by extensions ['ignore', 'ignore_ament_install']
[1.938s] Level 1:colcon.colcon_core.package_identification:_identify(src/qcar_nodes) by extension 'ignore'
[1.939s] Level 1:colcon.colcon_core.package_identification:_identify(src/qcar_nodes) by extension 'ignore_ament_install'
[1.939s] Level 1:colcon.colcon_core.package_identification:_identify(src/qcar_nodes) by extensions ['colcon_pkg']
[1.939s] Level 1:colcon.colcon_core.package_identification:_identify(src/qcar_nodes) by extension 'colcon_pkg'
[1.939s] Level 1:colcon.colcon_core.package_identification:_identify(src/qcar_nodes) by extensions ['colcon_meta']
[1.939s] Level 1:colcon.colcon_core.package_identification:_identify(src/qcar_nodes) by extension 'colcon_meta'
[1.940s] Level 1:colcon.colcon_core.package_identification:_identify(src/qcar_nodes) by extensions ['ros']
[1.940s] Level 1:colcon.colcon_core.package_identification:_identify(src/qcar_nodes) by extension 'ros'
[1.942s] DEBUG:colcon.colcon_core.package_identification:Package 'src/qcar_nodes' with type 'ros.ament_python' and name 'qcar_nodes'
[1.942s] Level 1:colcon.colcon_core.package_identification:_identify(src/slam_toolbox) by extensions ['ignore', 'ignore_ament_install']
[1.943s] Level 1:colcon.colcon_core.package_identification:_identify(src/slam_toolbox) by extension 'ignore'
[1.943s] Level 1:colcon.colcon_core.package_identification:_identify(src/slam_toolbox) by extension 'ignore_ament_install'
[1.943s] Level 1:colcon.colcon_core.package_identification:_identify(src/slam_toolbox) by extensions ['colcon_pkg']
[1.943s] Level 1:colcon.colcon_core.package_identification:_identify(src/slam_toolbox) by extension 'colcon_pkg'
[1.943s] Level 1:colcon.colcon_core.package_identification:_identify(src/slam_toolbox) by extensions ['colcon_meta']
[1.944s] Level 1:colcon.colcon_core.package_identification:_identify(src/slam_toolbox) by extension 'colcon_meta'
[1.944s] Level 1:colcon.colcon_core.package_identification:_identify(src/slam_toolbox) by extensions ['ros']
[1.944s] Level 1:colcon.colcon_core.package_identification:_identify(src/slam_toolbox) by extension 'ros'
[1.950s] DEBUG:colcon.colcon_core.package_identification:Package 'src/slam_toolbox' with type 'ros.ament_cmake' and name 'slam_toolbox'
[1.951s] Level 1:colcon.colcon_core.package_discovery:discover_packages(recursive) using defaults
[1.952s] Level 1:colcon.colcon_core.package_discovery:discover_packages(ignore) discover
[1.952s] Level 1:colcon.colcon_core.package_discovery:discover_packages(ignore) using defaults
[1.952s] Level 1:colcon.colcon_core.package_discovery:discover_packages(path) discover
[1.952s] Level 1:colcon.colcon_core.package_discovery:discover_packages(path) using defaults
[2.055s] INFO:colcon.colcon_core.package_selection:Skipping not selected package 'cpp_qcar' in 'src/cpp_qcar'
[2.056s] INFO:colcon.colcon_core.package_selection:Skipping not selected package 'qcar_nodes' in 'src/qcar_nodes'
[2.056s] INFO:colcon.colcon_core.package_selection:Skipping not selected package 'slam_toolbox' in 'src/slam_toolbox'
[2.060s] Level 1:colcon.colcon_core.package_discovery:discover_packages(prefix_path) check parameters
[2.060s] Level 1:colcon.colcon_core.package_discovery:discover_packages(prefix_path) discover
[2.073s] DEBUG:colcon.colcon_installed_package_information.package_discovery:Found 4 installed packages in /home/nvidia/qcar_ros2_ws/install
[2.080s] DEBUG:colcon.colcon_installed_package_information.package_discovery:Found 237 installed packages in /opt/ros/dashing
[2.088s] Level 1:colcon.colcon_core.package_discovery:discover_packages(prefix_path) using defaults
[2.383s] Level 5:colcon.colcon_core.verb:set package 'control_nodes' build argument 'cmake_args' from command line to 'None'
[2.383s] Level 5:colcon.colcon_core.verb:set package 'control_nodes' build argument 'cmake_target' from command line to 'None'
[2.384s] Level 5:colcon.colcon_core.verb:set package 'control_nodes' build argument 'cmake_target_skip_unavailable' from command line to 'False'
[2.384s] Level 5:colcon.colcon_core.verb:set package 'control_nodes' build argument 'cmake_clean_cache' from command line to 'False'
[2.384s] Level 5:colcon.colcon_core.verb:set package 'control_nodes' build argument 'cmake_clean_first' from command line to 'False'
[2.384s] Level 5:colcon.colcon_core.verb:set package 'control_nodes' build argument 'cmake_force_configure' from command line to 'False'
[2.384s] Level 5:colcon.colcon_core.verb:set package 'control_nodes' build argument 'ament_cmake_args' from command line to 'None'
[2.384s] Level 5:colcon.colcon_core.verb:set package 'control_nodes' build argument 'catkin_cmake_args' from command line to 'None'
[2.384s] Level 5:colcon.colcon_core.verb:set package 'control_nodes' build argument 'catkin_skip_building_tests' from command line to 'False'
[2.385s] DEBUG:colcon.colcon_core.verb:Building package 'control_nodes' with the following arguments: {'ament_cmake_args': None, 'build_base': '/home/nvidia/qcar_ros2_ws/build/control_nodes', 'catkin_cmake_args': None, 'catkin_skip_building_tests': False, 'cmake_args': None, 'cmake_clean_cache': False, 'cmake_clean_first': False, 'cmake_force_configure': False, 'cmake_target': None, 'cmake_target_skip_unavailable': False, 'install_base': '/home/nvidia/qcar_ros2_ws/install/control_nodes', 'merge_install': False, 'path': '/home/nvidia/qcar_ros2_ws/src/control_nodes', 'symlink_install': True, 'test_result_base': None}
[2.386s] INFO:colcon.colcon_core.executor:Executing jobs using 'parallel' executor
[2.392s] DEBUG:colcon.colcon_parallel_executor.executor.parallel:run_until_complete
[2.393s] INFO:colcon.colcon_ros.task.ament_python.build:Building ROS package in '/home/nvidia/qcar_ros2_ws/src/control_nodes' with build type 'ament_python'
[2.395s] Level 1:colcon.colcon_core.shell:create_environment_hook('control_nodes', 'ament_prefix_path')
[2.409s] INFO:colcon.colcon_core.plugin_system:Skipping extension 'colcon_core.shell.bat': Not used on non-Windows systems
[2.410s] INFO:colcon.colcon_core.shell:Creating environment hook '/home/nvidia/qcar_ros2_ws/install/control_nodes/share/control_nodes/hook/ament_prefix_path.ps1'
[2.414s] INFO:colcon.colcon_core.shell:Creating environment descriptor '/home/nvidia/qcar_ros2_ws/install/control_nodes/share/control_nodes/hook/ament_prefix_path.dsv'
[2.416s] INFO:colcon.colcon_core.shell:Creating environment hook '/home/nvidia/qcar_ros2_ws/install/control_nodes/share/control_nodes/hook/ament_prefix_path.sh'
[2.420s] INFO:colcon.colcon_core.shell:Skip shell extension 'powershell' for command environment: Not usable outside of PowerShell
[2.421s] DEBUG:colcon.colcon_core.shell:Skip shell extension 'dsv' for command environment
[3.830s] INFO:colcon.colcon_core.task.python.build:Building Python package in '/home/nvidia/qcar_ros2_ws/src/control_nodes'
[3.833s] INFO:colcon.colcon_core.shell:Skip shell extension 'powershell' for command environment: Not usable outside of PowerShell
[3.833s] DEBUG:colcon.colcon_core.shell:Skip shell extension 'dsv' for command environment
[5.857s] DEBUG:colcon.colcon_core.event_handler.log_command:Invoking command in '/home/nvidia/qcar_ros2_ws/build/control_nodes': PYTHONPATH=/home/nvidia/qcar_ros2_ws/build/control_nodes/prefix_override:/home/nvidia/qcar_ros2_ws/install/control_nodes/lib/python3.6/site-packages:${PYTHONPATH} /usr/bin/python3 setup.py develop --editable --build-directory /home/nvidia/qcar_ros2_ws/build/control_nodes/build --no-deps install_data
[8.274s] Level 1:colcon.colcon_core.shell:create_environment_hook('control_nodes', 'pythonpath_develop')
[8.276s] INFO:colcon.colcon_core.shell:Creating environment hook '/home/nvidia/qcar_ros2_ws/build/control_nodes/share/control_nodes/hook/pythonpath_develop.ps1'
[8.278s] DEBUG:colcon.colcon_core.event_handler.log_command:Invoked command in '/home/nvidia/qcar_ros2_ws/build/control_nodes' returned '0': PYTHONPATH=/home/nvidia/qcar_ros2_ws/build/control_nodes/prefix_override:/home/nvidia/qcar_ros2_ws/install/control_nodes/lib/python3.6/site-packages:${PYTHONPATH} /usr/bin/python3 setup.py develop --editable --build-directory /home/nvidia/qcar_ros2_ws/build/control_nodes/build --no-deps install_data
[8.280s] INFO:colcon.colcon_core.shell:Creating environment descriptor '/home/nvidia/qcar_ros2_ws/build/control_nodes/share/control_nodes/hook/pythonpath_develop.dsv'
[8.281s] INFO:colcon.colcon_core.shell:Creating environment hook '/home/nvidia/qcar_ros2_ws/build/control_nodes/share/control_nodes/hook/pythonpath_develop.sh'
[8.300s] Level 1:colcon.colcon_core.environment:checking '/home/nvidia/qcar_ros2_ws/install/control_nodes' for CMake module files
[8.302s] Level 1:colcon.colcon_core.environment:checking '/home/nvidia/qcar_ros2_ws/install/control_nodes' for CMake config files
[8.312s] Level 1:colcon.colcon_core.environment:checking '/home/nvidia/qcar_ros2_ws/install/control_nodes/lib'
[8.313s] Level 1:colcon.colcon_core.environment:checking '/home/nvidia/qcar_ros2_ws/install/control_nodes/bin'
[8.313s] Level 1:colcon.colcon_core.environment:checking '/home/nvidia/qcar_ros2_ws/install/control_nodes/lib/pkgconfig/control_nodes.pc'
[8.314s] Level 1:colcon.colcon_core.environment:checking '/home/nvidia/qcar_ros2_ws/install/control_nodes/lib/python3.6/site-packages'
[8.314s] Level 1:colcon.colcon_core.shell:create_environment_hook('control_nodes', 'pythonpath')
[8.316s] INFO:colcon.colcon_core.shell:Creating environment hook '/home/nvidia/qcar_ros2_ws/install/control_nodes/share/control_nodes/hook/pythonpath.ps1'
[8.318s] INFO:colcon.colcon_core.shell:Creating environment descriptor '/home/nvidia/qcar_ros2_ws/install/control_nodes/share/control_nodes/hook/pythonpath.dsv'
[8.319s] INFO:colcon.colcon_core.shell:Creating environment hook '/home/nvidia/qcar_ros2_ws/install/control_nodes/share/control_nodes/hook/pythonpath.sh'
[8.320s] Level 1:colcon.colcon_core.environment:checking '/home/nvidia/qcar_ros2_ws/install/control_nodes/bin'
[8.321s] Level 1:colcon.colcon_core.environment:create_environment_scripts_only(control_nodes)
[8.323s] INFO:colcon.colcon_core.shell:Creating package script '/home/nvidia/qcar_ros2_ws/install/control_nodes/share/control_nodes/package.ps1'
[8.328s] INFO:colcon.colcon_core.shell:Creating package descriptor '/home/nvidia/qcar_ros2_ws/install/control_nodes/share/control_nodes/package.dsv'
[8.332s] INFO:colcon.colcon_core.shell:Creating package script '/home/nvidia/qcar_ros2_ws/install/control_nodes/share/control_nodes/package.sh'
[8.336s] INFO:colcon.colcon_core.shell:Creating package script '/home/nvidia/qcar_ros2_ws/install/control_nodes/share/control_nodes/package.bash'
[8.340s] INFO:colcon.colcon_core.shell:Creating package script '/home/nvidia/qcar_ros2_ws/install/control_nodes/share/control_nodes/package.zsh'
[8.343s] Level 1:colcon.colcon_core.environment:create_file_with_runtime_dependencies(/home/nvidia/qcar_ros2_ws/install/control_nodes/share/colcon-core/packages/control_nodes)
[8.346s] DEBUG:colcon.colcon_parallel_executor.executor.parallel:closing loop
[8.347s] DEBUG:colcon.colcon_parallel_executor.executor.parallel:loop closed
[8.347s] DEBUG:colcon.colcon_parallel_executor.executor.parallel:run_until_complete finished with '0'
[8.347s] DEBUG:colcon.colcon_core.event_reactor:joining thread
[8.372s] INFO:colcon.colcon_core.plugin_system:Skipping extension 'colcon_notification.desktop_notification.terminal_notifier': Not used on non-Darwin systems
[8.373s] INFO:colcon.colcon_core.plugin_system:Skipping extension 'colcon_notification.desktop_notification.win32': Not used on non-Windows systems
[8.373s] INFO:colcon.colcon_notification.desktop_notification:Sending desktop notification using 'notify2'
[23.231s] DEBUG:colcon.colcon_core.event_reactor:joined thread
[23.239s] INFO:colcon.colcon_core.shell:Creating prefix script '/home/nvidia/qcar_ros2_ws/install/local_setup.ps1'
[23.252s] INFO:colcon.colcon_core.shell:Creating prefix util module '/home/nvidia/qcar_ros2_ws/install/_local_setup_util_ps1.py'
[23.261s] INFO:colcon.colcon_core.shell:Creating prefix chain script '/home/nvidia/qcar_ros2_ws/install/setup.ps1'
[23.268s] INFO:colcon.colcon_core.shell:Creating prefix script '/home/nvidia/qcar_ros2_ws/install/local_setup.sh'
[23.271s] INFO:colcon.colcon_core.shell:Creating prefix util module '/home/nvidia/qcar_ros2_ws/install/_local_setup_util_sh.py'
[23.273s] INFO:colcon.colcon_core.shell:Creating prefix chain script '/home/nvidia/qcar_ros2_ws/install/setup.sh'
[23.280s] INFO:colcon.colcon_core.shell:Creating prefix script '/home/nvidia/qcar_ros2_ws/install/local_setup.bash'
[23.283s] INFO:colcon.colcon_core.shell:Creating prefix chain script '/home/nvidia/qcar_ros2_ws/install/setup.bash'
[23.288s] INFO:colcon.colcon_core.shell:Creating prefix script '/home/nvidia/qcar_ros2_ws/install/local_setup.zsh'
[23.291s] INFO:colcon.colcon_core.shell:Creating prefix chain script '/home/nvidia/qcar_ros2_ws/install/setup.zsh'
