[0.047s] Invoking command in '/home/nvidia/qcar_ros2_ws/build/control_cpp': CMAKE_PREFIX_PATH=${CMAKE_PREFIX_PATH}:/home/nvidia/qcar_ros2_ws/install/qcar_nodes:/home/nvidia/qcar_ros2_ws/install/control_nodes:/opt/ros/dashing /usr/local/bin/cmake --build /home/nvidia/qcar_ros2_ws/build/control_cpp -- -j4 -l4
[0.150s] [ 50%] [32mBuilding CXX object CMakeFiles/lane_detect_node.dir/src/lane_detect_node.cpp.o[0m
[5.932s] [01m[K/home/nvidia/qcar_ros2_ws/src/control_cpp/src/lane_detect_node.cpp:[m[K In static member function ‘[01m[Kstatic void LaneDetect::onMouseStatic(int, int, int, int, void*)[m[K’:
[5.933s] [01m[K/home/nvidia/qcar_ros2_ws/src/control_cpp/src/lane_detect_node.cpp:37:60:[m[K [01;35m[Kwarning: [m[Kunused parameter ‘[01m[Kflags[m[K’ [[01;35m[K-Wunused-parameter[m[K]
[5.933s]      static void onMouseStatic(int event, int x, int y, int [01;35m[Kflags[m[K, void* userdata) {
[5.934s]                                                             [01;35m[K^~~~~[m[K
[10.198s] [100%] [32m[1mLinking CXX executable lane_detect_node[0m
[10.898s] [100%] Built target lane_detect_node
[10.911s] Invoked command in '/home/nvidia/qcar_ros2_ws/build/control_cpp' returned '0': CMAKE_PREFIX_PATH=${CMAKE_PREFIX_PATH}:/home/nvidia/qcar_ros2_ws/install/qcar_nodes:/home/nvidia/qcar_ros2_ws/install/control_nodes:/opt/ros/dashing /usr/local/bin/cmake --build /home/nvidia/qcar_ros2_ws/build/control_cpp -- -j4 -l4
[11.067s] Invoking command in '/home/nvidia/qcar_ros2_ws/build/control_cpp': CMAKE_PREFIX_PATH=${CMAKE_PREFIX_PATH}:/home/nvidia/qcar_ros2_ws/install/qcar_nodes:/home/nvidia/qcar_ros2_ws/install/control_nodes:/opt/ros/dashing /usr/local/bin/cmake --install /home/nvidia/qcar_ros2_ws/build/control_cpp
[11.099s] -- Install configuration: ""
[11.100s] -- Installing: /home/nvidia/qcar_ros2_ws/install/control_cpp/lib/control_cpp/lane_detect_node
[11.103s] -- Set runtime path of "/home/nvidia/qcar_ros2_ws/install/control_cpp/lib/control_cpp/lane_detect_node" to ""
[11.104s] -- Up-to-date: /home/nvidia/qcar_ros2_ws/install/control_cpp/share/ament_index/resource_index/package_run_dependencies/control_cpp
[11.104s] -- Up-to-date: /home/nvidia/qcar_ros2_ws/install/control_cpp/share/ament_index/resource_index/parent_prefix_path/control_cpp
[11.105s] -- Up-to-date: /home/nvidia/qcar_ros2_ws/install/control_cpp/share/control_cpp/environment/ament_prefix_path.sh
[11.105s] -- Up-to-date: /home/nvidia/qcar_ros2_ws/install/control_cpp/share/control_cpp/environment/path.sh
[11.106s] -- Up-to-date: /home/nvidia/qcar_ros2_ws/install/control_cpp/share/control_cpp/local_setup.bash
[11.107s] -- Up-to-date: /home/nvidia/qcar_ros2_ws/install/control_cpp/share/control_cpp/local_setup.sh
[11.108s] -- Up-to-date: /home/nvidia/qcar_ros2_ws/install/control_cpp/share/control_cpp/local_setup.zsh
[11.111s] -- Up-to-date: /home/nvidia/qcar_ros2_ws/install/control_cpp/share/ament_index/resource_index/packages/control_cpp
[11.114s] -- Up-to-date: /home/nvidia/qcar_ros2_ws/install/control_cpp/share/control_cpp/cmake/control_cppConfig.cmake
[11.115s] -- Up-to-date: /home/nvidia/qcar_ros2_ws/install/control_cpp/share/control_cpp/cmake/control_cppConfig-version.cmake
[11.116s] -- Up-to-date: /home/nvidia/qcar_ros2_ws/install/control_cpp/share/control_cpp/package.xml
[11.117s] Invoked command in '/home/nvidia/qcar_ros2_ws/build/control_cpp' returned '0': CMAKE_PREFIX_PATH=${CMAKE_PREFIX_PATH}:/home/nvidia/qcar_ros2_ws/install/qcar_nodes:/home/nvidia/qcar_ros2_ws/install/control_nodes:/opt/ros/dashing /usr/local/bin/cmake --install /home/nvidia/qcar_ros2_ws/build/control_cpp
