-- The C compiler identification is GNU 7.5.0
-- The CXX compiler identification is GNU 7.5.0
-- Detecting C compiler ABI info
-- Detecting C compiler ABI info - done
-- Check for working C compiler: /usr/bin/cc - skipped
-- Detecting C compile features
-- Detecting C compile features - done
-- Detecting CXX compiler ABI info
-- Detecting CXX compiler ABI info - done
-- Check for working CXX compiler: /usr/bin/c++ - skipped
-- Detecting CXX compile features
-- Detecting CXX compile features - done
-- Found ament_cmake: 0.7.6 (/opt/ros/dashing/share/ament_cmake/cmake)
-- Found PythonInterp: /usr/bin/python3 (found suitable version "3.6.9", minimum required is "3") 
-- Using PYTHON_EXECUTABLE: /usr/bin/python3
-- Found rclcpp: 0.7.16 (/opt/ros/dashing/share/rclcpp/cmake)
-- Found rosidl_adapter: 0.7.10 (/opt/ros/dashing/share/rosidl_adapter/cmake)
-- Found rmw_implementation_cmake: 0.7.2 (/opt/ros/dashing/share/rmw_implementation_cmake/cmake)
-- Using RMW implementation 'rmw_fastrtps_cpp' as default
-- Looking for pthread.h
-- Looking for pthread.h - found
-- Performing Test CMAKE_HAVE_LIBC_PTHREAD
-- Performing Test CMAKE_HAVE_LIBC_PTHREAD - Failed
-- Looking for pthread_create in pthreads
-- Looking for pthread_create in pthreads - not found
-- Looking for pthread_create in pthread
-- Looking for pthread_create in pthread - found
-- Found Threads: TRUE  
-- Found tf2_ros: 0.11.6 (/opt/ros/dashing/share/tf2_ros/cmake)
-- Found ament_lint_auto: 0.7.12 (/opt/ros/dashing/share/ament_lint_auto/cmake)
-- Added test 'copyright' to check for copyright in CMake / C / C++ / Python code
-- Added test 'cppcheck' to perform static code analysis on C / C++ code
-- Configured cppcheck include dirs: 
-- Added test 'cpplint' to check C / C++ code against the Google style
-- Added test 'lint_cmake' to check CMake code style
-- Added test 'uncrustify' to check C / C++ code style
-- Added test 'xmllint' to check XML markup files
-- Configuring done
-- Generating done
-- Build files have been written to: /home/nvidia/ros2_ws/build/cpp_qcar
[ 50%] [32mBuilding CXX object CMakeFiles/base_to_lidar_tf.dir/src/base_to_lidar_tf.cpp.o[0m
[100%] [32m[1mLinking CXX executable base_to_lidar_tf[0m
[100%] Built target base_to_lidar_tf
-- Install configuration: ""
-- Installing: /home/nvidia/ros2_ws/install/cpp_qcar/lib/cpp_qcar/base_to_lidar_tf
-- Set runtime path of "/home/nvidia/ros2_ws/install/cpp_qcar/lib/cpp_qcar/base_to_lidar_tf" to ""
-- Installing: /home/nvidia/ros2_ws/install/cpp_qcar/share/ament_index/resource_index/package_run_dependencies/cpp_qcar
-- Installing: /home/nvidia/ros2_ws/install/cpp_qcar/share/ament_index/resource_index/parent_prefix_path/cpp_qcar
-- Installing: /home/nvidia/ros2_ws/install/cpp_qcar/share/cpp_qcar/environment/ament_prefix_path.sh
-- Installing: /home/nvidia/ros2_ws/install/cpp_qcar/share/cpp_qcar/environment/path.sh
-- Installing: /home/nvidia/ros2_ws/install/cpp_qcar/share/cpp_qcar/local_setup.bash
-- Installing: /home/nvidia/ros2_ws/install/cpp_qcar/share/cpp_qcar/local_setup.sh
-- Installing: /home/nvidia/ros2_ws/install/cpp_qcar/share/cpp_qcar/local_setup.zsh
-- Installing: /home/nvidia/ros2_ws/install/cpp_qcar/share/ament_index/resource_index/packages/cpp_qcar
-- Installing: /home/nvidia/ros2_ws/install/cpp_qcar/share/cpp_qcar/cmake/cpp_qcarConfig.cmake
-- Installing: /home/nvidia/ros2_ws/install/cpp_qcar/share/cpp_qcar/cmake/cpp_qcarConfig-version.cmake
-- Installing: /home/nvidia/ros2_ws/install/cpp_qcar/share/cpp_qcar/package.xml
