[4.894s] Invoking command in '/home/nvidia/qcar_ros2_ws/build/control_nodes': PYTHONPATH=/home/nvidia/qcar_ros2_ws/build/control_nodes/prefix_override:/home/nvidia/qcar_ros2_ws/install/control_nodes/lib/python3.6/site-packages:${PYTHONPATH} /usr/bin/python3 setup.py develop --editable --build-directory /home/nvidia/qcar_ros2_ws/build/control_nodes/build --no-deps install_data
[6.054s] /home/nvidia/.local/lib/python3.6/site-packages/setuptools/dist.py:726: UserWarning: Usage of dash-separated 'script-dir' will not be supported in future versions. Please use the underscore name 'script_dir' instead
[6.055s]   % (opt, underscore_opt)
[6.255s] running develop
[6.256s] /home/nvidia/.local/lib/python3.6/site-packages/setuptools/command/easy_install.py:159: EasyInstallDeprecationWarning: easy_install command is deprecated. Use build and pip and other standards-based tools.
[6.257s]   EasyInstallDeprecationWarning,
[6.261s] /home/nvidia/.local/lib/python3.6/site-packages/setuptools/command/install.py:37: SetuptoolsDeprecationWarning: setup.py install is deprecated. Use build and pip and other standards-based tools.
[6.262s]   setuptools.SetuptoolsDeprecationWarning,
[6.504s] /home/nvidia/.local/lib/python3.6/site-packages/pkg_resources/__init__.py:119: PkgResourcesDeprecationWarning: 0.18ubuntu0.18.04.1 is an invalid version and will not be supported in a future release
[6.505s]   PkgResourcesDeprecationWarning,
[6.946s] running egg_info
[6.947s] writing control_nodes.egg-info/PKG-INFO
[6.948s] writing dependency_links to control_nodes.egg-info/dependency_links.txt
[6.948s] writing entry points to control_nodes.egg-info/entry_points.txt
[6.949s] writing requirements to control_nodes.egg-info/requires.txt
[6.949s] writing top-level names to control_nodes.egg-info/top_level.txt
[6.960s] reading manifest file 'control_nodes.egg-info/SOURCES.txt'
[6.965s] writing manifest file 'control_nodes.egg-info/SOURCES.txt'
[7.169s] running build_ext
[7.170s] Creating /home/nvidia/qcar_ros2_ws/install/control_nodes/lib/python3.6/site-packages/control-nodes.egg-link (link to .)
[7.173s] Installing qcar_ekf script to /home/nvidia/qcar_ros2_ws/install/control_nodes/lib/control_nodes
[7.174s] Installing wall_follow script to /home/nvidia/qcar_ros2_ws/install/control_nodes/lib/control_nodes
[7.175s] 
[7.176s] Installed /home/nvidia/qcar_ros2_ws/build/control_nodes
[7.176s] running install_data
[7.177s] copying launch/qcar.launch.py -> /home/nvidia/qcar_ros2_ws/install/control_nodes/share/control_nodes/launch
[7.319s] Invoked command in '/home/nvidia/qcar_ros2_ws/build/control_nodes' returned '0': PYTHONPATH=/home/nvidia/qcar_ros2_ws/build/control_nodes/prefix_override:/home/nvidia/qcar_ros2_ws/install/control_nodes/lib/python3.6/site-packages:${PYTHONPATH} /usr/bin/python3 setup.py develop --editable --build-directory /home/nvidia/qcar_ros2_ws/build/control_nodes/build --no-deps install_data
