[0.050s] Invoking command in '/home/nvidia/ros2_ws/build/cpp_qcar': CMAKE_PREFIX_PATH=${CMAKE_PREFIX_PATH}:/home/nvidia/ros2_ws/install/qcar_nodes:/home/nvidia/ros2_ws/install/control_nodes:/opt/ros/dashing /usr/local/bin/cmake --build /home/nvidia/ros2_ws/build/cpp_qcar -- -j4 -l4
[0.099s] -- Found ament_cmake: 0.7.6 (/opt/ros/dashing/share/ament_cmake/cmake)
[0.201s] -- Using PYTHON_EXECUTABLE: /usr/bin/python3
[1.249s] -- Found rclcpp: 0.7.16 (/opt/ros/dashing/share/rclcpp/cmake)
[1.280s] -- Found rosidl_adapter: 0.7.10 (/opt/ros/dashing/share/rosidl_adapter/cmake)
[1.359s] -- Found rmw_implementation_cmake: 0.7.2 (/opt/ros/dashing/share/rmw_implementation_cmake/cmake)
[1.362s] -- Using RMW implementation 'rmw_fastrtps_cpp' as default
[1.422s] -- Found tf2: 0.11.6 (/opt/ros/dashing/share/tf2/cmake)
[1.431s] -- Found tf2_ros: 0.11.6 (/opt/ros/dashing/share/tf2_ros/cmake)
[1.569s] -- Found sensor_msgs: 0.7.1 (/opt/ros/dashing/share/sensor_msgs/cmake)
[1.595s] -- Found nav_msgs: 0.7.1 (/opt/ros/dashing/share/nav_msgs/cmake)
[1.869s] -- Found ament_lint_auto: 0.7.12 (/opt/ros/dashing/share/ament_lint_auto/cmake)
[2.121s] -- Added test 'copyright' to check for copyright in CMake / C / C++ / Python code
[2.123s] -- Added test 'cppcheck' to perform static code analysis on C / C++ code
[2.124s] -- Configured cppcheck include dirs: 
[2.126s] -- Added test 'cpplint' to check C / C++ code against the Google style
[2.127s] -- Added test 'lint_cmake' to check CMake code style
[2.130s] -- Added test 'uncrustify' to check C / C++ code style
[2.130s] -- Added test 'xmllint' to check XML markup files
[2.133s] -- Configuring done
[2.141s] [31mCMake Error at CMakeLists.txt:63 (add_executable):
[2.142s]   Cannot find source file:
[2.142s] 
[2.142s]     src/imu_dead_reckoning_node.cpp
[2.143s] 
[2.144s]   Tried extensions .c .C .c++ .cc .cpp .cxx .cu .mpp .m .M .mm .ixx .cppm .h
[2.145s]   .hh .h++ .hm .hpp .hxx .in .txx .f .F .for .f77 .f90 .f95 .f03 .hip .ispc
[2.145s] 
[2.145s] [0m
[2.146s] [31mCMake Error at CMakeLists.txt:63 (add_executable):
[2.146s]   No SOURCES given to target: imu_dr_node
[2.147s] 
[2.147s] [0m
[2.148s] [0mCMake Generate step failed.  Build files cannot be regenerated correctly.[0m
[2.151s] Makefile:253: recipe for target 'cmake_check_build_system' failed
[2.152s] make: *** [cmake_check_build_system] Error 1
[2.155s] Invoked command in '/home/nvidia/ros2_ws/build/cpp_qcar' returned '2': CMAKE_PREFIX_PATH=${CMAKE_PREFIX_PATH}:/home/nvidia/ros2_ws/install/qcar_nodes:/home/nvidia/ros2_ws/install/control_nodes:/opt/ros/dashing /usr/local/bin/cmake --build /home/nvidia/ros2_ws/build/cpp_qcar -- -j4 -l4
