Performing C SOURCE FILE Test CMAKE_HAVE_LIBC_PTHREAD failed with the following output:
Change Dir: /home/nvidia/ros2_ws/build/slam_toolbox/CMakeFiles/CMakeTmp

Run Build Command(s):/usr/bin/make -f Makefile cmTC_487e3/fast && /usr/bin/make  -f CMakeFiles/cmTC_487e3.dir/build.make CMakeFiles/cmTC_487e3.dir/build
make[1]: Entering directory '/home/nvidia/ros2_ws/build/slam_toolbox/CMakeFiles/CMakeTmp'
Building C object CMakeFiles/cmTC_487e3.dir/src.c.o
/usr/bin/cc -DCMAKE_HAVE_LIBC_PTHREAD   -o CMakeFiles/cmTC_487e3.dir/src.c.o -c /home/nvidia/ros2_ws/build/slam_toolbox/CMakeFiles/CMakeTmp/src.c
Linking C executable cmTC_487e3
/usr/local/bin/cmake -E cmake_link_script CMakeFiles/cmTC_487e3.dir/link.txt --verbose=1
/usr/bin/cc CMakeFiles/cmTC_487e3.dir/src.c.o -o cmTC_487e3 
CMakeFiles/cmTC_487e3.dir/src.c.o: In function `main':
src.c:(.text+0x48): undefined reference to `pthread_create'
src.c:(.text+0x50): undefined reference to `pthread_detach'
src.c:(.text+0x58): undefined reference to `pthread_cancel'
src.c:(.text+0x64): undefined reference to `pthread_join'
src.c:(.text+0x74): undefined reference to `pthread_atfork'
collect2: error: ld returned 1 exit status
CMakeFiles/cmTC_487e3.dir/build.make:98: recipe for target 'cmTC_487e3' failed
make[1]: *** [cmTC_487e3] Error 1
make[1]: Leaving directory '/home/nvidia/ros2_ws/build/slam_toolbox/CMakeFiles/CMakeTmp'
Makefile:127: recipe for target 'cmTC_487e3/fast' failed
make: *** [cmTC_487e3/fast] Error 2


Source file was:
#include <pthread.h>

static void* test_func(void* data)
{
  return data;
}

int main(void)
{
  pthread_t thread;
  pthread_create(&thread, NULL, test_func, NULL);
  pthread_detach(thread);
  pthread_cancel(thread);
  pthread_join(thread, NULL);
  pthread_atfork(NULL, NULL, NULL);
  pthread_exit(NULL);

  return 0;
}

Determining if the function pthread_create exists in the pthreads failed with the following output:
Change Dir: /home/nvidia/ros2_ws/build/slam_toolbox/CMakeFiles/CMakeTmp

Run Build Command(s):/usr/bin/make -f Makefile cmTC_2e126/fast && /usr/bin/make  -f CMakeFiles/cmTC_2e126.dir/build.make CMakeFiles/cmTC_2e126.dir/build
make[1]: Entering directory '/home/nvidia/ros2_ws/build/slam_toolbox/CMakeFiles/CMakeTmp'
Building C object CMakeFiles/cmTC_2e126.dir/CheckFunctionExists.c.o
/usr/bin/cc   -DCHECK_FUNCTION_EXISTS=pthread_create -o CMakeFiles/cmTC_2e126.dir/CheckFunctionExists.c.o -c /usr/local/share/cmake-3.22/Modules/CheckFunctionExists.c
Linking C executable cmTC_2e126
/usr/local/bin/cmake -E cmake_link_script CMakeFiles/cmTC_2e126.dir/link.txt --verbose=1
/usr/bin/cc  -DCHECK_FUNCTION_EXISTS=pthread_create CMakeFiles/cmTC_2e126.dir/CheckFunctionExists.c.o -o cmTC_2e126  -lpthreads 
/usr/bin/ld: cannot find -lpthreads
collect2: error: ld returned 1 exit status
CMakeFiles/cmTC_2e126.dir/build.make:98: recipe for target 'cmTC_2e126' failed
make[1]: *** [cmTC_2e126] Error 1
make[1]: Leaving directory '/home/nvidia/ros2_ws/build/slam_toolbox/CMakeFiles/CMakeTmp'
Makefile:127: recipe for target 'cmTC_2e126/fast' failed
make: *** [cmTC_2e126/fast] Error 2



Determining if the function sgemm_ exists failed with the following output:
Change Dir: /home/nvidia/ros2_ws/build/slam_toolbox/CMakeFiles/CMakeTmp

Run Build Command(s):/usr/bin/make -f Makefile cmTC_87b03/fast && /usr/bin/make  -f CMakeFiles/cmTC_87b03.dir/build.make CMakeFiles/cmTC_87b03.dir/build
make[1]: Entering directory '/home/nvidia/ros2_ws/build/slam_toolbox/CMakeFiles/CMakeTmp'
Building C object CMakeFiles/cmTC_87b03.dir/CheckFunctionExists.c.o
/usr/bin/cc   -DCHECK_FUNCTION_EXISTS=sgemm_ -o CMakeFiles/cmTC_87b03.dir/CheckFunctionExists.c.o -c /usr/local/share/cmake-3.22/Modules/CheckFunctionExists.c
Linking C executable cmTC_87b03
/usr/local/bin/cmake -E cmake_link_script CMakeFiles/cmTC_87b03.dir/link.txt --verbose=1
/usr/bin/cc  -DCHECK_FUNCTION_EXISTS=sgemm_ CMakeFiles/cmTC_87b03.dir/CheckFunctionExists.c.o -o cmTC_87b03 
CMakeFiles/cmTC_87b03.dir/CheckFunctionExists.c.o: In function `main':
CheckFunctionExists.c:(.text+0x10): undefined reference to `sgemm_'
collect2: error: ld returned 1 exit status
CMakeFiles/cmTC_87b03.dir/build.make:98: recipe for target 'cmTC_87b03' failed
make[1]: *** [cmTC_87b03] Error 1
make[1]: Leaving directory '/home/nvidia/ros2_ws/build/slam_toolbox/CMakeFiles/CMakeTmp'
Makefile:127: recipe for target 'cmTC_87b03/fast' failed
make: *** [cmTC_87b03/fast] Error 2



Determining if the function cheev_ exists failed with the following output:
Change Dir: /home/nvidia/ros2_ws/build/slam_toolbox/CMakeFiles/CMakeTmp

Run Build Command(s):/usr/bin/make -f Makefile cmTC_93e3c/fast && /usr/bin/make  -f CMakeFiles/cmTC_93e3c.dir/build.make CMakeFiles/cmTC_93e3c.dir/build
make[1]: Entering directory '/home/nvidia/ros2_ws/build/slam_toolbox/CMakeFiles/CMakeTmp'
Building C object CMakeFiles/cmTC_93e3c.dir/CheckFunctionExists.c.o
/usr/bin/cc   -DCHECK_FUNCTION_EXISTS=cheev_ -o CMakeFiles/cmTC_93e3c.dir/CheckFunctionExists.c.o -c /usr/local/share/cmake-3.22/Modules/CheckFunctionExists.c
Linking C executable cmTC_93e3c
/usr/local/bin/cmake -E cmake_link_script CMakeFiles/cmTC_93e3c.dir/link.txt --verbose=1
/usr/bin/cc  -DCHECK_FUNCTION_EXISTS=cheev_ CMakeFiles/cmTC_93e3c.dir/CheckFunctionExists.c.o -o cmTC_93e3c  /usr/lib/aarch64-linux-gnu/libblas.so /usr/lib/aarch64-linux-gnu/libf77blas.so /usr/lib/aarch64-linux-gnu/libatlas.so -lpthread -lm -ldl 
CMakeFiles/cmTC_93e3c.dir/CheckFunctionExists.c.o: In function `main':
CheckFunctionExists.c:(.text+0x10): undefined reference to `cheev_'
collect2: error: ld returned 1 exit status
CMakeFiles/cmTC_93e3c.dir/build.make:101: recipe for target 'cmTC_93e3c' failed
make[1]: *** [cmTC_93e3c] Error 1
make[1]: Leaving directory '/home/nvidia/ros2_ws/build/slam_toolbox/CMakeFiles/CMakeTmp'
Makefile:127: recipe for target 'cmTC_93e3c/fast' failed
make: *** [cmTC_93e3c/fast] Error 2



Determining if the function cheev_ exists failed with the following output:
Change Dir: /home/nvidia/ros2_ws/build/slam_toolbox/CMakeFiles/CMakeTmp

Run Build Command(s):/usr/bin/make -f Makefile cmTC_58d75/fast && /usr/bin/make  -f CMakeFiles/cmTC_58d75.dir/build.make CMakeFiles/cmTC_58d75.dir/build
make[1]: Entering directory '/home/nvidia/ros2_ws/build/slam_toolbox/CMakeFiles/CMakeTmp'
Building C object CMakeFiles/cmTC_58d75.dir/CheckFunctionExists.c.o
/usr/bin/cc   -DCHECK_FUNCTION_EXISTS=cheev_ -o CMakeFiles/cmTC_58d75.dir/CheckFunctionExists.c.o -c /usr/local/share/cmake-3.22/Modules/CheckFunctionExists.c
Linking C executable cmTC_58d75
/usr/local/bin/cmake -E cmake_link_script CMakeFiles/cmTC_58d75.dir/link.txt --verbose=1
/usr/bin/cc  -DCHECK_FUNCTION_EXISTS=cheev_ CMakeFiles/cmTC_58d75.dir/CheckFunctionExists.c.o -o cmTC_58d75  /usr/lib/aarch64-linux-gnu/liblapack.so /usr/lib/aarch64-linux-gnu/libblas.so /usr/lib/aarch64-linux-gnu/libf77blas.so /usr/lib/aarch64-linux-gnu/libatlas.so -fortranlibs 
cc: error: unrecognized command line option ‘-fortranlibs’; did you mean ‘-fltrans’?
CMakeFiles/cmTC_58d75.dir/build.make:102: recipe for target 'cmTC_58d75' failed
make[1]: *** [cmTC_58d75] Error 1
make[1]: Leaving directory '/home/nvidia/ros2_ws/build/slam_toolbox/CMakeFiles/CMakeTmp'
Makefile:127: recipe for target 'cmTC_58d75/fast' failed
make: *** [cmTC_58d75/fast] Error 2



