/home/nvidia/.local/lib/python3.6/site-packages/setuptools/dist.py:726: UserWarning: Usage of dash-separated 'script-dir' will not be supported in future versions. Please use the underscore name 'script_dir' instead
  % (opt, underscore_opt)
running egg_info
creating ../../build/control_nodes/control_nodes.egg-info
writing ../../build/control_nodes/control_nodes.egg-info/PKG-INFO
writing dependency_links to ../../build/control_nodes/control_nodes.egg-info/dependency_links.txt
writing entry points to ../../build/control_nodes/control_nodes.egg-info/entry_points.txt
writing requirements to ../../build/control_nodes/control_nodes.egg-info/requires.txt
writing top-level names to ../../build/control_nodes/control_nodes.egg-info/top_level.txt
writing manifest file '../../build/control_nodes/control_nodes.egg-info/SOURCES.txt'
reading manifest file '../../build/control_nodes/control_nodes.egg-info/SOURCES.txt'
writing manifest file '../../build/control_nodes/control_nodes.egg-info/SOURCES.txt'
running build
running build_py
creating /home/nvidia/ros2_ws/build/control_nodes/build
creating /home/nvidia/ros2_ws/build/control_nodes/build/lib
creating /home/nvidia/ros2_ws/build/control_nodes/build/lib/control_nodes
copying control_nodes/qcar_ekf.py -> /home/nvidia/ros2_ws/build/control_nodes/build/lib/control_nodes
copying control_nodes/__init__.py -> /home/nvidia/ros2_ws/build/control_nodes/build/lib/control_nodes
running install
/home/nvidia/.local/lib/python3.6/site-packages/setuptools/command/install.py:37: SetuptoolsDeprecationWarning: setup.py install is deprecated. Use build and pip and other standards-based tools.
  setuptools.SetuptoolsDeprecationWarning,
running install_lib
creating /home/nvidia/ros2_ws/install/control_nodes/lib/python3.6/site-packages/control_nodes
copying /home/nvidia/ros2_ws/build/control_nodes/build/lib/control_nodes/qcar_ekf.py -> /home/nvidia/ros2_ws/install/control_nodes/lib/python3.6/site-packages/control_nodes
copying /home/nvidia/ros2_ws/build/control_nodes/build/lib/control_nodes/__init__.py -> /home/nvidia/ros2_ws/install/control_nodes/lib/python3.6/site-packages/control_nodes
byte-compiling /home/nvidia/ros2_ws/install/control_nodes/lib/python3.6/site-packages/control_nodes/qcar_ekf.py to qcar_ekf.cpython-36.pyc
byte-compiling /home/nvidia/ros2_ws/install/control_nodes/lib/python3.6/site-packages/control_nodes/__init__.py to __init__.cpython-36.pyc
running install_data
creating /home/nvidia/ros2_ws/install/control_nodes/share/ament_index
creating /home/nvidia/ros2_ws/install/control_nodes/share/ament_index/resource_index
creating /home/nvidia/ros2_ws/install/control_nodes/share/ament_index/resource_index/packages
copying resource/control_nodes -> /home/nvidia/ros2_ws/install/control_nodes/share/ament_index/resource_index/packages
copying package.xml -> /home/nvidia/ros2_ws/install/control_nodes/share/control_nodes
creating /home/nvidia/ros2_ws/install/control_nodes/share/control_nodes/launch
copying launch/qcar.launch.py -> /home/nvidia/ros2_ws/install/control_nodes/share/control_nodes/launch
running install_egg_info
Copying ../../build/control_nodes/control_nodes.egg-info to /home/nvidia/ros2_ws/install/control_nodes/lib/python3.6/site-packages/control_nodes-0.0.0-py3.6.egg-info
running install_scripts
Installing qcar_ekf script to /home/nvidia/ros2_ws/install/control_nodes/lib/control_nodes
writing list of installed files to '/home/nvidia/ros2_ws/build/control_nodes/install.log'
