[0.049s] Invoking command in '/home/nvidia/ros2_ws/build/cpp_qcar': CMAKE_PREFIX_PATH=${CMAKE_PREFIX_PATH}:/home/nvidia/ros2_ws/install/qcar_nodes:/home/nvidia/ros2_ws/install/control_nodes:/opt/ros/dashing /usr/local/bin/cmake --build /home/nvidia/ros2_ws/build/cpp_qcar -- -j4 -l4
[0.104s] -- Found ament_cmake: 0.7.6 (/opt/ros/dashing/share/ament_cmake/cmake)
[0.203s] -- Using PYTHON_EXECUTABLE: /usr/bin/python3
[1.226s] -- Found rclcpp: 0.7.16 (/opt/ros/dashing/share/rclcpp/cmake)
[1.258s] -- Found rosidl_adapter: 0.7.10 (/opt/ros/dashing/share/rosidl_adapter/cmake)
[1.339s] -- Found rmw_implementation_cmake: 0.7.2 (/opt/ros/dashing/share/rmw_implementation_cmake/cmake)
[1.343s] -- Using RMW implementation 'rmw_fastrtps_cpp' as default
[1.402s] -- Found tf2: 0.11.6 (/opt/ros/dashing/share/tf2/cmake)
[1.409s] -- Found tf2_ros: 0.11.6 (/opt/ros/dashing/share/tf2_ros/cmake)
[1.554s] -- Found sensor_msgs: 0.7.1 (/opt/ros/dashing/share/sensor_msgs/cmake)
[1.581s] -- Found nav_msgs: 0.7.1 (/opt/ros/dashing/share/nav_msgs/cmake)
[1.849s] [31mCMake Error at CMakeLists.txt:87 (install):
[1.849s]   install TARGETS given target "qcar_dead_reckoning_node" which does not
[1.849s]   exist.
[1.850s] 
[1.850s] [0m
[1.850s] -- Found ament_lint_auto: 0.7.12 (/opt/ros/dashing/share/ament_lint_auto/cmake)
[2.106s] -- Added test 'copyright' to check for copyright in CMake / C / C++ / Python code
[2.108s] -- Added test 'cppcheck' to perform static code analysis on C / C++ code
[2.109s] -- Configured cppcheck include dirs: 
[2.111s] -- Added test 'cpplint' to check C / C++ code against the Google style
[2.112s] -- Added test 'lint_cmake' to check CMake code style
[2.114s] -- Added test 'uncrustify' to check C / C++ code style
[2.115s] -- Added test 'xmllint' to check XML markup files
[2.118s] -- Configuring incomplete, errors occurred!
[2.118s] See also "/home/nvidia/ros2_ws/build/cpp_qcar/CMakeFiles/CMakeOutput.log".
[2.118s] See also "/home/nvidia/ros2_ws/build/cpp_qcar/CMakeFiles/CMakeError.log".
[2.126s] Makefile:253: recipe for target 'cmake_check_build_system' failed
[2.126s] make: *** [cmake_check_build_system] Error 1
[2.130s] Invoked command in '/home/nvidia/ros2_ws/build/cpp_qcar' returned '2': CMAKE_PREFIX_PATH=${CMAKE_PREFIX_PATH}:/home/nvidia/ros2_ws/install/qcar_nodes:/home/nvidia/ros2_ws/install/control_nodes:/opt/ros/dashing /usr/local/bin/cmake --build /home/nvidia/ros2_ws/build/cpp_qcar -- -j4 -l4
