/home/nvidia/qcar_ros2_ws/install/qcar_nodes/lib/python3.6/site-packages/qcar_nodes/lidar_test.py
/home/nvidia/qcar_ros2_ws/install/qcar_nodes/lib/python3.6/site-packages/qcar_nodes/commandnode.py
/home/nvidia/qcar_ros2_ws/install/qcar_nodes/lib/python3.6/site-packages/qcar_nodes/lidarnode.py
/home/nvidia/qcar_ros2_ws/install/qcar_nodes/lib/python3.6/site-packages/qcar_nodes/__init__.py
/home/nvidia/qcar_ros2_ws/install/qcar_nodes/lib/python3.6/site-packages/qcar_nodes/qcarnode.py
/home/nvidia/qcar_ros2_ws/install/qcar_nodes/lib/python3.6/site-packages/qcar_nodes/Imageviewer.py
/home/nvidia/qcar_ros2_ws/install/qcar_nodes/lib/python3.6/site-packages/qcar_nodes/rgbdnode.py
/home/nvidia/qcar_ros2_ws/install/qcar_nodes/lib/python3.6/site-packages/qcar_nodes/ImageRecorder.py
/home/nvidia/qcar_ros2_ws/install/qcar_nodes/lib/python3.6/site-packages/qcar_nodes/csinode.py
/home/nvidia/qcar_ros2_ws/install/qcar_nodes/lib/python3.6/site-packages/qcar_nodes/__pycache__/lidar_test.cpython-36.pyc
/home/nvidia/qcar_ros2_ws/install/qcar_nodes/lib/python3.6/site-packages/qcar_nodes/__pycache__/commandnode.cpython-36.pyc
/home/nvidia/qcar_ros2_ws/install/qcar_nodes/lib/python3.6/site-packages/qcar_nodes/__pycache__/lidarnode.cpython-36.pyc
/home/nvidia/qcar_ros2_ws/install/qcar_nodes/lib/python3.6/site-packages/qcar_nodes/__pycache__/__init__.cpython-36.pyc
/home/nvidia/qcar_ros2_ws/install/qcar_nodes/lib/python3.6/site-packages/qcar_nodes/__pycache__/qcarnode.cpython-36.pyc
/home/nvidia/qcar_ros2_ws/install/qcar_nodes/lib/python3.6/site-packages/qcar_nodes/__pycache__/Imageviewer.cpython-36.pyc
/home/nvidia/qcar_ros2_ws/install/qcar_nodes/lib/python3.6/site-packages/qcar_nodes/__pycache__/rgbdnode.cpython-36.pyc
/home/nvidia/qcar_ros2_ws/install/qcar_nodes/lib/python3.6/site-packages/qcar_nodes/__pycache__/ImageRecorder.cpython-36.pyc
/home/nvidia/qcar_ros2_ws/install/qcar_nodes/lib/python3.6/site-packages/qcar_nodes/__pycache__/csinode.cpython-36.pyc
/home/nvidia/qcar_ros2_ws/install/qcar_nodes/share/ament_index/resource_index/packages/qcar_nodes
/home/nvidia/qcar_ros2_ws/install/qcar_nodes/share/qcar_nodes/package.xml
/home/nvidia/qcar_ros2_ws/install/qcar_nodes/lib/python3.6/site-packages/qcar_nodes-0.0.0-py3.6.egg-info/top_level.txt
/home/nvidia/qcar_ros2_ws/install/qcar_nodes/lib/python3.6/site-packages/qcar_nodes-0.0.0-py3.6.egg-info/entry_points.txt
/home/nvidia/qcar_ros2_ws/install/qcar_nodes/lib/python3.6/site-packages/qcar_nodes-0.0.0-py3.6.egg-info/zip-safe
/home/nvidia/qcar_ros2_ws/install/qcar_nodes/lib/python3.6/site-packages/qcar_nodes-0.0.0-py3.6.egg-info/requires.txt
/home/nvidia/qcar_ros2_ws/install/qcar_nodes/lib/python3.6/site-packages/qcar_nodes-0.0.0-py3.6.egg-info/PKG-INFO
/home/nvidia/qcar_ros2_ws/install/qcar_nodes/lib/python3.6/site-packages/qcar_nodes-0.0.0-py3.6.egg-info/SOURCES.txt
/home/nvidia/qcar_ros2_ws/install/qcar_nodes/lib/python3.6/site-packages/qcar_nodes-0.0.0-py3.6.egg-info/dependency_links.txt
/home/nvidia/qcar_ros2_ws/install/qcar_nodes/lib/qcar_nodes/command_node
/home/nvidia/qcar_ros2_ws/install/qcar_nodes/lib/qcar_nodes/csi_node
/home/nvidia/qcar_ros2_ws/install/qcar_nodes/lib/qcar_nodes/image_recorder
/home/nvidia/qcar_ros2_ws/install/qcar_nodes/lib/qcar_nodes/img_node
/home/nvidia/qcar_ros2_ws/install/qcar_nodes/lib/qcar_nodes/lidar_node
/home/nvidia/qcar_ros2_ws/install/qcar_nodes/lib/qcar_nodes/qcar_node
/home/nvidia/qcar_ros2_ws/install/qcar_nodes/lib/qcar_nodes/rgbd_node
/home/nvidia/qcar_ros2_ws/install/qcar_nodes/lib/qcar_nodes/test_node
