-- The C compiler identification is GNU 7.5.0
-- The CXX compiler identification is GNU 7.5.0
-- Detecting C compiler ABI info
-- Detecting C compiler ABI info - done
-- Check for working C compiler: /usr/bin/cc - skipped
-- Detecting C compile features
-- Detecting C compile features - done
-- Detecting CXX compiler ABI info
-- Detecting CXX compiler ABI info - done
-- Check for working CXX compiler: /usr/bin/c++ - skipped
-- Detecting CXX compile features
-- Detecting CXX compile features - done
-- Found ament_cmake: 0.7.6 (/opt/ros/dashing/share/ament_cmake/cmake)
-- Found PythonInterp: /usr/bin/python3 (found suitable version "3.6.9", minimum required is "3") 
-- Using PYTHON_EXECUTABLE: /usr/bin/python3
-- Found rclcpp: 0.7.16 (/opt/ros/dashing/share/rclcpp/cmake)
-- Found rosidl_adapter: 0.7.10 (/opt/ros/dashing/share/rosidl_adapter/cmake)
-- Found rmw_implementation_cmake: 0.7.2 (/opt/ros/dashing/share/rmw_implementation_cmake/cmake)
-- Using RMW implementation 'rmw_fastrtps_cpp' as default
-- Looking for pthread.h
-- Looking for pthread.h - found
-- Performing Test CMAKE_HAVE_LIBC_PTHREAD
-- Performing Test CMAKE_HAVE_LIBC_PTHREAD - Failed
-- Looking for pthread_create in pthreads
-- Looking for pthread_create in pthreads - not found
-- Looking for pthread_create in pthread
-- Looking for pthread_create in pthread - found
-- Found Threads: TRUE  
-- Found sensor_msgs: 0.7.1 (/opt/ros/dashing/share/sensor_msgs/cmake)
-- Found cv_bridge: 2.1.4 (/opt/ros/dashing/share/cv_bridge/cmake)
-- Found OpenCV: /usr/local (found version "3.2.0") 
-- Configuring done
-- Generating done
-- Build files have been written to: /home/nvidia/qcar_ros2_ws/build/control_cpp
[ 50%] [32mBuilding CXX object CMakeFiles/lane_detect_node.dir/src/lane_detect_node.cpp.o[0m
[01m[K/home/nvidia/qcar_ros2_ws/src/control_cpp/src/lane_detect_node.cpp:[m[K In static member function ‘[01m[Kstatic void LaneDetect::onMouseStatic(int, int, int, int, void*)[m[K’:
[01m[K/home/nvidia/qcar_ros2_ws/src/control_cpp/src/lane_detect_node.cpp:37:60:[m[K [01;35m[Kwarning: [m[Kunused parameter ‘[01m[Kflags[m[K’ [[01;35m[K-Wunused-parameter[m[K]
     static void onMouseStatic(int event, int x, int y, int [01;35m[Kflags[m[K, void* userdata) {
                                                            [01;35m[K^~~~~[m[K
[100%] [32m[1mLinking CXX executable lane_detect_node[0m
[100%] Built target lane_detect_node
-- Install configuration: ""
-- Installing: /home/nvidia/qcar_ros2_ws/install/control_cpp/lib/control_cpp/lane_detect_node
-- Set runtime path of "/home/nvidia/qcar_ros2_ws/install/control_cpp/lib/control_cpp/lane_detect_node" to ""
-- Installing: /home/nvidia/qcar_ros2_ws/install/control_cpp/share/ament_index/resource_index/package_run_dependencies/control_cpp
-- Installing: /home/nvidia/qcar_ros2_ws/install/control_cpp/share/ament_index/resource_index/parent_prefix_path/control_cpp
-- Installing: /home/nvidia/qcar_ros2_ws/install/control_cpp/share/control_cpp/environment/ament_prefix_path.sh
-- Installing: /home/nvidia/qcar_ros2_ws/install/control_cpp/share/control_cpp/environment/path.sh
-- Installing: /home/nvidia/qcar_ros2_ws/install/control_cpp/share/control_cpp/local_setup.bash
-- Installing: /home/nvidia/qcar_ros2_ws/install/control_cpp/share/control_cpp/local_setup.sh
-- Installing: /home/nvidia/qcar_ros2_ws/install/control_cpp/share/control_cpp/local_setup.zsh
-- Installing: /home/nvidia/qcar_ros2_ws/install/control_cpp/share/ament_index/resource_index/packages/control_cpp
-- Installing: /home/nvidia/qcar_ros2_ws/install/control_cpp/share/control_cpp/cmake/control_cppConfig.cmake
-- Installing: /home/nvidia/qcar_ros2_ws/install/control_cpp/share/control_cpp/cmake/control_cppConfig-version.cmake
-- Installing: /home/nvidia/qcar_ros2_ws/install/control_cpp/share/control_cpp/package.xml
