[0.044s] Invoking command in '/home/nvidia/ros2_ws/build/slam_toolbox': CMAKE_PREFIX_PATH=/opt/ros/dashing /usr/local/bin/cmake /home/nvidia/ros2_ws/src/slam_toolbox -DCMAKE_INSTALL_PREFIX=/home/nvidia/ros2_ws/install/slam_toolbox
[0.205s] -- The C compiler identification is GNU 7.5.0
[0.355s] -- The CXX compiler identification is GNU 7.5.0
[0.373s] -- Detecting C compiler ABI info
[0.530s] -- Detecting C compiler ABI info - done
[0.556s] -- Check for working C compiler: /usr/bin/cc - skipped
[0.557s] -- Detecting C compile features
[0.558s] -- Detecting C compile features - done
[0.567s] -- Detecting CXX compiler ABI info
[0.747s] -- Detecting CXX compiler ABI info - done
[0.774s] -- Check for working CXX compiler: /usr/bin/c++ - skipped
[0.775s] -- Detecting CXX compile features
[0.776s] -- Detecting CXX compile features - done
[0.784s] -- Found ament_cmake: 0.7.6 (/opt/ros/dashing/share/ament_cmake/cmake)
[0.892s] -- Found PythonInterp: /usr/bin/python3 (found suitable version "3.6.9", minimum required is "3") 
[0.893s] -- Using PYTHON_EXECUTABLE: /usr/bin/python3
[1.968s] -- Found message_filters: 3.1.3 (/opt/ros/dashing/share/message_filters/cmake)
[1.978s] -- Found nav_msgs: 0.7.1 (/opt/ros/dashing/share/nav_msgs/cmake)
[2.023s] -- Found rosidl_adapter: 0.7.10 (/opt/ros/dashing/share/rosidl_adapter/cmake)
[2.188s] -- Found rclcpp: 0.7.16 (/opt/ros/dashing/share/rclcpp/cmake)
[2.232s] -- Found rmw_implementation_cmake: 0.7.2 (/opt/ros/dashing/share/rmw_implementation_cmake/cmake)
[2.236s] -- Using RMW implementation 'rmw_fastrtps_cpp' as default
[2.239s] -- Looking for pthread.h
[2.409s] -- Looking for pthread.h - found
[2.410s] -- Performing Test CMAKE_HAVE_LIBC_PTHREAD
[2.580s] -- Performing Test CMAKE_HAVE_LIBC_PTHREAD - Failed
[2.581s] -- Looking for pthread_create in pthreads
[2.727s] -- Looking for pthread_create in pthreads - not found
[2.728s] -- Looking for pthread_create in pthread
[2.890s] -- Looking for pthread_create in pthread - found
[2.893s] -- Found Threads: TRUE  
[2.983s] -- Found sensor_msgs: 0.7.1 (/opt/ros/dashing/share/sensor_msgs/cmake)
[3.014s] -- Found tf2: 0.11.6 (/opt/ros/dashing/share/tf2/cmake)
[3.029s] -- Found tf2_ros: 0.11.6 (/opt/ros/dashing/share/tf2_ros/cmake)
[3.165s] -- Found visualization_msgs: 0.7.1 (/opt/ros/dashing/share/visualization_msgs/cmake)
[3.195s] -- Found pluginlib: 2.3.3 (/opt/ros/dashing/share/pluginlib/cmake)
[3.201s] -- Found tinyxml2_vendor:  (/opt/ros/dashing/share/tinyxml2_vendor/cmake)
[3.270s] -- Found TinyXML2: /usr/lib/aarch64-linux-gnu/libtinyxml2.so  
[3.292s] -- Found poco_vendor:  (/opt/ros/dashing/share/poco_vendor/cmake)
[3.319s] -- Found tf2_geometry_msgs: 0.11.6 (/opt/ros/dashing/share/tf2_geometry_msgs/cmake)
[3.333s] -- Found eigen3_cmake_module: 0.1.1 (/opt/ros/dashing/share/eigen3_cmake_module/cmake)
[3.345s] -- Found Eigen3: TRUE (found version "3.3.4") 
[3.389s] -- Found tf2_sensor_msgs: 0.11.6 (/opt/ros/dashing/share/tf2_sensor_msgs/cmake)
[3.459s] -- Found std_srvs: 0.7.1 (/opt/ros/dashing/share/std_srvs/cmake)
[3.473s] -- Found rosidl_default_generators: 0.7.0 (/opt/ros/dashing/share/rosidl_default_generators/cmake)
[3.763s] -- Found OpenSSL: /usr/lib/aarch64-linux-gnu/libcrypto.so (found version "1.1.1")  
[3.840s] -- Found FastRTPS: /opt/ros/dashing/include  
[4.046s] -- Found nav2_map_server: 0.2.6 (/opt/ros/dashing/share/nav2_map_server/cmake)
[4.258s] -- Found Boost: /usr/include (found version "1.65.1") found components: system serialization filesystem thread chrono date_time atomic 
[4.576s] -- Found PkgConfig: /usr/bin/pkg-config (found version "0.29.1") 
[4.587s] [33mCMake Warning (dev) at /usr/local/share/cmake-3.22/Modules/FindPackageHandleStandardArgs.cmake:438 (message):
[4.587s]   The package name passed to `find_package_handle_standard_args` (CSPARSE)
[4.588s]   does not match the name of the calling package (CSparse).  This can lead to
[4.588s]   problems in calling code that expects `find_package` result variables
[4.589s]   (e.g., `_FOUND`) to follow a certain pattern.
[4.589s] Call Stack (most recent call first):
[4.589s]   CMake/FindCSparse.cmake:24 (find_package_handle_standard_args)
[4.590s]   CMakeLists.txt:69 (find_package)
[4.590s] This warning is for project developers.  Use -Wno-dev to suppress it.
[4.590s] [0m
[4.591s] -- Found CSPARSE: /usr/include/suitesparse  
[4.665s] [33mCMake Warning (dev) at /usr/local/share/cmake-3.22/Modules/FindPackageHandleStandardArgs.cmake:438 (message):
[4.666s]   The package name passed to `find_package_handle_standard_args` (CHOLMOD)
[4.666s]   does not match the name of the calling package (Cholmod).  This can lead to
[4.667s]   problems in calling code that expects `find_package` result variables
[4.667s]   (e.g., `_FOUND`) to follow a certain pattern.
[4.667s] Call Stack (most recent call first):
[4.668s]   CMake/FindCholmod.cmake:86 (find_package_handle_standard_args)
[4.668s]   CMakeLists.txt:71 (find_package)
[4.669s] This warning is for project developers.  Use -Wno-dev to suppress it.
[4.669s] [0m
[4.669s] -- Found CHOLMOD: /usr/include/suitesparse  
[4.673s] -- Looking for sgemm_
[4.839s] -- Looking for sgemm_ - not found
[4.907s] -- Looking for dgemm_
[5.123s] -- Looking for dgemm_ - found
[5.124s] -- Found BLAS: /usr/lib/aarch64-linux-gnu/libblas.so;/usr/lib/aarch64-linux-gnu/libf77blas.so;/usr/lib/aarch64-linux-gnu/libatlas.so  
[5.131s] -- Looking for cheev_
[5.306s] -- Looking for cheev_ - not found
[5.339s] -- Looking for cheev_
[5.463s] -- Looking for cheev_ - not found
[5.465s] -- Looking for cheev_
[5.699s] -- Looking for cheev_ - found
[5.700s] -- Found LAPACK: /usr/lib/aarch64-linux-gnu/liblapack.so;/usr/lib/aarch64-linux-gnu/libblas.so;/usr/lib/aarch64-linux-gnu/libf77blas.so;/usr/lib/aarch64-linux-gnu/libatlas.so  
[5.711s] -- Found installed version of Eigen: /usr/lib/cmake/eigen3
[5.715s] -- Found required Ceres dependency: Eigen version 3.3.4 in /usr/include/eigen3
[5.722s] -- Found required Ceres dependency: glog
[5.726s] -- Found installed version of gflags: /usr/lib/aarch64-linux-gnu/cmake/gflags
[5.726s] -- Detected gflags version: 2.2.1
[5.729s] -- Found required Ceres dependency: gflags
[5.731s] -- Found Ceres version: 1.13.0 installed in: /usr with components: [LAPACK, SuiteSparse, SparseLinearAlgebraLibrary, CXSparse, SchurSpecializations, OpenMP]
[5.901s] -- Found PythonInterp: /usr/bin/python3 (found version "3.6.9") 
[7.335s] -- Using all available rosidl_typesupport_c: rosidl_typesupport_fastrtps_c;rosidl_typesupport_introspection_c
[7.492s] -- Using all available rosidl_typesupport_cpp: rosidl_typesupport_fastrtps_cpp;rosidl_typesupport_introspection_cpp
[8.575s] -- Found PythonInterp: /usr/bin/python3 (found suitable version "3.6.9", minimum required is "3.5") 
[8.581s] -- Found python_cmake_module: 0.7.11 (/opt/ros/dashing/share/python_cmake_module/cmake)
[8.685s] -- Found PythonLibs: /usr/lib/aarch64-linux-gnu/libpython3.6m.so (found suitable version "3.6.9", minimum required is "3.5") 
[8.686s] -- Using PYTHON_EXECUTABLE: /usr/bin/python3
[8.686s] -- Using PYTHON_INCLUDE_DIRS: /usr/include/python3.6m
[8.687s] -- Using PYTHON_LIBRARIES: /usr/lib/aarch64-linux-gnu/libpython3.6m.so
[8.772s] -- Found PythonExtra: .so  
[10.636s] -- Found ament_cmake_gtest: 0.7.6 (/opt/ros/dashing/share/ament_cmake_gtest/cmake)
[10.644s] -- Found gtest sources under '/opt/ros/dashing/src/gtest_vendor': C++ tests using 'Google Test' will be built
[10.648s] [0mCMake Deprecation Warning at /opt/ros/dashing/src/gtest_vendor/CMakeLists.txt:2 (cmake_minimum_required):
[10.648s]   Compatibility with CMake < 2.8.12 will be removed from a future version of
[10.649s]   CMake.
[10.649s] 
[10.650s]   Update the VERSION argument <min> value or use a ...<max> suffix to tell
[10.650s]   CMake that the project does not need compatibility with older versions.
[10.651s] 
[10.651s] [0m
[10.652s] -- Check if compiler accepts -pthread
[10.829s] -- Check if compiler accepts -pthread - yes
[10.851s] -- Configuring done
[12.319s] -- Generating done
[12.333s] -- Build files have been written to: /home/nvidia/ros2_ws/build/slam_toolbox
[12.395s] Invoked command in '/home/nvidia/ros2_ws/build/slam_toolbox' returned '0': CMAKE_PREFIX_PATH=/opt/ros/dashing /usr/local/bin/cmake /home/nvidia/ros2_ws/src/slam_toolbox -DCMAKE_INSTALL_PREFIX=/home/nvidia/ros2_ws/install/slam_toolbox
[12.406s] Invoking command in '/home/nvidia/ros2_ws/build/slam_toolbox': CMAKE_PREFIX_PATH=/opt/ros/dashing /usr/local/bin/cmake --build /home/nvidia/ros2_ws/build/slam_toolbox -- -j4 -l4
[12.509s] [  1%] [34m[1mGenerating C code for ROS interfaces[0m
[12.525s] [  1%] [32mBuilding CXX object lib/karto_sdk/CMakeFiles/karto.dir/src/Karto.cpp.o[0m
[12.526s] [  2%] [34m[1mGenerating C++ code for ROS interfaces[0m
[12.527s] [  2%] [32mBuilding CXX object gtest/CMakeFiles/gtest_main.dir/src/gtest_main.cc.o[0m
[14.708s] [  3%] [32m[1mLinking CXX static library libgtest_main.a[0m
[14.762s] [  3%] Built target gtest_main
[14.774s] [  4%] [32mBuilding CXX object lib/karto_sdk/CMakeFiles/karto.dir/src/Mapper.cpp.o[0m
[17.295s] [  4%] Built target slam_toolbox__cpp
[17.331s] [  5%] [32mBuilding CXX object gtest/CMakeFiles/gtest.dir/src/gtest-all.cc.o[0m
[18.786s] [  5%] [32mBuilding C object CMakeFiles/slam_toolbox__rosidl_generator_c.dir/rosidl_generator_c/slam_toolbox/srv/pause__functions.c.o[0m
[19.019s] [  6%] [32mBuilding C object CMakeFiles/slam_toolbox__rosidl_generator_c.dir/rosidl_generator_c/slam_toolbox/srv/clear_queue__functions.c.o[0m
[19.254s] [  7%] [32mBuilding C object CMakeFiles/slam_toolbox__rosidl_generator_c.dir/rosidl_generator_c/slam_toolbox/srv/toggle_interactive__functions.c.o[0m
[19.484s] [  8%] [32mBuilding C object CMakeFiles/slam_toolbox__rosidl_generator_c.dir/rosidl_generator_c/slam_toolbox/srv/clear__functions.c.o[0m
[19.718s] [  8%] [32mBuilding C object CMakeFiles/slam_toolbox__rosidl_generator_c.dir/rosidl_generator_c/slam_toolbox/srv/save_map__functions.c.o[0m
[19.964s] [  9%] [32mBuilding C object CMakeFiles/slam_toolbox__rosidl_generator_c.dir/rosidl_generator_c/slam_toolbox/srv/loop_closure__functions.c.o[0m
[20.201s] [ 10%] [32mBuilding C object CMakeFiles/slam_toolbox__rosidl_generator_c.dir/rosidl_generator_c/slam_toolbox/srv/merge_maps__functions.c.o[0m
[20.438s] [ 11%] [32mBuilding C object CMakeFiles/slam_toolbox__rosidl_generator_c.dir/rosidl_generator_c/slam_toolbox/srv/add_submap__functions.c.o[0m
[20.686s] [ 11%] [32mBuilding C object CMakeFiles/slam_toolbox__rosidl_generator_c.dir/rosidl_generator_c/slam_toolbox/srv/deserialize_pose_graph__functions.c.o[0m
[20.941s] [ 12%] [32mBuilding C object CMakeFiles/slam_toolbox__rosidl_generator_c.dir/rosidl_generator_c/slam_toolbox/srv/serialize_pose_graph__functions.c.o[0m
[21.185s] [ 13%] [32m[1mLinking C shared library libslam_toolbox__rosidl_generator_c.so[0m
[21.397s] [ 13%] Built target slam_toolbox__rosidl_generator_c
[21.420s] [ 13%] [34m[1mGenerating C++ type support for eProsima Fast-RTPS[0m
[27.131s] [ 14%] [32mBuilding CXX object CMakeFiles/slam_toolbox__rosidl_typesupport_fastrtps_cpp.dir/rosidl_typesupport_fastrtps_cpp/slam_toolbox/srv/dds_fastrtps/pause__type_support.cpp.o[0m
[28.644s] [ 15%] [32mBuilding CXX object CMakeFiles/slam_toolbox__rosidl_typesupport_fastrtps_cpp.dir/rosidl_typesupport_fastrtps_cpp/slam_toolbox/srv/dds_fastrtps/clear_queue__type_support.cpp.o[0m
[30.162s] [ 16%] [32mBuilding CXX object CMakeFiles/slam_toolbox__rosidl_typesupport_fastrtps_cpp.dir/rosidl_typesupport_fastrtps_cpp/slam_toolbox/srv/dds_fastrtps/toggle_interactive__type_support.cpp.o[0m
[31.649s] [ 16%] [32mBuilding CXX object CMakeFiles/slam_toolbox__rosidl_typesupport_fastrtps_cpp.dir/rosidl_typesupport_fastrtps_cpp/slam_toolbox/srv/dds_fastrtps/clear__type_support.cpp.o[0m
[33.162s] [ 17%] [32mBuilding CXX object CMakeFiles/slam_toolbox__rosidl_typesupport_fastrtps_cpp.dir/rosidl_typesupport_fastrtps_cpp/slam_toolbox/srv/dds_fastrtps/save_map__type_support.cpp.o[0m
[34.698s] [ 18%] [32mBuilding CXX object CMakeFiles/slam_toolbox__rosidl_typesupport_fastrtps_cpp.dir/rosidl_typesupport_fastrtps_cpp/slam_toolbox/srv/dds_fastrtps/loop_closure__type_support.cpp.o[0m
[36.242s] [ 19%] [32mBuilding CXX object CMakeFiles/slam_toolbox__rosidl_typesupport_fastrtps_cpp.dir/rosidl_typesupport_fastrtps_cpp/slam_toolbox/srv/dds_fastrtps/merge_maps__type_support.cpp.o[0m
[37.786s] [ 19%] [32mBuilding CXX object CMakeFiles/slam_toolbox__rosidl_typesupport_fastrtps_cpp.dir/rosidl_typesupport_fastrtps_cpp/slam_toolbox/srv/dds_fastrtps/add_submap__type_support.cpp.o[0m
[39.432s] [ 20%] [32mBuilding CXX object CMakeFiles/slam_toolbox__rosidl_typesupport_fastrtps_cpp.dir/rosidl_typesupport_fastrtps_cpp/slam_toolbox/srv/dds_fastrtps/deserialize_pose_graph__type_support.cpp.o[0m
[41.059s] [ 21%] [32mBuilding CXX object CMakeFiles/slam_toolbox__rosidl_typesupport_fastrtps_cpp.dir/rosidl_typesupport_fastrtps_cpp/slam_toolbox/srv/dds_fastrtps/serialize_pose_graph__type_support.cpp.o[0m
[42.682s] [ 21%] [32m[1mLinking CXX shared library libslam_toolbox__rosidl_typesupport_fastrtps_cpp.so[0m
[43.029s] [ 21%] Built target slam_toolbox__rosidl_typesupport_fastrtps_cpp
[43.055s] [ 21%] [34m[1mGenerating C type support dispatch for ROS interfaces[0m
[43.862s] [ 21%] [32m[1mLinking CXX static library libgtest.a[0m
[43.929s] [ 21%] Built target gtest
[43.950s] [ 22%] [34m[1mGenerating C++ type support dispatch for ROS interfaces[0m
[46.690s] [ 23%] [32mBuilding CXX object CMakeFiles/slam_toolbox__rosidl_typesupport_c.dir/rosidl_typesupport_c/slam_toolbox/srv/pause__type_support.cpp.o[0m
[46.783s] [ 24%] [32mBuilding CXX object CMakeFiles/slam_toolbox__rosidl_typesupport_c.dir/rosidl_typesupport_c/slam_toolbox/srv/clear_queue__type_support.cpp.o[0m
[46.876s] [ 25%] [32mBuilding CXX object CMakeFiles/slam_toolbox__rosidl_typesupport_c.dir/rosidl_typesupport_c/slam_toolbox/srv/toggle_interactive__type_support.cpp.o[0m
[46.970s] [ 25%] [32mBuilding CXX object CMakeFiles/slam_toolbox__rosidl_typesupport_c.dir/rosidl_typesupport_c/slam_toolbox/srv/clear__type_support.cpp.o[0m
[47.064s] [ 26%] [32mBuilding CXX object CMakeFiles/slam_toolbox__rosidl_typesupport_c.dir/rosidl_typesupport_c/slam_toolbox/srv/save_map__type_support.cpp.o[0m
[47.161s] [ 27%] [32mBuilding CXX object CMakeFiles/slam_toolbox__rosidl_typesupport_c.dir/rosidl_typesupport_c/slam_toolbox/srv/loop_closure__type_support.cpp.o[0m
[47.256s] [ 28%] [32mBuilding CXX object CMakeFiles/slam_toolbox__rosidl_typesupport_c.dir/rosidl_typesupport_c/slam_toolbox/srv/merge_maps__type_support.cpp.o[0m
[47.350s] [ 28%] [32mBuilding CXX object CMakeFiles/slam_toolbox__rosidl_typesupport_c.dir/rosidl_typesupport_c/slam_toolbox/srv/add_submap__type_support.cpp.o[0m
[47.451s] [ 29%] [32mBuilding CXX object CMakeFiles/slam_toolbox__rosidl_typesupport_c.dir/rosidl_typesupport_c/slam_toolbox/srv/deserialize_pose_graph__type_support.cpp.o[0m
[47.508s] [ 29%] [32mBuilding CXX object CMakeFiles/slam_toolbox__rosidl_typesupport_cpp.dir/rosidl_typesupport_cpp/slam_toolbox/srv/pause__type_support.cpp.o[0m
[47.551s] [ 30%] [32mBuilding CXX object CMakeFiles/slam_toolbox__rosidl_typesupport_c.dir/rosidl_typesupport_c/slam_toolbox/srv/serialize_pose_graph__type_support.cpp.o[0m
[47.648s] [ 30%] [32m[1mLinking CXX shared library libslam_toolbox__rosidl_typesupport_c.so[0m
[47.805s] [ 30%] Built target slam_toolbox__rosidl_typesupport_c
[47.820s] [ 31%] [32mBuilding CXX object CMakeFiles/slam_toolbox__rosidl_typesupport_cpp.dir/rosidl_typesupport_cpp/slam_toolbox/srv/clear_queue__type_support.cpp.o[0m
[48.451s] [ 32%] [32mBuilding CXX object CMakeFiles/slam_toolbox__rosidl_typesupport_cpp.dir/rosidl_typesupport_cpp/slam_toolbox/srv/toggle_interactive__type_support.cpp.o[0m
[48.706s] [ 33%] [32mBuilding CXX object CMakeFiles/slam_toolbox__rosidl_typesupport_cpp.dir/rosidl_typesupport_cpp/slam_toolbox/srv/clear__type_support.cpp.o[0m
[49.254s] [ 33%] [32mBuilding CXX object CMakeFiles/slam_toolbox__rosidl_typesupport_cpp.dir/rosidl_typesupport_cpp/slam_toolbox/srv/save_map__type_support.cpp.o[0m
[49.388s] [ 34%] [32mBuilding CXX object CMakeFiles/slam_toolbox__rosidl_typesupport_cpp.dir/rosidl_typesupport_cpp/slam_toolbox/srv/loop_closure__type_support.cpp.o[0m
[49.617s] [ 35%] [32mBuilding CXX object CMakeFiles/slam_toolbox__rosidl_typesupport_cpp.dir/rosidl_typesupport_cpp/slam_toolbox/srv/merge_maps__type_support.cpp.o[0m
[50.148s] [ 35%] [32mBuilding CXX object CMakeFiles/slam_toolbox__rosidl_typesupport_cpp.dir/rosidl_typesupport_cpp/slam_toolbox/srv/add_submap__type_support.cpp.o[0m
[50.311s] [ 36%] [32mBuilding CXX object CMakeFiles/slam_toolbox__rosidl_typesupport_cpp.dir/rosidl_typesupport_cpp/slam_toolbox/srv/deserialize_pose_graph__type_support.cpp.o[0m
[50.502s] [ 37%] [32mBuilding CXX object CMakeFiles/slam_toolbox__rosidl_typesupport_cpp.dir/rosidl_typesupport_cpp/slam_toolbox/srv/serialize_pose_graph__type_support.cpp.o[0m
[51.050s] [ 38%] [34m[1mGenerating C introspection for ROS interfaces[0m
[51.237s] [ 38%] [34m[1mGenerating C++ introspection for ROS interfaces[0m
[51.395s] [ 39%] [32m[1mLinking CXX shared library libslam_toolbox__rosidl_typesupport_cpp.so[0m
[51.542s] [ 39%] Built target slam_toolbox__rosidl_typesupport_cpp
[51.564s] [ 39%] [34m[1mGenerating C type support for eProsima Fast-RTPS[0m
[55.439s] [ 40%] [32mBuilding CXX object CMakeFiles/slam_toolbox__rosidl_typesupport_introspection_cpp.dir/rosidl_typesupport_introspection_cpp/slam_toolbox/srv/pause__type_support.cpp.o[0m
[55.689s] [ 41%] [32mBuilding C object CMakeFiles/slam_toolbox__rosidl_typesupport_introspection_c.dir/rosidl_typesupport_introspection_c/slam_toolbox/srv/pause__type_support.c.o[0m
[55.785s] [ 42%] [32mBuilding C object CMakeFiles/slam_toolbox__rosidl_typesupport_introspection_c.dir/rosidl_typesupport_introspection_c/slam_toolbox/srv/clear_queue__type_support.c.o[0m
[55.881s] [ 42%] [32mBuilding C object CMakeFiles/slam_toolbox__rosidl_typesupport_introspection_c.dir/rosidl_typesupport_introspection_c/slam_toolbox/srv/toggle_interactive__type_support.c.o[0m
[55.977s] [ 43%] [32mBuilding C object CMakeFiles/slam_toolbox__rosidl_typesupport_introspection_c.dir/rosidl_typesupport_introspection_c/slam_toolbox/srv/clear__type_support.c.o[0m
[56.072s] [ 44%] [32mBuilding C object CMakeFiles/slam_toolbox__rosidl_typesupport_introspection_c.dir/rosidl_typesupport_introspection_c/slam_toolbox/srv/save_map__type_support.c.o[0m
[56.190s] [ 44%] [32mBuilding C object CMakeFiles/slam_toolbox__rosidl_typesupport_introspection_c.dir/rosidl_typesupport_introspection_c/slam_toolbox/srv/loop_closure__type_support.c.o[0m
[56.290s] [ 45%] [32mBuilding C object CMakeFiles/slam_toolbox__rosidl_typesupport_introspection_c.dir/rosidl_typesupport_introspection_c/slam_toolbox/srv/merge_maps__type_support.c.o[0m
[56.388s] [ 46%] [32mBuilding C object CMakeFiles/slam_toolbox__rosidl_typesupport_introspection_c.dir/rosidl_typesupport_introspection_c/slam_toolbox/srv/add_submap__type_support.c.o[0m
[56.486s] [ 47%] [32mBuilding CXX object CMakeFiles/slam_toolbox__rosidl_typesupport_introspection_cpp.dir/rosidl_typesupport_introspection_cpp/slam_toolbox/srv/clear_queue__type_support.cpp.o[0m
[56.490s] [ 48%] [32mBuilding C object CMakeFiles/slam_toolbox__rosidl_typesupport_introspection_c.dir/rosidl_typesupport_introspection_c/slam_toolbox/srv/deserialize_pose_graph__type_support.c.o[0m
[56.615s] [ 48%] [32mBuilding C object CMakeFiles/slam_toolbox__rosidl_typesupport_introspection_c.dir/rosidl_typesupport_introspection_c/slam_toolbox/srv/serialize_pose_graph__type_support.c.o[0m
[56.680s] [ 49%] [32mBuilding CXX object CMakeFiles/slam_toolbox__rosidl_typesupport_fastrtps_c.dir/rosidl_typesupport_fastrtps_c/slam_toolbox/srv/pause__type_support_c.cpp.o[0m
[56.717s] [ 50%] [32m[1mLinking C shared library libslam_toolbox__rosidl_typesupport_introspection_c.so[0m
[56.842s] [ 50%] Built target slam_toolbox__rosidl_typesupport_introspection_c
[56.855s] [ 51%] [32mBuilding CXX object CMakeFiles/slam_toolbox__rosidl_typesupport_fastrtps_c.dir/rosidl_typesupport_fastrtps_c/slam_toolbox/srv/clear_queue__type_support_c.cpp.o[0m
[57.399s] [ 51%] [32mBuilding CXX object CMakeFiles/slam_toolbox__rosidl_typesupport_introspection_cpp.dir/rosidl_typesupport_introspection_cpp/slam_toolbox/srv/toggle_interactive__type_support.cpp.o[0m
[57.929s] [ 51%] [32mBuilding CXX object CMakeFiles/slam_toolbox__rosidl_typesupport_fastrtps_c.dir/rosidl_typesupport_fastrtps_c/slam_toolbox/srv/toggle_interactive__type_support_c.cpp.o[0m
[58.082s] [ 52%] [32mBuilding CXX object CMakeFiles/slam_toolbox__rosidl_typesupport_fastrtps_c.dir/rosidl_typesupport_fastrtps_c/slam_toolbox/srv/clear__type_support_c.cpp.o[0m
[58.346s] [ 53%] [32mBuilding CXX object CMakeFiles/slam_toolbox__rosidl_typesupport_introspection_cpp.dir/rosidl_typesupport_introspection_cpp/slam_toolbox/srv/clear__type_support.cpp.o[0m
[59.172s] [ 54%] [32mBuilding CXX object CMakeFiles/slam_toolbox__rosidl_typesupport_fastrtps_c.dir/rosidl_typesupport_fastrtps_c/slam_toolbox/srv/save_map__type_support_c.cpp.o[0m
[59.271s] [ 55%] [32mBuilding CXX object CMakeFiles/slam_toolbox__rosidl_typesupport_introspection_cpp.dir/rosidl_typesupport_introspection_cpp/slam_toolbox/srv/save_map__type_support.cpp.o[0m
[59.295s] [ 56%] [32mBuilding CXX object CMakeFiles/slam_toolbox__rosidl_typesupport_fastrtps_c.dir/rosidl_typesupport_fastrtps_c/slam_toolbox/srv/loop_closure__type_support_c.cpp.o[0m
[60.149s] [ 57%] [32mBuilding CXX object CMakeFiles/slam_toolbox__rosidl_typesupport_introspection_cpp.dir/rosidl_typesupport_introspection_cpp/slam_toolbox/srv/loop_closure__type_support.cpp.o[0m
[60.438s] [ 57%] [32mBuilding CXX object CMakeFiles/slam_toolbox__rosidl_typesupport_fastrtps_c.dir/rosidl_typesupport_fastrtps_c/slam_toolbox/srv/merge_maps__type_support_c.cpp.o[0m
[60.536s] [ 58%] [32mBuilding CXX object CMakeFiles/slam_toolbox__rosidl_typesupport_fastrtps_c.dir/rosidl_typesupport_fastrtps_c/slam_toolbox/srv/add_submap__type_support_c.cpp.o[0m
[61.064s] [ 58%] [32mBuilding CXX object CMakeFiles/slam_toolbox__rosidl_typesupport_introspection_cpp.dir/rosidl_typesupport_introspection_cpp/slam_toolbox/srv/merge_maps__type_support.cpp.o[0m
[61.673s] [ 59%] [32mBuilding CXX object CMakeFiles/slam_toolbox__rosidl_typesupport_fastrtps_c.dir/rosidl_typesupport_fastrtps_c/slam_toolbox/srv/deserialize_pose_graph__type_support_c.cpp.o[0m
[61.881s] [ 60%] [32mBuilding CXX object CMakeFiles/slam_toolbox__rosidl_typesupport_fastrtps_c.dir/rosidl_typesupport_fastrtps_c/slam_toolbox/srv/serialize_pose_graph__type_support_c.cpp.o[0m
[61.984s] [ 61%] [32mBuilding CXX object CMakeFiles/slam_toolbox__rosidl_typesupport_introspection_cpp.dir/rosidl_typesupport_introspection_cpp/slam_toolbox/srv/add_submap__type_support.cpp.o[0m
[62.865s] [ 62%] [32mBuilding CXX object CMakeFiles/slam_toolbox__rosidl_typesupport_introspection_cpp.dir/rosidl_typesupport_introspection_cpp/slam_toolbox/srv/deserialize_pose_graph__type_support.cpp.o[0m
[63.040s] [ 63%] [32mBuilding CXX object CMakeFiles/slam_toolbox__rosidl_typesupport_introspection_cpp.dir/rosidl_typesupport_introspection_cpp/slam_toolbox/srv/serialize_pose_graph__type_support.cpp.o[0m
[63.225s] [ 63%] [32m[1mLinking CXX shared library libslam_toolbox__rosidl_typesupport_fastrtps_c.so[0m
[63.570s] [ 63%] Built target slam_toolbox__rosidl_typesupport_fastrtps_c
[63.946s] [ 63%] [32m[1mLinking CXX shared library libslam_toolbox__rosidl_typesupport_introspection_cpp.so[0m
[64.089s] [ 63%] Built target slam_toolbox__rosidl_typesupport_introspection_cpp
[64.126s] [ 63%] Built target slam_toolbox
[64.164s] [ 64%] [34m[1mGenerating Python code for ROS interfaces[0m
[75.031s] [ 64%] Built target slam_toolbox__py
[75.069s] [ 66%] [32mBuilding C object CMakeFiles/slam_toolbox__python.dir/rosidl_generator_py/slam_toolbox/srv/_clear_queue_s.c.o[0m
[75.070s] [ 66%] [32mBuilding C object CMakeFiles/slam_toolbox__python.dir/rosidl_generator_py/slam_toolbox/srv/_pause_s.c.o[0m
[75.071s] [ 66%] [32mBuilding C object CMakeFiles/slam_toolbox__python.dir/rosidl_generator_py/slam_toolbox/srv/_toggle_interactive_s.c.o[0m
[75.405s] [ 67%] [32mBuilding C object CMakeFiles/slam_toolbox__python.dir/rosidl_generator_py/slam_toolbox/srv/_clear_s.c.o[0m
[75.415s] [ 68%] [32mBuilding C object CMakeFiles/slam_toolbox__python.dir/rosidl_generator_py/slam_toolbox/srv/_save_map_s.c.o[0m
[75.420s] [ 68%] [32mBuilding C object CMakeFiles/slam_toolbox__python.dir/rosidl_generator_py/slam_toolbox/srv/_loop_closure_s.c.o[0m
[75.748s] [ 69%] [32mBuilding C object CMakeFiles/slam_toolbox__python.dir/rosidl_generator_py/slam_toolbox/srv/_merge_maps_s.c.o[0m
[75.757s] [ 70%] [32mBuilding C object CMakeFiles/slam_toolbox__python.dir/rosidl_generator_py/slam_toolbox/srv/_add_submap_s.c.o[0m
[75.772s] [ 71%] [32mBuilding C object CMakeFiles/slam_toolbox__python.dir/rosidl_generator_py/slam_toolbox/srv/_deserialize_pose_graph_s.c.o[0m
[76.088s] [ 71%] [32mBuilding C object CMakeFiles/slam_toolbox__python.dir/rosidl_generator_py/slam_toolbox/srv/_serialize_pose_graph_s.c.o[0m
[76.438s] [ 72%] [32m[1mLinking C shared library rosidl_generator_py/slam_toolbox/libslam_toolbox__python.so[0m
[76.639s] [ 72%] Built target slam_toolbox__python
[76.682s] [ 74%] [32mBuilding C object CMakeFiles/slam_toolbox__rosidl_typesupport_fastrtps_c__pyext.dir/rosidl_generator_py/slam_toolbox/_slam_toolbox_s.ep.rosidl_typesupport_fastrtps_c.c.o[0m
[76.683s] [ 74%] [32mBuilding C object CMakeFiles/slam_toolbox__rosidl_typesupport_introspection_c__pyext.dir/rosidl_generator_py/slam_toolbox/_slam_toolbox_s.ep.rosidl_typesupport_introspection_c.c.o[0m
[76.687s] [ 75%] [32mBuilding C object CMakeFiles/slam_toolbox__rosidl_typesupport_c__pyext.dir/rosidl_generator_py/slam_toolbox/_slam_toolbox_s.ep.rosidl_typesupport_c.c.o[0m
[77.959s] [ 76%] [32m[1mLinking C shared library rosidl_generator_py/slam_toolbox/slam_toolbox_s__rosidl_typesupport_introspection_c.cpython-36m-aarch64-linux-gnu.so[0m
[77.968s] [ 77%] [32m[1mLinking C shared library rosidl_generator_py/slam_toolbox/slam_toolbox_s__rosidl_typesupport_c.cpython-36m-aarch64-linux-gnu.so[0m
[78.008s] [ 78%] [32m[1mLinking C shared library rosidl_generator_py/slam_toolbox/slam_toolbox_s__rosidl_typesupport_fastrtps_c.cpython-36m-aarch64-linux-gnu.so[0m
[78.397s] [ 78%] Built target slam_toolbox__rosidl_typesupport_c__pyext
[78.403s] [ 78%] Built target slam_toolbox__rosidl_typesupport_introspection_c__pyext
[78.502s] [ 78%] Built target slam_toolbox__rosidl_typesupport_fastrtps_c__pyext
[83.257s] [ 79%] [32m[1mLinking CXX shared library libkarto.so[0m
[84.629s] [ 79%] Built target karto
[84.667s] [ 81%] [32mBuilding CXX object CMakeFiles/toolbox_common.dir/src/loop_closure_assistant.cpp.o[0m
[84.668s] [ 81%] [32mBuilding CXX object CMakeFiles/toolbox_common.dir/src/map_saver.cpp.o[0m
[84.668s] [ 82%] [32mBuilding CXX object CMakeFiles/toolbox_common.dir/src/slam_toolbox_common.cpp.o[0m
[84.669s] [ 81%] [32mBuilding CXX object CMakeFiles/ceres_solver_plugin.dir/solvers/ceres_solver.cpp.o[0m
[98.239s] [ 83%] [32mBuilding CXX object CMakeFiles/toolbox_common.dir/src/laser_utils.cpp.o[0m
[120.299s] [ 84%] [32mBuilding CXX object CMakeFiles/toolbox_common.dir/src/slam_mapper.cpp.o[0m
[127.149s] [ 85%] [32m[1mLinking CXX shared library libceres_solver_plugin.so[0m
[128.653s] [ 85%] Built target ceres_solver_plugin
[162.115s] [ 86%] [32m[1mLinking CXX shared library libtoolbox_common.so[0m
[164.168s] [ 86%] Built target toolbox_common
[164.208s] [ 89%] [32mBuilding CXX object CMakeFiles/sync_slam_toolbox.dir/src/slam_toolbox_sync.cpp.o[0m
[164.209s] [ 89%] [32mBuilding CXX object CMakeFiles/lifelong_slam_toolbox.dir/src/experimental/slam_toolbox_lifelong.cpp.o[0m
[164.209s] [ 89%] [32mBuilding CXX object CMakeFiles/localization_slam_toolbox.dir/src/slam_toolbox_localization.cpp.o[0m
[164.211s] [ 89%] [32mBuilding CXX object CMakeFiles/async_slam_toolbox.dir/src/slam_toolbox_async.cpp.o[0m
[199.774s] [ 90%] [32m[1mLinking CXX shared library libasync_slam_toolbox.so[0m
[200.680s] [ 91%] [32m[1mLinking CXX shared library liblifelong_slam_toolbox.so[0m
[201.242s] [ 91%] Built target async_slam_toolbox
[201.287s] [ 92%] [32mBuilding CXX object CMakeFiles/merge_maps_kinematic.dir/src/merge_maps_kinematic.cpp.o[0m
[202.128s] [ 92%] Built target lifelong_slam_toolbox
[202.169s] [ 93%] [32mBuilding CXX object CMakeFiles/async_slam_toolbox_node.dir/src/slam_toolbox_async_node.cpp.o[0m
[204.112s] [ 94%] [32m[1mLinking CXX shared library libsync_slam_toolbox.so[0m
[205.585s] [ 94%] Built target sync_slam_toolbox
[205.626s] [ 95%] [32mBuilding CXX object CMakeFiles/lifelong_slam_toolbox_node.dir/src/experimental/slam_toolbox_lifelong_node.cpp.o[0m
[206.661s] [ 96%] [32m[1mLinking CXX shared library liblocalization_slam_toolbox.so[0m
[208.163s] [ 96%] Built target localization_slam_toolbox
[208.209s] [ 97%] [32mBuilding CXX object CMakeFiles/lifelong_metrics_test.dir/test/lifelong_metrics_test.cpp.o[0m
[238.151s] [ 97%] [32m[1mLinking CXX executable async_slam_toolbox_node[0m
[239.144s] [ 97%] Built target async_slam_toolbox_node
[239.189s] [ 97%] [32mBuilding CXX object CMakeFiles/sync_slam_toolbox_node.dir/src/slam_toolbox_sync_node.cpp.o[0m
[242.509s] [ 97%] [32m[1mLinking CXX executable lifelong_slam_toolbox_node[0m
[243.529s] [ 97%] Built target lifelong_slam_toolbox_node
[243.571s] [ 97%] [32mBuilding CXX object CMakeFiles/localization_slam_toolbox_node.dir/src/slam_toolbox_localization_node.cpp.o[0m
[247.742s] [ 97%] [32m[1mLinking CXX executable lifelong_metrics_test[0m
[248.200s] [ 98%] [32m[1mLinking CXX executable merge_maps_kinematic[0m
[248.723s] [ 98%] Built target lifelong_metrics_test
[249.724s] [ 98%] Built target merge_maps_kinematic
[272.630s] [ 99%] [32m[1mLinking CXX executable sync_slam_toolbox_node[0m
[273.544s] [ 99%] Built target sync_slam_toolbox_node
[276.395s] [100%] [32m[1mLinking CXX executable localization_slam_toolbox_node[0m
[277.263s] [100%] Built target localization_slam_toolbox_node
[277.283s] Invoked command in '/home/nvidia/ros2_ws/build/slam_toolbox' returned '0': CMAKE_PREFIX_PATH=/opt/ros/dashing /usr/local/bin/cmake --build /home/nvidia/ros2_ws/build/slam_toolbox -- -j4 -l4
[278.555s] Invoking command in '/home/nvidia/ros2_ws/build/slam_toolbox': CMAKE_PREFIX_PATH=/opt/ros/dashing /usr/local/bin/cmake --install /home/nvidia/ros2_ws/build/slam_toolbox
[278.586s] -- Install configuration: "Release"
[278.586s] -- Installing: /home/nvidia/ros2_ws/install/slam_toolbox/share/ament_index/resource_index/rosidl_interfaces/slam_toolbox
[278.587s] -- Installing: /home/nvidia/ros2_ws/install/slam_toolbox/include/slam_toolbox
[278.587s] -- Installing: /home/nvidia/ros2_ws/install/slam_toolbox/include/slam_toolbox/srv
[278.588s] -- Installing: /home/nvidia/ros2_ws/install/slam_toolbox/include/slam_toolbox/srv/serialize_pose_graph.hpp
[278.588s] -- Installing: /home/nvidia/ros2_ws/install/slam_toolbox/include/slam_toolbox/srv/serialize_pose_graph__struct.hpp
[278.589s] -- Installing: /home/nvidia/ros2_ws/install/slam_toolbox/include/slam_toolbox/srv/add_submap.hpp
[278.589s] -- Installing: /home/nvidia/ros2_ws/install/slam_toolbox/include/slam_toolbox/srv/pause__traits.hpp
[278.589s] -- Installing: /home/nvidia/ros2_ws/install/slam_toolbox/include/slam_toolbox/srv/add_submap__traits.hpp
[278.590s] -- Installing: /home/nvidia/ros2_ws/install/slam_toolbox/include/slam_toolbox/srv/merge_maps__struct.hpp
[278.590s] -- Installing: /home/nvidia/ros2_ws/install/slam_toolbox/include/slam_toolbox/srv/merge_maps.hpp
[278.591s] -- Installing: /home/nvidia/ros2_ws/install/slam_toolbox/include/slam_toolbox/srv/clear_queue.hpp
[278.591s] -- Installing: /home/nvidia/ros2_ws/install/slam_toolbox/include/slam_toolbox/srv/add_submap__struct.hpp
[278.592s] -- Installing: /home/nvidia/ros2_ws/install/slam_toolbox/include/slam_toolbox/srv/toggle_interactive__struct.hpp
[278.592s] -- Installing: /home/nvidia/ros2_ws/install/slam_toolbox/include/slam_toolbox/srv/serialize_pose_graph__traits.hpp
[278.592s] -- Installing: /home/nvidia/ros2_ws/install/slam_toolbox/include/slam_toolbox/srv/pause__struct.hpp
[278.593s] -- Installing: /home/nvidia/ros2_ws/install/slam_toolbox/include/slam_toolbox/srv/toggle_interactive.hpp
[278.593s] -- Installing: /home/nvidia/ros2_ws/install/slam_toolbox/include/slam_toolbox/srv/save_map__struct.hpp
[278.594s] -- Installing: /home/nvidia/ros2_ws/install/slam_toolbox/include/slam_toolbox/srv/deserialize_pose_graph__struct.hpp
[278.594s] -- Installing: /home/nvidia/ros2_ws/install/slam_toolbox/include/slam_toolbox/srv/merge_maps__traits.hpp
[278.594s] -- Installing: /home/nvidia/ros2_ws/install/slam_toolbox/include/slam_toolbox/srv/save_map.hpp
[278.595s] -- Installing: /home/nvidia/ros2_ws/install/slam_toolbox/include/slam_toolbox/srv/clear.hpp
[278.595s] -- Installing: /home/nvidia/ros2_ws/install/slam_toolbox/include/slam_toolbox/srv/save_map__traits.hpp
[278.596s] -- Installing: /home/nvidia/ros2_ws/install/slam_toolbox/include/slam_toolbox/srv/clear_queue__struct.hpp
[278.596s] -- Installing: /home/nvidia/ros2_ws/install/slam_toolbox/include/slam_toolbox/srv/loop_closure.hpp
[278.596s] -- Installing: /home/nvidia/ros2_ws/install/slam_toolbox/include/slam_toolbox/srv/clear__traits.hpp
[278.597s] -- Installing: /home/nvidia/ros2_ws/install/slam_toolbox/include/slam_toolbox/srv/loop_closure__struct.hpp
[278.597s] -- Installing: /home/nvidia/ros2_ws/install/slam_toolbox/include/slam_toolbox/srv/clear_queue__traits.hpp
[278.598s] -- Installing: /home/nvidia/ros2_ws/install/slam_toolbox/include/slam_toolbox/srv/pause.hpp
[278.598s] -- Installing: /home/nvidia/ros2_ws/install/slam_toolbox/include/slam_toolbox/srv/loop_closure__traits.hpp
[278.599s] -- Installing: /home/nvidia/ros2_ws/install/slam_toolbox/include/slam_toolbox/srv/deserialize_pose_graph__traits.hpp
[278.599s] -- Installing: /home/nvidia/ros2_ws/install/slam_toolbox/include/slam_toolbox/srv/toggle_interactive__traits.hpp
[278.599s] -- Installing: /home/nvidia/ros2_ws/install/slam_toolbox/include/slam_toolbox/srv/deserialize_pose_graph.hpp
[278.600s] -- Installing: /home/nvidia/ros2_ws/install/slam_toolbox/include/slam_toolbox/srv/clear__struct.hpp
[278.600s] -- Up-to-date: /home/nvidia/ros2_ws/install/slam_toolbox/include/slam_toolbox
[278.601s] -- Installing: /home/nvidia/ros2_ws/install/slam_toolbox/include/slam_toolbox/msg
[278.601s] -- Installing: /home/nvidia/ros2_ws/install/slam_toolbox/include/slam_toolbox/msg/rosidl_generator_c__visibility_control.h
[278.601s] -- Up-to-date: /home/nvidia/ros2_ws/install/slam_toolbox/include/slam_toolbox/srv
[278.602s] -- Installing: /home/nvidia/ros2_ws/install/slam_toolbox/include/slam_toolbox/srv/clear__type_support.h
[278.602s] -- Installing: /home/nvidia/ros2_ws/install/slam_toolbox/include/slam_toolbox/srv/clear_queue__functions.h
[278.603s] -- Installing: /home/nvidia/ros2_ws/install/slam_toolbox/include/slam_toolbox/srv/toggle_interactive__functions.h
[278.603s] -- Installing: /home/nvidia/ros2_ws/install/slam_toolbox/include/slam_toolbox/srv/deserialize_pose_graph__functions.h
[278.604s] -- Installing: /home/nvidia/ros2_ws/install/slam_toolbox/include/slam_toolbox/srv/merge_maps__functions.c
[278.604s] -- Installing: /home/nvidia/ros2_ws/install/slam_toolbox/include/slam_toolbox/srv/save_map__functions.h
[278.604s] -- Installing: /home/nvidia/ros2_ws/install/slam_toolbox/include/slam_toolbox/srv/serialize_pose_graph__functions.h
[278.605s] -- Installing: /home/nvidia/ros2_ws/install/slam_toolbox/include/slam_toolbox/srv/add_submap.h
[278.605s] -- Installing: /home/nvidia/ros2_ws/install/slam_toolbox/include/slam_toolbox/srv/add_submap__functions.h
[278.606s] -- Installing: /home/nvidia/ros2_ws/install/slam_toolbox/include/slam_toolbox/srv/serialize_pose_graph__functions.c
[278.606s] -- Installing: /home/nvidia/ros2_ws/install/slam_toolbox/include/slam_toolbox/srv/serialize_pose_graph.h
[278.607s] -- Installing: /home/nvidia/ros2_ws/install/slam_toolbox/include/slam_toolbox/srv/deserialize_pose_graph__type_support.h
[278.607s] -- Installing: /home/nvidia/ros2_ws/install/slam_toolbox/include/slam_toolbox/srv/loop_closure__functions.c
[278.608s] -- Installing: /home/nvidia/ros2_ws/install/slam_toolbox/include/slam_toolbox/srv/merge_maps__functions.h
[278.608s] -- Installing: /home/nvidia/ros2_ws/install/slam_toolbox/include/slam_toolbox/srv/toggle_interactive__functions.c
[278.608s] -- Installing: /home/nvidia/ros2_ws/install/slam_toolbox/include/slam_toolbox/srv/save_map__type_support.h
[278.609s] -- Installing: /home/nvidia/ros2_ws/install/slam_toolbox/include/slam_toolbox/srv/clear_queue__struct.h
[278.609s] -- Installing: /home/nvidia/ros2_ws/install/slam_toolbox/include/slam_toolbox/srv/toggle_interactive__type_support.h
[278.610s] -- Installing: /home/nvidia/ros2_ws/install/slam_toolbox/include/slam_toolbox/srv/save_map.h
[278.610s] -- Installing: /home/nvidia/ros2_ws/install/slam_toolbox/include/slam_toolbox/srv/merge_maps.h
[278.610s] -- Installing: /home/nvidia/ros2_ws/install/slam_toolbox/include/slam_toolbox/srv/deserialize_pose_graph__functions.c
[278.611s] -- Installing: /home/nvidia/ros2_ws/install/slam_toolbox/include/slam_toolbox/srv/clear_queue__functions.c
[278.611s] -- Installing: /home/nvidia/ros2_ws/install/slam_toolbox/include/slam_toolbox/srv/clear.h
[278.612s] -- Installing: /home/nvidia/ros2_ws/install/slam_toolbox/include/slam_toolbox/srv/clear_queue__type_support.h
[278.612s] -- Installing: /home/nvidia/ros2_ws/install/slam_toolbox/include/slam_toolbox/srv/serialize_pose_graph__type_support.h
[278.612s] -- Installing: /home/nvidia/ros2_ws/install/slam_toolbox/include/slam_toolbox/srv/save_map__functions.c
[278.613s] -- Installing: /home/nvidia/ros2_ws/install/slam_toolbox/include/slam_toolbox/srv/add_submap__type_support.h
[278.613s] -- Installing: /home/nvidia/ros2_ws/install/slam_toolbox/include/slam_toolbox/srv/clear__functions.h
[278.614s] -- Installing: /home/nvidia/ros2_ws/install/slam_toolbox/include/slam_toolbox/srv/loop_closure__struct.h
[278.614s] -- Installing: /home/nvidia/ros2_ws/install/slam_toolbox/include/slam_toolbox/srv/add_submap__struct.h
[278.615s] -- Installing: /home/nvidia/ros2_ws/install/slam_toolbox/include/slam_toolbox/srv/clear__functions.c
[278.615s] -- Installing: /home/nvidia/ros2_ws/install/slam_toolbox/include/slam_toolbox/srv/toggle_interactive.h
[278.615s] -- Installing: /home/nvidia/ros2_ws/install/slam_toolbox/include/slam_toolbox/srv/add_submap__functions.c
[278.616s] -- Installing: /home/nvidia/ros2_ws/install/slam_toolbox/include/slam_toolbox/srv/merge_maps__type_support.h
[278.616s] -- Installing: /home/nvidia/ros2_ws/install/slam_toolbox/include/slam_toolbox/srv/toggle_interactive__struct.h
[278.617s] -- Installing: /home/nvidia/ros2_ws/install/slam_toolbox/include/slam_toolbox/srv/loop_closure__type_support.h
[278.617s] -- Installing: /home/nvidia/ros2_ws/install/slam_toolbox/include/slam_toolbox/srv/pause.h
[278.618s] -- Installing: /home/nvidia/ros2_ws/install/slam_toolbox/include/slam_toolbox/srv/serialize_pose_graph__struct.h
[278.618s] -- Installing: /home/nvidia/ros2_ws/install/slam_toolbox/include/slam_toolbox/srv/save_map__struct.h
[278.619s] -- Installing: /home/nvidia/ros2_ws/install/slam_toolbox/include/slam_toolbox/srv/pause__functions.c
[278.619s] -- Installing: /home/nvidia/ros2_ws/install/slam_toolbox/include/slam_toolbox/srv/pause__struct.h
[278.619s] -- Installing: /home/nvidia/ros2_ws/install/slam_toolbox/include/slam_toolbox/srv/clear__struct.h
[278.620s] -- Installing: /home/nvidia/ros2_ws/install/slam_toolbox/include/slam_toolbox/srv/deserialize_pose_graph__struct.h
[278.620s] -- Installing: /home/nvidia/ros2_ws/install/slam_toolbox/include/slam_toolbox/srv/deserialize_pose_graph.h
[278.621s] -- Installing: /home/nvidia/ros2_ws/install/slam_toolbox/include/slam_toolbox/srv/pause__type_support.h
[278.621s] -- Installing: /home/nvidia/ros2_ws/install/slam_toolbox/include/slam_toolbox/srv/merge_maps__struct.h
[278.621s] -- Installing: /home/nvidia/ros2_ws/install/slam_toolbox/include/slam_toolbox/srv/pause__functions.h
[278.622s] -- Installing: /home/nvidia/ros2_ws/install/slam_toolbox/include/slam_toolbox/srv/loop_closure.h
[278.622s] -- Installing: /home/nvidia/ros2_ws/install/slam_toolbox/include/slam_toolbox/srv/clear_queue.h
[278.623s] -- Installing: /home/nvidia/ros2_ws/install/slam_toolbox/include/slam_toolbox/srv/loop_closure__functions.h
[278.623s] -- Installing: /home/nvidia/ros2_ws/install/slam_toolbox/share/slam_toolbox/environment/library_path.sh
[278.623s] -- Installing: /home/nvidia/ros2_ws/install/slam_toolbox/lib/libslam_toolbox__rosidl_generator_c.so
[278.624s] -- Set runtime path of "/home/nvidia/ros2_ws/install/slam_toolbox/lib/libslam_toolbox__rosidl_generator_c.so" to ""
[278.624s] -- Installing: /home/nvidia/ros2_ws/install/slam_toolbox/lib/libslam_toolbox__rosidl_typesupport_c.so
[278.625s] -- Set runtime path of "/home/nvidia/ros2_ws/install/slam_toolbox/lib/libslam_toolbox__rosidl_typesupport_c.so" to ""
[278.625s] -- Installing: /home/nvidia/ros2_ws/install/slam_toolbox/lib/libslam_toolbox__rosidl_typesupport_cpp.so
[278.625s] -- Set runtime path of "/home/nvidia/ros2_ws/install/slam_toolbox/lib/libslam_toolbox__rosidl_typesupport_cpp.so" to ""
[278.626s] -- Up-to-date: /home/nvidia/ros2_ws/install/slam_toolbox/include/slam_toolbox
[278.626s] -- Up-to-date: /home/nvidia/ros2_ws/install/slam_toolbox/include/slam_toolbox/msg
[278.627s] -- Installing: /home/nvidia/ros2_ws/install/slam_toolbox/include/slam_toolbox/msg/rosidl_typesupport_introspection_c__visibility_control.h
[278.627s] -- Up-to-date: /home/nvidia/ros2_ws/install/slam_toolbox/include/slam_toolbox/srv
[278.628s] -- Installing: /home/nvidia/ros2_ws/install/slam_toolbox/include/slam_toolbox/srv/serialize_pose_graph__type_support.c
[278.628s] -- Installing: /home/nvidia/ros2_ws/install/slam_toolbox/include/slam_toolbox/srv/add_submap__rosidl_typesupport_introspection_c.h
[278.628s] -- Installing: /home/nvidia/ros2_ws/install/slam_toolbox/include/slam_toolbox/srv/deserialize_pose_graph__type_support.c
[278.629s] -- Installing: /home/nvidia/ros2_ws/install/slam_toolbox/include/slam_toolbox/srv/clear__rosidl_typesupport_introspection_c.h
[278.629s] -- Installing: /home/nvidia/ros2_ws/install/slam_toolbox/include/slam_toolbox/srv/deserialize_pose_graph__rosidl_typesupport_introspection_c.h
[278.630s] -- Installing: /home/nvidia/ros2_ws/install/slam_toolbox/include/slam_toolbox/srv/clear__type_support.c
[278.630s] -- Installing: /home/nvidia/ros2_ws/install/slam_toolbox/include/slam_toolbox/srv/merge_maps__rosidl_typesupport_introspection_c.h
[278.631s] -- Installing: /home/nvidia/ros2_ws/install/slam_toolbox/include/slam_toolbox/srv/loop_closure__rosidl_typesupport_introspection_c.h
[278.631s] -- Installing: /home/nvidia/ros2_ws/install/slam_toolbox/include/slam_toolbox/srv/pause__type_support.c
[278.632s] -- Installing: /home/nvidia/ros2_ws/install/slam_toolbox/include/slam_toolbox/srv/add_submap__type_support.c
[278.632s] -- Installing: /home/nvidia/ros2_ws/install/slam_toolbox/include/slam_toolbox/srv/serialize_pose_graph__rosidl_typesupport_introspection_c.h
[278.633s] -- Installing: /home/nvidia/ros2_ws/install/slam_toolbox/include/slam_toolbox/srv/save_map__type_support.c
[278.633s] -- Installing: /home/nvidia/ros2_ws/install/slam_toolbox/include/slam_toolbox/srv/clear_queue__rosidl_typesupport_introspection_c.h
[278.633s] -- Installing: /home/nvidia/ros2_ws/install/slam_toolbox/include/slam_toolbox/srv/toggle_interactive__rosidl_typesupport_introspection_c.h
[278.634s] -- Installing: /home/nvidia/ros2_ws/install/slam_toolbox/include/slam_toolbox/srv/clear_queue__type_support.c
[278.634s] -- Installing: /home/nvidia/ros2_ws/install/slam_toolbox/include/slam_toolbox/srv/toggle_interactive__type_support.c
[278.635s] -- Installing: /home/nvidia/ros2_ws/install/slam_toolbox/include/slam_toolbox/srv/pause__rosidl_typesupport_introspection_c.h
[278.635s] -- Installing: /home/nvidia/ros2_ws/install/slam_toolbox/include/slam_toolbox/srv/save_map__rosidl_typesupport_introspection_c.h
[278.636s] -- Installing: /home/nvidia/ros2_ws/install/slam_toolbox/include/slam_toolbox/srv/loop_closure__type_support.c
[278.636s] -- Installing: /home/nvidia/ros2_ws/install/slam_toolbox/include/slam_toolbox/srv/merge_maps__type_support.c
[278.636s] -- Installing: /home/nvidia/ros2_ws/install/slam_toolbox/lib/libslam_toolbox__rosidl_typesupport_introspection_c.so
[278.637s] -- Set runtime path of "/home/nvidia/ros2_ws/install/slam_toolbox/lib/libslam_toolbox__rosidl_typesupport_introspection_c.so" to ""
[278.637s] -- Up-to-date: /home/nvidia/ros2_ws/install/slam_toolbox/include/slam_toolbox
[278.638s] -- Up-to-date: /home/nvidia/ros2_ws/install/slam_toolbox/include/slam_toolbox/srv
[278.638s] -- Installing: /home/nvidia/ros2_ws/install/slam_toolbox/include/slam_toolbox/srv/toggle_interactive__rosidl_typesupport_introspection_cpp.hpp
[278.638s] -- Installing: /home/nvidia/ros2_ws/install/slam_toolbox/include/slam_toolbox/srv/merge_maps__type_support.cpp
[278.639s] -- Installing: /home/nvidia/ros2_ws/install/slam_toolbox/include/slam_toolbox/srv/add_submap__rosidl_typesupport_introspection_cpp.hpp
[278.639s] -- Installing: /home/nvidia/ros2_ws/install/slam_toolbox/include/slam_toolbox/srv/clear__type_support.cpp
[278.640s] -- Installing: /home/nvidia/ros2_ws/install/slam_toolbox/include/slam_toolbox/srv/loop_closure__type_support.cpp
[278.640s] -- Installing: /home/nvidia/ros2_ws/install/slam_toolbox/include/slam_toolbox/srv/toggle_interactive__type_support.cpp
[278.640s] -- Installing: /home/nvidia/ros2_ws/install/slam_toolbox/include/slam_toolbox/srv/merge_maps__rosidl_typesupport_introspection_cpp.hpp
[278.641s] -- Installing: /home/nvidia/ros2_ws/install/slam_toolbox/include/slam_toolbox/srv/clear_queue__type_support.cpp
[278.642s] -- Installing: /home/nvidia/ros2_ws/install/slam_toolbox/include/slam_toolbox/srv/deserialize_pose_graph__type_support.cpp
[278.642s] -- Installing: /home/nvidia/ros2_ws/install/slam_toolbox/include/slam_toolbox/srv/serialize_pose_graph__type_support.cpp
[278.643s] -- Installing: /home/nvidia/ros2_ws/install/slam_toolbox/include/slam_toolbox/srv/pause__type_support.cpp
[278.643s] -- Installing: /home/nvidia/ros2_ws/install/slam_toolbox/include/slam_toolbox/srv/serialize_pose_graph__rosidl_typesupport_introspection_cpp.hpp
[278.644s] -- Installing: /home/nvidia/ros2_ws/install/slam_toolbox/include/slam_toolbox/srv/save_map__rosidl_typesupport_introspection_cpp.hpp
[278.644s] -- Installing: /home/nvidia/ros2_ws/install/slam_toolbox/include/slam_toolbox/srv/save_map__type_support.cpp
[278.645s] -- Installing: /home/nvidia/ros2_ws/install/slam_toolbox/include/slam_toolbox/srv/clear_queue__rosidl_typesupport_introspection_cpp.hpp
[278.645s] -- Installing: /home/nvidia/ros2_ws/install/slam_toolbox/include/slam_toolbox/srv/pause__rosidl_typesupport_introspection_cpp.hpp
[278.645s] -- Installing: /home/nvidia/ros2_ws/install/slam_toolbox/include/slam_toolbox/srv/loop_closure__rosidl_typesupport_introspection_cpp.hpp
[278.646s] -- Installing: /home/nvidia/ros2_ws/install/slam_toolbox/include/slam_toolbox/srv/add_submap__type_support.cpp
[278.646s] -- Installing: /home/nvidia/ros2_ws/install/slam_toolbox/include/slam_toolbox/srv/deserialize_pose_graph__rosidl_typesupport_introspection_cpp.hpp
[278.647s] -- Installing: /home/nvidia/ros2_ws/install/slam_toolbox/include/slam_toolbox/srv/clear__rosidl_typesupport_introspection_cpp.hpp
[278.647s] -- Installing: /home/nvidia/ros2_ws/install/slam_toolbox/lib/libslam_toolbox__rosidl_typesupport_introspection_cpp.so
[278.648s] -- Set runtime path of "/home/nvidia/ros2_ws/install/slam_toolbox/lib/libslam_toolbox__rosidl_typesupport_introspection_cpp.so" to ""
[278.648s] -- Up-to-date: /home/nvidia/ros2_ws/install/slam_toolbox/include/slam_toolbox
[278.648s] -- Up-to-date: /home/nvidia/ros2_ws/install/slam_toolbox/include/slam_toolbox/msg
[278.649s] -- Installing: /home/nvidia/ros2_ws/install/slam_toolbox/include/slam_toolbox/msg/rosidl_typesupport_fastrtps_c__visibility_control.h
[278.649s] -- Up-to-date: /home/nvidia/ros2_ws/install/slam_toolbox/include/slam_toolbox/srv
[278.650s] -- Installing: /home/nvidia/ros2_ws/install/slam_toolbox/include/slam_toolbox/srv/clear_queue__rosidl_typesupport_fastrtps_c.h
[278.650s] -- Installing: /home/nvidia/ros2_ws/install/slam_toolbox/include/slam_toolbox/srv/pause__rosidl_typesupport_fastrtps_c.h
[278.650s] -- Installing: /home/nvidia/ros2_ws/install/slam_toolbox/include/slam_toolbox/srv/loop_closure__rosidl_typesupport_fastrtps_c.h
[278.651s] -- Installing: /home/nvidia/ros2_ws/install/slam_toolbox/include/slam_toolbox/srv/serialize_pose_graph__rosidl_typesupport_fastrtps_c.h
[278.651s] -- Installing: /home/nvidia/ros2_ws/install/slam_toolbox/include/slam_toolbox/srv/save_map__rosidl_typesupport_fastrtps_c.h
[278.652s] -- Installing: /home/nvidia/ros2_ws/install/slam_toolbox/include/slam_toolbox/srv/clear__rosidl_typesupport_fastrtps_c.h
[278.652s] -- Installing: /home/nvidia/ros2_ws/install/slam_toolbox/include/slam_toolbox/srv/add_submap__rosidl_typesupport_fastrtps_c.h
[278.653s] -- Installing: /home/nvidia/ros2_ws/install/slam_toolbox/include/slam_toolbox/srv/toggle_interactive__rosidl_typesupport_fastrtps_c.h
[278.653s] -- Installing: /home/nvidia/ros2_ws/install/slam_toolbox/include/slam_toolbox/srv/deserialize_pose_graph__rosidl_typesupport_fastrtps_c.h
[278.653s] -- Installing: /home/nvidia/ros2_ws/install/slam_toolbox/include/slam_toolbox/srv/merge_maps__rosidl_typesupport_fastrtps_c.h
[278.654s] -- Installing: /home/nvidia/ros2_ws/install/slam_toolbox/lib/libslam_toolbox__rosidl_typesupport_fastrtps_c.so
[278.654s] -- Set runtime path of "/home/nvidia/ros2_ws/install/slam_toolbox/lib/libslam_toolbox__rosidl_typesupport_fastrtps_c.so" to ""
[278.655s] -- Up-to-date: /home/nvidia/ros2_ws/install/slam_toolbox/include/slam_toolbox
[278.655s] -- Up-to-date: /home/nvidia/ros2_ws/install/slam_toolbox/include/slam_toolbox/msg
[278.656s] -- Installing: /home/nvidia/ros2_ws/install/slam_toolbox/include/slam_toolbox/msg/rosidl_typesupport_fastrtps_cpp__visibility_control.h
[278.656s] -- Up-to-date: /home/nvidia/ros2_ws/install/slam_toolbox/include/slam_toolbox/srv
[278.656s] -- Installing: /home/nvidia/ros2_ws/install/slam_toolbox/include/slam_toolbox/srv/merge_maps__rosidl_typesupport_fastrtps_cpp.hpp
[278.657s] -- Installing: /home/nvidia/ros2_ws/install/slam_toolbox/include/slam_toolbox/srv/clear__rosidl_typesupport_fastrtps_cpp.hpp
[278.657s] -- Installing: /home/nvidia/ros2_ws/install/slam_toolbox/include/slam_toolbox/srv/serialize_pose_graph__rosidl_typesupport_fastrtps_cpp.hpp
[278.657s] -- Installing: /home/nvidia/ros2_ws/install/slam_toolbox/include/slam_toolbox/srv/pause__rosidl_typesupport_fastrtps_cpp.hpp
[278.658s] -- Installing: /home/nvidia/ros2_ws/install/slam_toolbox/include/slam_toolbox/srv/deserialize_pose_graph__rosidl_typesupport_fastrtps_cpp.hpp
[278.658s] -- Installing: /home/nvidia/ros2_ws/install/slam_toolbox/include/slam_toolbox/srv/dds_fastrtps
[278.659s] -- Installing: /home/nvidia/ros2_ws/install/slam_toolbox/include/slam_toolbox/srv/save_map__rosidl_typesupport_fastrtps_cpp.hpp
[278.659s] -- Installing: /home/nvidia/ros2_ws/install/slam_toolbox/include/slam_toolbox/srv/loop_closure__rosidl_typesupport_fastrtps_cpp.hpp
[278.660s] -- Installing: /home/nvidia/ros2_ws/install/slam_toolbox/include/slam_toolbox/srv/add_submap__rosidl_typesupport_fastrtps_cpp.hpp
[278.660s] -- Installing: /home/nvidia/ros2_ws/install/slam_toolbox/include/slam_toolbox/srv/toggle_interactive__rosidl_typesupport_fastrtps_cpp.hpp
[278.660s] -- Installing: /home/nvidia/ros2_ws/install/slam_toolbox/include/slam_toolbox/srv/clear_queue__rosidl_typesupport_fastrtps_cpp.hpp
[278.661s] -- Installing: /home/nvidia/ros2_ws/install/slam_toolbox/lib/libslam_toolbox__rosidl_typesupport_fastrtps_cpp.so
[278.661s] -- Set runtime path of "/home/nvidia/ros2_ws/install/slam_toolbox/lib/libslam_toolbox__rosidl_typesupport_fastrtps_cpp.so" to ""
[278.661s] -- Installing: /home/nvidia/ros2_ws/install/slam_toolbox/share/slam_toolbox/environment/pythonpath.sh
[278.662s] -- Installing: /home/nvidia/ros2_ws/install/slam_toolbox/lib/python3.6/site-packages/slam_toolbox/__init__.py
[278.779s] Compiling '/home/nvidia/ros2_ws/install/slam_toolbox/lib/python3.6/site-packages/slam_toolbox/__init__.py'...
[278.798s] -- Installing: /home/nvidia/ros2_ws/install/slam_toolbox/lib/python3.6/site-packages/slam_toolbox/srv
[278.799s] -- Installing: /home/nvidia/ros2_ws/install/slam_toolbox/lib/python3.6/site-packages/slam_toolbox/srv/_serialize_pose_graph_s.c
[278.800s] -- Installing: /home/nvidia/ros2_ws/install/slam_toolbox/lib/python3.6/site-packages/slam_toolbox/srv/_merge_maps_s.c
[278.801s] -- Installing: /home/nvidia/ros2_ws/install/slam_toolbox/lib/python3.6/site-packages/slam_toolbox/srv/_clear_queue.py
[278.801s] -- Installing: /home/nvidia/ros2_ws/install/slam_toolbox/lib/python3.6/site-packages/slam_toolbox/srv/_toggle_interactive.py
[278.802s] -- Installing: /home/nvidia/ros2_ws/install/slam_toolbox/lib/python3.6/site-packages/slam_toolbox/srv/_serialize_pose_graph.py
[278.802s] -- Installing: /home/nvidia/ros2_ws/install/slam_toolbox/lib/python3.6/site-packages/slam_toolbox/srv/_merge_maps.py
[278.803s] -- Installing: /home/nvidia/ros2_ws/install/slam_toolbox/lib/python3.6/site-packages/slam_toolbox/srv/_loop_closure.py
[278.803s] -- Installing: /home/nvidia/ros2_ws/install/slam_toolbox/lib/python3.6/site-packages/slam_toolbox/srv/_pause.py
[278.804s] -- Installing: /home/nvidia/ros2_ws/install/slam_toolbox/lib/python3.6/site-packages/slam_toolbox/srv/_save_map_s.c
[278.804s] -- Installing: /home/nvidia/ros2_ws/install/slam_toolbox/lib/python3.6/site-packages/slam_toolbox/srv/_save_map.py
[278.805s] -- Installing: /home/nvidia/ros2_ws/install/slam_toolbox/lib/python3.6/site-packages/slam_toolbox/srv/__init__.py
[278.805s] -- Installing: /home/nvidia/ros2_ws/install/slam_toolbox/lib/python3.6/site-packages/slam_toolbox/srv/_add_submap.py
[278.805s] -- Installing: /home/nvidia/ros2_ws/install/slam_toolbox/lib/python3.6/site-packages/slam_toolbox/srv/_pause_s.c
[278.806s] -- Installing: /home/nvidia/ros2_ws/install/slam_toolbox/lib/python3.6/site-packages/slam_toolbox/srv/_clear_s.c
[278.806s] -- Installing: /home/nvidia/ros2_ws/install/slam_toolbox/lib/python3.6/site-packages/slam_toolbox/srv/_deserialize_pose_graph_s.c
[278.807s] -- Installing: /home/nvidia/ros2_ws/install/slam_toolbox/lib/python3.6/site-packages/slam_toolbox/srv/_deserialize_pose_graph.py
[278.807s] -- Installing: /home/nvidia/ros2_ws/install/slam_toolbox/lib/python3.6/site-packages/slam_toolbox/srv/_toggle_interactive_s.c
[278.808s] -- Installing: /home/nvidia/ros2_ws/install/slam_toolbox/lib/python3.6/site-packages/slam_toolbox/srv/_loop_closure_s.c
[278.808s] -- Installing: /home/nvidia/ros2_ws/install/slam_toolbox/lib/python3.6/site-packages/slam_toolbox/srv/_clear.py
[278.808s] -- Installing: /home/nvidia/ros2_ws/install/slam_toolbox/lib/python3.6/site-packages/slam_toolbox/srv/_add_submap_s.c
[278.809s] -- Installing: /home/nvidia/ros2_ws/install/slam_toolbox/lib/python3.6/site-packages/slam_toolbox/srv/_clear_queue_s.c
[278.809s] -- Installing: /home/nvidia/ros2_ws/install/slam_toolbox/lib/python3.6/site-packages/slam_toolbox/slam_toolbox_s__rosidl_typesupport_c.cpython-36m-aarch64-linux-gnu.so
[278.810s] -- Set runtime path of "/home/nvidia/ros2_ws/install/slam_toolbox/lib/python3.6/site-packages/slam_toolbox/slam_toolbox_s__rosidl_typesupport_c.cpython-36m-aarch64-linux-gnu.so" to ""
[278.810s] -- Installing: /home/nvidia/ros2_ws/install/slam_toolbox/lib/python3.6/site-packages/slam_toolbox/slam_toolbox_s__rosidl_typesupport_introspection_c.cpython-36m-aarch64-linux-gnu.so
[278.811s] -- Set runtime path of "/home/nvidia/ros2_ws/install/slam_toolbox/lib/python3.6/site-packages/slam_toolbox/slam_toolbox_s__rosidl_typesupport_introspection_c.cpython-36m-aarch64-linux-gnu.so" to ""
[278.811s] -- Installing: /home/nvidia/ros2_ws/install/slam_toolbox/lib/python3.6/site-packages/slam_toolbox/slam_toolbox_s__rosidl_typesupport_fastrtps_c.cpython-36m-aarch64-linux-gnu.so
[278.812s] -- Set runtime path of "/home/nvidia/ros2_ws/install/slam_toolbox/lib/python3.6/site-packages/slam_toolbox/slam_toolbox_s__rosidl_typesupport_fastrtps_c.cpython-36m-aarch64-linux-gnu.so" to ""
[278.813s] -- Installing: /home/nvidia/ros2_ws/install/slam_toolbox/lib/libslam_toolbox__python.so
[278.814s] -- Set runtime path of "/home/nvidia/ros2_ws/install/slam_toolbox/lib/libslam_toolbox__python.so" to ""
[278.814s] -- Installing: /home/nvidia/ros2_ws/install/slam_toolbox/share/slam_toolbox/srv/Pause.idl
[278.815s] -- Installing: /home/nvidia/ros2_ws/install/slam_toolbox/share/slam_toolbox/srv/ClearQueue.idl
[278.815s] -- Installing: /home/nvidia/ros2_ws/install/slam_toolbox/share/slam_toolbox/srv/ToggleInteractive.idl
[278.816s] -- Installing: /home/nvidia/ros2_ws/install/slam_toolbox/share/slam_toolbox/srv/Clear.idl
[278.816s] -- Installing: /home/nvidia/ros2_ws/install/slam_toolbox/share/slam_toolbox/srv/SaveMap.idl
[278.816s] -- Installing: /home/nvidia/ros2_ws/install/slam_toolbox/share/slam_toolbox/srv/LoopClosure.idl
[278.817s] -- Installing: /home/nvidia/ros2_ws/install/slam_toolbox/share/slam_toolbox/srv/MergeMaps.idl
[278.817s] -- Installing: /home/nvidia/ros2_ws/install/slam_toolbox/share/slam_toolbox/srv/AddSubmap.idl
[278.818s] -- Installing: /home/nvidia/ros2_ws/install/slam_toolbox/share/slam_toolbox/srv/DeserializePoseGraph.idl
[278.818s] -- Installing: /home/nvidia/ros2_ws/install/slam_toolbox/share/slam_toolbox/srv/SerializePoseGraph.idl
[278.818s] -- Installing: /home/nvidia/ros2_ws/install/slam_toolbox/share/slam_toolbox/srvs/Pause.srv
[278.819s] -- Installing: /home/nvidia/ros2_ws/install/slam_toolbox/share/slam_toolbox/srvs/Pause_Request.msg
[278.819s] -- Installing: /home/nvidia/ros2_ws/install/slam_toolbox/share/slam_toolbox/srvs/Pause_Response.msg
[278.820s] -- Installing: /home/nvidia/ros2_ws/install/slam_toolbox/share/slam_toolbox/srvs/ClearQueue.srv
[278.820s] -- Installing: /home/nvidia/ros2_ws/install/slam_toolbox/share/slam_toolbox/srvs/ClearQueue_Request.msg
[278.820s] -- Installing: /home/nvidia/ros2_ws/install/slam_toolbox/share/slam_toolbox/srvs/ClearQueue_Response.msg
[278.821s] -- Installing: /home/nvidia/ros2_ws/install/slam_toolbox/share/slam_toolbox/srvs/ToggleInteractive.srv
[278.821s] -- Installing: /home/nvidia/ros2_ws/install/slam_toolbox/share/slam_toolbox/srvs/ToggleInteractive_Request.msg
[278.822s] -- Installing: /home/nvidia/ros2_ws/install/slam_toolbox/share/slam_toolbox/srvs/ToggleInteractive_Response.msg
[278.822s] -- Installing: /home/nvidia/ros2_ws/install/slam_toolbox/share/slam_toolbox/srvs/Clear.srv
[278.822s] -- Installing: /home/nvidia/ros2_ws/install/slam_toolbox/share/slam_toolbox/srvs/Clear_Request.msg
[278.823s] -- Installing: /home/nvidia/ros2_ws/install/slam_toolbox/share/slam_toolbox/srvs/Clear_Response.msg
[278.823s] -- Installing: /home/nvidia/ros2_ws/install/slam_toolbox/share/slam_toolbox/srvs/SaveMap.srv
[278.824s] -- Installing: /home/nvidia/ros2_ws/install/slam_toolbox/share/slam_toolbox/srvs/SaveMap_Request.msg
[278.824s] -- Installing: /home/nvidia/ros2_ws/install/slam_toolbox/share/slam_toolbox/srvs/SaveMap_Response.msg
[278.825s] -- Installing: /home/nvidia/ros2_ws/install/slam_toolbox/share/slam_toolbox/srvs/LoopClosure.srv
[278.825s] -- Installing: /home/nvidia/ros2_ws/install/slam_toolbox/share/slam_toolbox/srvs/LoopClosure_Request.msg
[278.826s] -- Installing: /home/nvidia/ros2_ws/install/slam_toolbox/share/slam_toolbox/srvs/LoopClosure_Response.msg
[278.826s] -- Installing: /home/nvidia/ros2_ws/install/slam_toolbox/share/slam_toolbox/srvs/MergeMaps.srv
[278.827s] -- Installing: /home/nvidia/ros2_ws/install/slam_toolbox/share/slam_toolbox/srvs/MergeMaps_Request.msg
[278.827s] -- Installing: /home/nvidia/ros2_ws/install/slam_toolbox/share/slam_toolbox/srvs/MergeMaps_Response.msg
[278.827s] -- Installing: /home/nvidia/ros2_ws/install/slam_toolbox/share/slam_toolbox/srvs/AddSubmap.srv
[278.828s] -- Installing: /home/nvidia/ros2_ws/install/slam_toolbox/share/slam_toolbox/srvs/AddSubmap_Request.msg
[278.828s] -- Installing: /home/nvidia/ros2_ws/install/slam_toolbox/share/slam_toolbox/srvs/AddSubmap_Response.msg
[278.829s] -- Installing: /home/nvidia/ros2_ws/install/slam_toolbox/share/slam_toolbox/srvs/DeserializePoseGraph.srv
[278.829s] -- Installing: /home/nvidia/ros2_ws/install/slam_toolbox/share/slam_toolbox/srvs/DeserializePoseGraph_Request.msg
[278.829s] -- Installing: /home/nvidia/ros2_ws/install/slam_toolbox/share/slam_toolbox/srvs/DeserializePoseGraph_Response.msg
[278.830s] -- Installing: /home/nvidia/ros2_ws/install/slam_toolbox/share/slam_toolbox/srvs/SerializePoseGraph.srv
[278.830s] -- Installing: /home/nvidia/ros2_ws/install/slam_toolbox/share/slam_toolbox/srvs/SerializePoseGraph_Request.msg
[278.831s] -- Installing: /home/nvidia/ros2_ws/install/slam_toolbox/share/slam_toolbox/srvs/SerializePoseGraph_Response.msg
[278.831s] -- Installing: /home/nvidia/ros2_ws/install/slam_toolbox/share/slam_toolbox/solver_plugins.xml
[278.831s] -- Installing: /home/nvidia/ros2_ws/install/slam_toolbox/lib/slam_toolbox/async_slam_toolbox_node
[278.835s] -- Set runtime path of "/home/nvidia/ros2_ws/install/slam_toolbox/lib/slam_toolbox/async_slam_toolbox_node" to ""
[278.836s] -- Installing: /home/nvidia/ros2_ws/install/slam_toolbox/lib/slam_toolbox/sync_slam_toolbox_node
[278.839s] -- Set runtime path of "/home/nvidia/ros2_ws/install/slam_toolbox/lib/slam_toolbox/sync_slam_toolbox_node" to ""
[278.839s] -- Installing: /home/nvidia/ros2_ws/install/slam_toolbox/lib/slam_toolbox/localization_slam_toolbox_node
[278.843s] -- Set runtime path of "/home/nvidia/ros2_ws/install/slam_toolbox/lib/slam_toolbox/localization_slam_toolbox_node" to ""
[278.844s] -- Installing: /home/nvidia/ros2_ws/install/slam_toolbox/lib/slam_toolbox/lifelong_slam_toolbox_node
[278.847s] -- Set runtime path of "/home/nvidia/ros2_ws/install/slam_toolbox/lib/slam_toolbox/lifelong_slam_toolbox_node" to ""
[278.848s] -- Installing: /home/nvidia/ros2_ws/install/slam_toolbox/lib/slam_toolbox/merge_maps_kinematic
[278.852s] -- Set runtime path of "/home/nvidia/ros2_ws/install/slam_toolbox/lib/slam_toolbox/merge_maps_kinematic" to ""
[278.853s] -- Installing: /home/nvidia/ros2_ws/install/slam_toolbox/lib/liblifelong_slam_toolbox.so
[278.856s] -- Set runtime path of "/home/nvidia/ros2_ws/install/slam_toolbox/lib/liblifelong_slam_toolbox.so" to ""
[278.857s] -- Installing: /home/nvidia/ros2_ws/install/slam_toolbox/lib/liblocalization_slam_toolbox.so
[278.861s] -- Set runtime path of "/home/nvidia/ros2_ws/install/slam_toolbox/lib/liblocalization_slam_toolbox.so" to ""
[278.861s] -- Installing: /home/nvidia/ros2_ws/install/slam_toolbox/lib/libsync_slam_toolbox.so
[278.865s] -- Set runtime path of "/home/nvidia/ros2_ws/install/slam_toolbox/lib/libsync_slam_toolbox.so" to ""
[278.866s] -- Installing: /home/nvidia/ros2_ws/install/slam_toolbox/lib/libasync_slam_toolbox.so
[278.869s] -- Set runtime path of "/home/nvidia/ros2_ws/install/slam_toolbox/lib/libasync_slam_toolbox.so" to ""
[278.870s] -- Installing: /home/nvidia/ros2_ws/install/slam_toolbox/lib/libtoolbox_common.so
[278.879s] -- Set runtime path of "/home/nvidia/ros2_ws/install/slam_toolbox/lib/libtoolbox_common.so" to ""
[278.880s] -- Installing: /home/nvidia/ros2_ws/install/slam_toolbox/lib/libceres_solver_plugin.so
[278.883s] -- Set runtime path of "/home/nvidia/ros2_ws/install/slam_toolbox/lib/libceres_solver_plugin.so" to ""
[278.884s] -- Up-to-date: /home/nvidia/ros2_ws/install/slam_toolbox/include
[278.884s] -- Up-to-date: /home/nvidia/ros2_ws/install/slam_toolbox/include/slam_toolbox
[278.885s] -- Installing: /home/nvidia/ros2_ws/install/slam_toolbox/include/slam_toolbox/serialization.hpp
[278.885s] -- Installing: /home/nvidia/ros2_ws/install/slam_toolbox/include/slam_toolbox/slam_toolbox_localization.hpp
[278.886s] -- Installing: /home/nvidia/ros2_ws/install/slam_toolbox/include/slam_toolbox/merge_maps_kinematic.hpp
[278.886s] -- Installing: /home/nvidia/ros2_ws/install/slam_toolbox/include/slam_toolbox/snap_utils.hpp
[278.886s] -- Installing: /home/nvidia/ros2_ws/install/slam_toolbox/include/slam_toolbox/map_saver.hpp
[278.887s] -- Installing: /home/nvidia/ros2_ws/install/slam_toolbox/include/slam_toolbox/slam_toolbox_common.hpp
[278.887s] -- Installing: /home/nvidia/ros2_ws/install/slam_toolbox/include/slam_toolbox/slam_toolbox_sync.hpp
[278.888s] -- Installing: /home/nvidia/ros2_ws/install/slam_toolbox/include/slam_toolbox/toolbox_types.hpp
[278.888s] -- Installing: /home/nvidia/ros2_ws/install/slam_toolbox/include/slam_toolbox/experimental
[278.888s] -- Installing: /home/nvidia/ros2_ws/install/slam_toolbox/include/slam_toolbox/experimental/slam_toolbox_lifelong.hpp
[278.889s] -- Installing: /home/nvidia/ros2_ws/install/slam_toolbox/include/slam_toolbox/visualization_utils.hpp
[278.889s] -- Installing: /home/nvidia/ros2_ws/install/slam_toolbox/include/slam_toolbox/slam_toolbox_async.hpp
[278.890s] -- Installing: /home/nvidia/ros2_ws/install/slam_toolbox/include/slam_toolbox/get_pose_helper.hpp
[278.890s] -- Installing: /home/nvidia/ros2_ws/install/slam_toolbox/include/slam_toolbox/laser_utils.hpp
[278.891s] -- Installing: /home/nvidia/ros2_ws/install/slam_toolbox/include/slam_toolbox/loop_closure_assistant.hpp
[278.892s] -- Installing: /home/nvidia/ros2_ws/install/slam_toolbox/include/slam_toolbox/toolbox_msgs.hpp
[278.892s] -- Installing: /home/nvidia/ros2_ws/install/slam_toolbox/include/slam_toolbox/slam_mapper.hpp
[278.893s] -- Installing: /home/nvidia/ros2_ws/install/slam_toolbox/share/slam_toolbox/launch
[278.893s] -- Installing: /home/nvidia/ros2_ws/install/slam_toolbox/share/slam_toolbox/launch/online_async_launch.py
[278.893s] -- Installing: /home/nvidia/ros2_ws/install/slam_toolbox/share/slam_toolbox/launch/localization_launch.py
[278.894s] -- Installing: /home/nvidia/ros2_ws/install/slam_toolbox/share/slam_toolbox/launch/lifelong_launch.py
[278.894s] -- Installing: /home/nvidia/ros2_ws/install/slam_toolbox/share/slam_toolbox/launch/merge_maps_kinematic_launch.py
[278.895s] -- Installing: /home/nvidia/ros2_ws/install/slam_toolbox/share/slam_toolbox/launch/offline_launch.py
[278.895s] -- Installing: /home/nvidia/ros2_ws/install/slam_toolbox/share/slam_toolbox/launch/online_sync_launch.py
[278.895s] -- Installing: /home/nvidia/ros2_ws/install/slam_toolbox/share/slam_toolbox/config
[278.896s] -- Installing: /home/nvidia/ros2_ws/install/slam_toolbox/share/slam_toolbox/config/mapper_params_localization.yaml
[278.896s] -- Installing: /home/nvidia/ros2_ws/install/slam_toolbox/share/slam_toolbox/config/mapper_params_online_async.yaml
[278.897s] -- Installing: /home/nvidia/ros2_ws/install/slam_toolbox/share/slam_toolbox/config/mapper_params_lifelong.yaml
[278.897s] -- Installing: /home/nvidia/ros2_ws/install/slam_toolbox/share/slam_toolbox/config/slam_toolbox_default.rviz
[278.897s] -- Installing: /home/nvidia/ros2_ws/install/slam_toolbox/share/slam_toolbox/config/mapper_params_offline.yaml
[278.898s] -- Installing: /home/nvidia/ros2_ws/install/slam_toolbox/share/slam_toolbox/config/mapper_params_online_sync.yaml
[278.898s] -- Installing: /home/nvidia/ros2_ws/install/slam_toolbox/share/solver_plugins.xml
[278.899s] -- Installing: /home/nvidia/ros2_ws/install/slam_toolbox/share/ament_index/resource_index/package_run_dependencies/slam_toolbox
[278.899s] -- Installing: /home/nvidia/ros2_ws/install/slam_toolbox/share/ament_index/resource_index/parent_prefix_path/slam_toolbox
[278.899s] -- Installing: /home/nvidia/ros2_ws/install/slam_toolbox/share/slam_toolbox/environment/ament_prefix_path.sh
[278.900s] -- Installing: /home/nvidia/ros2_ws/install/slam_toolbox/share/slam_toolbox/environment/path.sh
[278.900s] -- Installing: /home/nvidia/ros2_ws/install/slam_toolbox/share/slam_toolbox/local_setup.bash
[278.901s] -- Installing: /home/nvidia/ros2_ws/install/slam_toolbox/share/slam_toolbox/local_setup.sh
[278.901s] -- Installing: /home/nvidia/ros2_ws/install/slam_toolbox/share/slam_toolbox/local_setup.zsh
[278.901s] -- Installing: /home/nvidia/ros2_ws/install/slam_toolbox/share/ament_index/resource_index/packages/slam_toolbox
[278.902s] -- Installing: /home/nvidia/ros2_ws/install/slam_toolbox/share/ament_index/resource_index/slam_toolbox__pluginlib__plugin/slam_toolbox
[278.903s] -- Installing: /home/nvidia/ros2_ws/install/slam_toolbox/share/slam_toolbox/cmake/rosidl_cmake-extras.cmake
[278.903s] -- Installing: /home/nvidia/ros2_ws/install/slam_toolbox/share/slam_toolbox/cmake/ament_cmake_export_dependencies-extras.cmake
[278.904s] -- Installing: /home/nvidia/ros2_ws/install/slam_toolbox/share/slam_toolbox/cmake/ament_cmake_export_include_directories-extras.cmake
[278.904s] -- Installing: /home/nvidia/ros2_ws/install/slam_toolbox/share/slam_toolbox/cmake/ament_cmake_export_libraries-extras.cmake
[278.904s] -- Installing: /home/nvidia/ros2_ws/install/slam_toolbox/share/slam_toolbox/cmake/slam_toolboxConfig.cmake
[278.905s] -- Installing: /home/nvidia/ros2_ws/install/slam_toolbox/share/slam_toolbox/cmake/slam_toolboxConfig-version.cmake
[278.905s] -- Installing: /home/nvidia/ros2_ws/install/slam_toolbox/share/slam_toolbox/package.xml
[278.906s] -- Up-to-date: /home/nvidia/ros2_ws/install/slam_toolbox/include/
[278.906s] -- Installing: /home/nvidia/ros2_ws/install/slam_toolbox/include//karto_sdk
[278.907s] -- Installing: /home/nvidia/ros2_ws/install/slam_toolbox/include//karto_sdk/nanoflann_adaptors.h
[278.907s] -- Installing: /home/nvidia/ros2_ws/install/slam_toolbox/include//karto_sdk/Types.h
[278.907s] -- Installing: /home/nvidia/ros2_ws/install/slam_toolbox/include//karto_sdk/Karto.h
[278.908s] -- Installing: /home/nvidia/ros2_ws/install/slam_toolbox/include//karto_sdk/Math.h
[278.908s] -- Installing: /home/nvidia/ros2_ws/install/slam_toolbox/include//karto_sdk/Macros.h
[278.908s] -- Installing: /home/nvidia/ros2_ws/install/slam_toolbox/include//karto_sdk/nanoflann.hpp
[278.909s] -- Installing: /home/nvidia/ros2_ws/install/slam_toolbox/include//karto_sdk/Mapper.h
[278.909s] -- Installing: /home/nvidia/ros2_ws/install/slam_toolbox/lib/libkarto.so
[278.921s] -- Set runtime path of "/home/nvidia/ros2_ws/install/slam_toolbox/lib/libkarto.so" to ""
[278.921s] -- Installing: /home/nvidia/ros2_ws/install/slam_toolbox/share/karto_sdk/environment/library_path.sh
[278.922s] -- Installing: /home/nvidia/ros2_ws/install/slam_toolbox/share/ament_index/resource_index/package_run_dependencies/karto_sdk
[278.922s] -- Installing: /home/nvidia/ros2_ws/install/slam_toolbox/share/ament_index/resource_index/parent_prefix_path/karto_sdk
[278.923s] -- Installing: /home/nvidia/ros2_ws/install/slam_toolbox/share/karto_sdk/environment/ament_prefix_path.sh
[278.923s] -- Installing: /home/nvidia/ros2_ws/install/slam_toolbox/share/karto_sdk/environment/path.sh
[278.924s] -- Installing: /home/nvidia/ros2_ws/install/slam_toolbox/share/karto_sdk/local_setup.bash
[278.924s] -- Installing: /home/nvidia/ros2_ws/install/slam_toolbox/share/karto_sdk/local_setup.sh
[278.925s] -- Installing: /home/nvidia/ros2_ws/install/slam_toolbox/share/karto_sdk/local_setup.zsh
[278.925s] -- Installing: /home/nvidia/ros2_ws/install/slam_toolbox/share/ament_index/resource_index/packages/karto_sdk
[278.926s] -- Installing: /home/nvidia/ros2_ws/install/slam_toolbox/share/karto_sdk/cmake/ament_cmake_export_libraries-extras.cmake
[278.926s] -- Installing: /home/nvidia/ros2_ws/install/slam_toolbox/share/karto_sdk/cmake/ament_cmake_export_include_directories-extras.cmake
[278.926s] -- Installing: /home/nvidia/ros2_ws/install/slam_toolbox/share/karto_sdk/cmake/ament_cmake_export_dependencies-extras.cmake
[278.927s] -- Installing: /home/nvidia/ros2_ws/install/slam_toolbox/share/karto_sdk/cmake/karto_sdkConfig.cmake
[278.927s] -- Installing: /home/nvidia/ros2_ws/install/slam_toolbox/share/karto_sdk/cmake/karto_sdkConfig-version.cmake
[278.928s] -- Installing: /home/nvidia/ros2_ws/install/slam_toolbox/share/karto_sdk/package.xml
[278.936s] Invoked command in '/home/nvidia/ros2_ws/build/slam_toolbox' returned '0': CMAKE_PREFIX_PATH=/opt/ros/dashing /usr/local/bin/cmake --install /home/nvidia/ros2_ws/build/slam_toolbox
