[0.053s] Invoking command in '/home/nvidia/qcar_ros2_ws/build/twist_mux': /usr/local/bin/cmake /home/nvidia/qcar_ros2_ws/src/twist_mux -DCATKIN_INSTALL_INTO_PREFIX_ROOT=0 -DCMAKE_INSTALL_PREFIX=/home/nvidia/qcar_ros2_ws/install/twist_mux
[0.121s] [0mCMake Deprecation Warning at CMakeLists.txt:1 (cmake_minimum_required):
[0.121s]   Compatibility with CMake < 2.8.12 will be removed from a future version of
[0.122s]   CMake.
[0.122s] 
[0.123s]   Update the VERSION argument <min> value or use a ...<max> suffix to tell
[0.123s]   CMake that the project does not need compatibility with older versions.
[0.124s] 
[0.125s] [0m
[0.434s] -- The C compiler identification is GNU 7.5.0
[0.691s] -- The CXX compiler identification is GNU 7.5.0
[0.724s] -- Detecting C compiler ABI info
[0.893s] -- Detecting C compiler ABI info - done
[0.921s] -- Check for working C compiler: /usr/bin/cc - skipped
[0.923s] -- Detecting C compile features
[0.926s] -- Detecting C compile features - done
[0.939s] -- Detecting CXX compiler ABI info
[1.123s] -- Detecting CXX compiler ABI info - done
[1.153s] -- Check for working CXX compiler: /usr/bin/c++ - skipped
[1.154s] -- Detecting CXX compile features
[1.156s] -- Detecting CXX compile features - done
[1.204s] [31mCMake Error at CMakeLists.txt:4 (find_package):
[1.204s]   By not providing "Findcatkin.cmake" in CMAKE_MODULE_PATH this project has
[1.205s]   asked CMake to find a package configuration file provided by "catkin", but
[1.205s]   CMake did not find one.
[1.205s] 
[1.206s]   Could not find a package configuration file provided by "catkin" with any
[1.206s]   of the following names:
[1.207s] 
[1.207s]     catkinConfig.cmake
[1.208s]     catkin-config.cmake
[1.209s] 
[1.209s]   Add the installation prefix of "catkin" to CMAKE_PREFIX_PATH or set
[1.210s]   "catkin_DIR" to a directory containing one of the above files.  If "catkin"
[1.210s]   provides a separate development package or SDK, be sure it has been
[1.210s]   installed.
[1.211s] 
[1.212s] [0m
[1.212s] -- Configuring incomplete, errors occurred!
[1.214s] See also "/home/nvidia/qcar_ros2_ws/build/twist_mux/CMakeFiles/CMakeOutput.log".
[1.215s] Invoked command in '/home/nvidia/qcar_ros2_ws/build/twist_mux' returned '1': /usr/local/bin/cmake /home/nvidia/qcar_ros2_ws/src/twist_mux -DCATKIN_INSTALL_INTO_PREFIX_ROOT=0 -DCMAKE_INSTALL_PREFIX=/home/nvidia/qcar_ros2_ws/install/twist_mux
