[5.035s] Invoking command in '/home/nvidia/ros2_ws/src/control_nodes': PYTHONPATH=/home/nvidia/ros2_ws/build/control_nodes/prefix_override:/home/nvidia/ros2_ws/install/control_nodes/lib/python3.6/site-packages:${PYTHONPATH} /usr/bin/python3 setup.py egg_info --egg-base ../../build/control_nodes build --build-base /home/nvidia/ros2_ws/build/control_nodes/build install --record /home/nvidia/ros2_ws/build/control_nodes/install.log --install-scripts $base/lib/control_nodes --single-version-externally-managed
[6.183s] /home/nvidia/.local/lib/python3.6/site-packages/setuptools/dist.py:726: UserWarning: Usage of dash-separated 'script-dir' will not be supported in future versions. Please use the underscore name 'script_dir' instead
[6.183s]   % (opt, underscore_opt)
[6.322s] running egg_info
[6.325s] writing ../../build/control_nodes/control_nodes.egg-info/PKG-INFO
[6.326s] writing dependency_links to ../../build/control_nodes/control_nodes.egg-info/dependency_links.txt
[6.326s] writing entry points to ../../build/control_nodes/control_nodes.egg-info/entry_points.txt
[6.327s] writing requirements to ../../build/control_nodes/control_nodes.egg-info/requires.txt
[6.327s] writing top-level names to ../../build/control_nodes/control_nodes.egg-info/top_level.txt
[6.341s] reading manifest file '../../build/control_nodes/control_nodes.egg-info/SOURCES.txt'
[6.347s] writing manifest file '../../build/control_nodes/control_nodes.egg-info/SOURCES.txt'
[6.347s] running build
[6.348s] running build_py
[6.349s] running install
[6.350s] /home/nvidia/.local/lib/python3.6/site-packages/setuptools/command/install.py:37: SetuptoolsDeprecationWarning: setup.py install is deprecated. Use build and pip and other standards-based tools.
[6.350s]   setuptools.SetuptoolsDeprecationWarning,
[6.352s] running install_lib
[6.355s] running install_data
[6.358s] running install_egg_info
[6.363s] removing '/home/nvidia/ros2_ws/install/control_nodes/lib/python3.6/site-packages/control_nodes-0.0.0-py3.6.egg-info' (and everything under it)
[6.365s] Copying ../../build/control_nodes/control_nodes.egg-info to /home/nvidia/ros2_ws/install/control_nodes/lib/python3.6/site-packages/control_nodes-0.0.0-py3.6.egg-info
[6.369s] running install_scripts
[6.439s] Installing qcar_ekf script to /home/nvidia/ros2_ws/install/control_nodes/lib/control_nodes
[6.440s] writing list of installed files to '/home/nvidia/ros2_ws/build/control_nodes/install.log'
[6.553s] Invoked command in '/home/nvidia/ros2_ws/src/control_nodes' returned '0': PYTHONPATH=/home/nvidia/ros2_ws/build/control_nodes/prefix_override:/home/nvidia/ros2_ws/install/control_nodes/lib/python3.6/site-packages:${PYTHONPATH} /usr/bin/python3 setup.py egg_info --egg-base ../../build/control_nodes build --build-base /home/nvidia/ros2_ws/build/control_nodes/build install --record /home/nvidia/ros2_ws/build/control_nodes/install.log --install-scripts $base/lib/control_nodes --single-version-externally-managed
