[1.634s] DEBUG:colcon:Command line arguments: ['/usr/bin/colcon', 'build', '--packages-select', 'control_cpp']
[1.634s] DEBUG:colcon:Parsed command line arguments: Namespace(allow_overriding=[], ament_cmake_args=None, base_paths=['.'], build_base='build', catkin_cmake_args=None, catkin_skip_building_tests=False, cmake_args=None, cmake_clean_cache=False, cmake_clean_first=False, cmake_force_configure=False, cmake_target=None, cmake_target_skip_unavailable=False, continue_on_error=False, event_handlers=None, executor='parallel', ignore_user_meta=False, install_base='install', log_base=None, log_level=None, main=<bound method BuildVerb.main of <colcon_core.verb.build.BuildVerb object at 0x7fb0550080>>, merge_install=False, metas=['./colcon.meta'], packages_above=None, packages_above_and_dependencies=None, packages_above_depth=None, packages_end=None, packages_ignore=None, packages_ignore_regex=None, packages_select=['control_cpp'], packages_select_build_failed=False, packages_select_by_dep=None, packages_select_regex=None, packages_select_test_failures=False, packages_skip=None, packages_skip_build_finished=False, packages_skip_by_dep=None, packages_skip_regex=None, packages_skip_test_passed=False, packages_skip_up_to=None, packages_start=None, packages_up_to=None, packages_up_to_regex=None, parallel_workers=4, paths=None, symlink_install=False, test_result_base=None, verb_extension=<colcon_core.verb.build.BuildVerb object at 0x7fb0550080>, verb_name='build', verb_parser=<colcon_defaults.argument_parser.defaults.DefaultArgumentsDecorator object at 0x7fb047ea90>)
[1.714s] Level 1:colcon.colcon_core.package_discovery:discover_packages(colcon_meta) check parameters
[1.715s] Level 1:colcon.colcon_core.package_discovery:discover_packages(recursive) check parameters
[1.715s] Level 1:colcon.colcon_core.package_discovery:discover_packages(ignore) check parameters
[1.715s] Level 1:colcon.colcon_core.package_discovery:discover_packages(path) check parameters
[1.715s] Level 1:colcon.colcon_core.package_discovery:discover_packages(colcon_meta) discover
[1.717s] Level 1:colcon.colcon_core.package_discovery:discover_packages(recursive) discover
[1.717s] INFO:colcon.colcon_core.package_discovery:Crawling recursively for packages in '/home/nvidia/qcar_ros2_ws'
[1.717s] Level 1:colcon.colcon_core.package_identification:_identify(.) by extensions ['ignore', 'ignore_ament_install']
[1.718s] Level 1:colcon.colcon_core.package_identification:_identify(.) by extension 'ignore'
[1.718s] Level 1:colcon.colcon_core.package_identification:_identify(.) by extension 'ignore_ament_install'
[1.718s] Level 1:colcon.colcon_core.package_identification:_identify(.) by extensions ['colcon_pkg']
[1.718s] Level 1:colcon.colcon_core.package_identification:_identify(.) by extension 'colcon_pkg'
[1.718s] Level 1:colcon.colcon_core.package_identification:_identify(.) by extensions ['colcon_meta']
[1.719s] Level 1:colcon.colcon_core.package_identification:_identify(.) by extension 'colcon_meta'
[1.719s] Level 1:colcon.colcon_core.package_identification:_identify(.) by extensions ['ros']
[1.719s] Level 1:colcon.colcon_core.package_identification:_identify(.) by extension 'ros'
[1.762s] Level 1:colcon.colcon_core.package_identification:_identify(.) by extensions ['cmake', 'python']
[1.762s] Level 1:colcon.colcon_core.package_identification:_identify(.) by extension 'cmake'
[1.763s] Level 1:colcon.colcon_core.package_identification:_identify(.) by extension 'python'
[1.763s] Level 1:colcon.colcon_core.package_identification:_identify(.) by extensions ['python_setup_py']
[1.763s] Level 1:colcon.colcon_core.package_identification:_identify(.) by extension 'python_setup_py'
[1.763s] Level 1:colcon.colcon_core.package_identification:_identify(build) by extensions ['ignore', 'ignore_ament_install']
[1.764s] Level 1:colcon.colcon_core.package_identification:_identify(build) by extension 'ignore'
[1.765s] Level 1:colcon.colcon_core.package_identification:_identify(build) ignored
[1.767s] Level 1:colcon.colcon_core.package_identification:_identify(install) by extensions ['ignore', 'ignore_ament_install']
[1.768s] Level 1:colcon.colcon_core.package_identification:_identify(install) by extension 'ignore'
[1.768s] Level 1:colcon.colcon_core.package_identification:_identify(install) ignored
[1.769s] Level 1:colcon.colcon_core.package_identification:_identify(log) by extensions ['ignore', 'ignore_ament_install']
[1.769s] Level 1:colcon.colcon_core.package_identification:_identify(log) by extension 'ignore'
[1.769s] Level 1:colcon.colcon_core.package_identification:_identify(log) ignored
[1.769s] Level 1:colcon.colcon_core.package_identification:_identify(python) by extensions ['ignore', 'ignore_ament_install']
[1.770s] Level 1:colcon.colcon_core.package_identification:_identify(python) by extension 'ignore'
[1.770s] Level 1:colcon.colcon_core.package_identification:_identify(python) by extension 'ignore_ament_install'
[1.770s] Level 1:colcon.colcon_core.package_identification:_identify(python) by extensions ['colcon_pkg']
[1.770s] Level 1:colcon.colcon_core.package_identification:_identify(python) by extension 'colcon_pkg'
[1.771s] Level 1:colcon.colcon_core.package_identification:_identify(python) by extensions ['colcon_meta']
[1.771s] Level 1:colcon.colcon_core.package_identification:_identify(python) by extension 'colcon_meta'
[1.771s] Level 1:colcon.colcon_core.package_identification:_identify(python) by extensions ['ros']
[1.771s] Level 1:colcon.colcon_core.package_identification:_identify(python) by extension 'ros'
[1.771s] Level 1:colcon.colcon_core.package_identification:_identify(python) by extensions ['cmake', 'python']
[1.772s] Level 1:colcon.colcon_core.package_identification:_identify(python) by extension 'cmake'
[1.772s] Level 1:colcon.colcon_core.package_identification:_identify(python) by extension 'python'
[1.772s] Level 1:colcon.colcon_core.package_identification:_identify(python) by extensions ['python_setup_py']
[1.772s] Level 1:colcon.colcon_core.package_identification:_identify(python) by extension 'python_setup_py'
[1.772s] Level 1:colcon.colcon_core.package_identification:_identify(recordings) by extensions ['ignore', 'ignore_ament_install']
[1.773s] Level 1:colcon.colcon_core.package_identification:_identify(recordings) by extension 'ignore'
[1.773s] Level 1:colcon.colcon_core.package_identification:_identify(recordings) by extension 'ignore_ament_install'
[1.773s] Level 1:colcon.colcon_core.package_identification:_identify(recordings) by extensions ['colcon_pkg']
[1.773s] Level 1:colcon.colcon_core.package_identification:_identify(recordings) by extension 'colcon_pkg'
[1.774s] Level 1:colcon.colcon_core.package_identification:_identify(recordings) by extensions ['colcon_meta']
[1.774s] Level 1:colcon.colcon_core.package_identification:_identify(recordings) by extension 'colcon_meta'
[1.774s] Level 1:colcon.colcon_core.package_identification:_identify(recordings) by extensions ['ros']
[1.774s] Level 1:colcon.colcon_core.package_identification:_identify(recordings) by extension 'ros'
[1.774s] Level 1:colcon.colcon_core.package_identification:_identify(recordings) by extensions ['cmake', 'python']
[1.774s] Level 1:colcon.colcon_core.package_identification:_identify(recordings) by extension 'cmake'
[1.775s] Level 1:colcon.colcon_core.package_identification:_identify(recordings) by extension 'python'
[1.775s] Level 1:colcon.colcon_core.package_identification:_identify(recordings) by extensions ['python_setup_py']
[1.775s] Level 1:colcon.colcon_core.package_identification:_identify(recordings) by extension 'python_setup_py'
[1.775s] Level 1:colcon.colcon_core.package_identification:_identify(src) by extensions ['ignore', 'ignore_ament_install']
[1.776s] Level 1:colcon.colcon_core.package_identification:_identify(src) by extension 'ignore'
[1.776s] Level 1:colcon.colcon_core.package_identification:_identify(src) by extension 'ignore_ament_install'
[1.776s] Level 1:colcon.colcon_core.package_identification:_identify(src) by extensions ['colcon_pkg']
[1.776s] Level 1:colcon.colcon_core.package_identification:_identify(src) by extension 'colcon_pkg'
[1.776s] Level 1:colcon.colcon_core.package_identification:_identify(src) by extensions ['colcon_meta']
[1.777s] Level 1:colcon.colcon_core.package_identification:_identify(src) by extension 'colcon_meta'
[1.777s] Level 1:colcon.colcon_core.package_identification:_identify(src) by extensions ['ros']
[1.777s] Level 1:colcon.colcon_core.package_identification:_identify(src) by extension 'ros'
[1.777s] Level 1:colcon.colcon_core.package_identification:_identify(src) by extensions ['cmake', 'python']
[1.777s] Level 1:colcon.colcon_core.package_identification:_identify(src) by extension 'cmake'
[1.778s] Level 1:colcon.colcon_core.package_identification:_identify(src) by extension 'python'
[1.778s] Level 1:colcon.colcon_core.package_identification:_identify(src) by extensions ['python_setup_py']
[1.778s] Level 1:colcon.colcon_core.package_identification:_identify(src) by extension 'python_setup_py'
[1.778s] Level 1:colcon.colcon_core.package_identification:_identify(src/control_cpp) by extensions ['ignore', 'ignore_ament_install']
[1.779s] Level 1:colcon.colcon_core.package_identification:_identify(src/control_cpp) by extension 'ignore'
[1.779s] Level 1:colcon.colcon_core.package_identification:_identify(src/control_cpp) by extension 'ignore_ament_install'
[1.779s] Level 1:colcon.colcon_core.package_identification:_identify(src/control_cpp) by extensions ['colcon_pkg']
[1.779s] Level 1:colcon.colcon_core.package_identification:_identify(src/control_cpp) by extension 'colcon_pkg'
[1.780s] Level 1:colcon.colcon_core.package_identification:_identify(src/control_cpp) by extensions ['colcon_meta']
[1.780s] Level 1:colcon.colcon_core.package_identification:_identify(src/control_cpp) by extension 'colcon_meta'
[1.780s] Level 1:colcon.colcon_core.package_identification:_identify(src/control_cpp) by extensions ['ros']
[1.780s] Level 1:colcon.colcon_core.package_identification:_identify(src/control_cpp) by extension 'ros'
[1.790s] DEBUG:colcon.colcon_core.package_identification:Package 'src/control_cpp' with type 'ros.ament_cmake' and name 'control_cpp'
[1.790s] Level 1:colcon.colcon_core.package_identification:_identify(src/control_nodes) by extensions ['ignore', 'ignore_ament_install']
[1.791s] Level 1:colcon.colcon_core.package_identification:_identify(src/control_nodes) by extension 'ignore'
[1.791s] Level 1:colcon.colcon_core.package_identification:_identify(src/control_nodes) by extension 'ignore_ament_install'
[1.791s] Level 1:colcon.colcon_core.package_identification:_identify(src/control_nodes) by extensions ['colcon_pkg']
[1.791s] Level 1:colcon.colcon_core.package_identification:_identify(src/control_nodes) by extension 'colcon_pkg'
[1.792s] Level 1:colcon.colcon_core.package_identification:_identify(src/control_nodes) by extensions ['colcon_meta']
[1.792s] Level 1:colcon.colcon_core.package_identification:_identify(src/control_nodes) by extension 'colcon_meta'
[1.792s] Level 1:colcon.colcon_core.package_identification:_identify(src/control_nodes) by extensions ['ros']
[1.792s] Level 1:colcon.colcon_core.package_identification:_identify(src/control_nodes) by extension 'ros'
[1.796s] DEBUG:colcon.colcon_core.package_identification:Package 'src/control_nodes' with type 'ros.ament_python' and name 'control_nodes'
[1.796s] Level 1:colcon.colcon_core.package_identification:_identify(src/cpp_qcar) by extensions ['ignore', 'ignore_ament_install']
[1.796s] Level 1:colcon.colcon_core.package_identification:_identify(src/cpp_qcar) by extension 'ignore'
[1.797s] Level 1:colcon.colcon_core.package_identification:_identify(src/cpp_qcar) by extension 'ignore_ament_install'
[1.797s] Level 1:colcon.colcon_core.package_identification:_identify(src/cpp_qcar) by extensions ['colcon_pkg']
[1.797s] Level 1:colcon.colcon_core.package_identification:_identify(src/cpp_qcar) by extension 'colcon_pkg'
[1.797s] Level 1:colcon.colcon_core.package_identification:_identify(src/cpp_qcar) by extensions ['colcon_meta']
[1.797s] Level 1:colcon.colcon_core.package_identification:_identify(src/cpp_qcar) by extension 'colcon_meta'
[1.798s] Level 1:colcon.colcon_core.package_identification:_identify(src/cpp_qcar) by extensions ['ros']
[1.798s] Level 1:colcon.colcon_core.package_identification:_identify(src/cpp_qcar) by extension 'ros'
[1.801s] DEBUG:colcon.colcon_core.package_identification:Package 'src/cpp_qcar' with type 'ros.ament_cmake' and name 'cpp_qcar'
[1.801s] Level 1:colcon.colcon_core.package_identification:_identify(src/qcar_nodes) by extensions ['ignore', 'ignore_ament_install']
[1.802s] Level 1:colcon.colcon_core.package_identification:_identify(src/qcar_nodes) by extension 'ignore'
[1.802s] Level 1:colcon.colcon_core.package_identification:_identify(src/qcar_nodes) by extension 'ignore_ament_install'
[1.802s] Level 1:colcon.colcon_core.package_identification:_identify(src/qcar_nodes) by extensions ['colcon_pkg']
[1.802s] Level 1:colcon.colcon_core.package_identification:_identify(src/qcar_nodes) by extension 'colcon_pkg'
[1.803s] Level 1:colcon.colcon_core.package_identification:_identify(src/qcar_nodes) by extensions ['colcon_meta']
[1.803s] Level 1:colcon.colcon_core.package_identification:_identify(src/qcar_nodes) by extension 'colcon_meta'
[1.803s] Level 1:colcon.colcon_core.package_identification:_identify(src/qcar_nodes) by extensions ['ros']
[1.803s] Level 1:colcon.colcon_core.package_identification:_identify(src/qcar_nodes) by extension 'ros'
[1.805s] DEBUG:colcon.colcon_core.package_identification:Package 'src/qcar_nodes' with type 'ros.ament_python' and name 'qcar_nodes'
[1.806s] Level 1:colcon.colcon_core.package_identification:_identify(src/slam_toolbox) by extensions ['ignore', 'ignore_ament_install']
[1.806s] Level 1:colcon.colcon_core.package_identification:_identify(src/slam_toolbox) by extension 'ignore'
[1.806s] Level 1:colcon.colcon_core.package_identification:_identify(src/slam_toolbox) by extension 'ignore_ament_install'
[1.807s] Level 1:colcon.colcon_core.package_identification:_identify(src/slam_toolbox) by extensions ['colcon_pkg']
[1.807s] Level 1:colcon.colcon_core.package_identification:_identify(src/slam_toolbox) by extension 'colcon_pkg'
[1.807s] Level 1:colcon.colcon_core.package_identification:_identify(src/slam_toolbox) by extensions ['colcon_meta']
[1.807s] Level 1:colcon.colcon_core.package_identification:_identify(src/slam_toolbox) by extension 'colcon_meta'
[1.807s] Level 1:colcon.colcon_core.package_identification:_identify(src/slam_toolbox) by extensions ['ros']
[1.807s] Level 1:colcon.colcon_core.package_identification:_identify(src/slam_toolbox) by extension 'ros'
[1.813s] DEBUG:colcon.colcon_core.package_identification:Package 'src/slam_toolbox' with type 'ros.ament_cmake' and name 'slam_toolbox'
[1.813s] Level 1:colcon.colcon_core.package_discovery:discover_packages(recursive) using defaults
[1.814s] Level 1:colcon.colcon_core.package_discovery:discover_packages(ignore) discover
[1.814s] Level 1:colcon.colcon_core.package_discovery:discover_packages(ignore) using defaults
[1.814s] Level 1:colcon.colcon_core.package_discovery:discover_packages(path) discover
[1.814s] Level 1:colcon.colcon_core.package_discovery:discover_packages(path) using defaults
[1.900s] INFO:colcon.colcon_core.package_selection:Skipping not selected package 'control_nodes' in 'src/control_nodes'
[1.900s] INFO:colcon.colcon_core.package_selection:Skipping not selected package 'cpp_qcar' in 'src/cpp_qcar'
[1.900s] INFO:colcon.colcon_core.package_selection:Skipping not selected package 'qcar_nodes' in 'src/qcar_nodes'
[1.901s] INFO:colcon.colcon_core.package_selection:Skipping not selected package 'slam_toolbox' in 'src/slam_toolbox'
[1.903s] Level 1:colcon.colcon_core.package_discovery:discover_packages(prefix_path) check parameters
[1.904s] Level 1:colcon.colcon_core.package_discovery:discover_packages(prefix_path) discover
[1.913s] DEBUG:colcon.colcon_installed_package_information.package_discovery:Found 5 installed packages in /home/nvidia/qcar_ros2_ws/install
[1.920s] DEBUG:colcon.colcon_installed_package_information.package_discovery:Found 237 installed packages in /opt/ros/dashing
[1.928s] Level 1:colcon.colcon_core.package_discovery:discover_packages(prefix_path) using defaults
[2.198s] Level 5:colcon.colcon_core.verb:set package 'control_cpp' build argument 'cmake_args' from command line to 'None'
[2.198s] Level 5:colcon.colcon_core.verb:set package 'control_cpp' build argument 'cmake_target' from command line to 'None'
[2.198s] Level 5:colcon.colcon_core.verb:set package 'control_cpp' build argument 'cmake_target_skip_unavailable' from command line to 'False'
[2.198s] Level 5:colcon.colcon_core.verb:set package 'control_cpp' build argument 'cmake_clean_cache' from command line to 'False'
[2.199s] Level 5:colcon.colcon_core.verb:set package 'control_cpp' build argument 'cmake_clean_first' from command line to 'False'
[2.199s] Level 5:colcon.colcon_core.verb:set package 'control_cpp' build argument 'cmake_force_configure' from command line to 'False'
[2.199s] Level 5:colcon.colcon_core.verb:set package 'control_cpp' build argument 'ament_cmake_args' from command line to 'None'
[2.199s] Level 5:colcon.colcon_core.verb:set package 'control_cpp' build argument 'catkin_cmake_args' from command line to 'None'
[2.199s] Level 5:colcon.colcon_core.verb:set package 'control_cpp' build argument 'catkin_skip_building_tests' from command line to 'False'
[2.199s] DEBUG:colcon.colcon_core.verb:Building package 'control_cpp' with the following arguments: {'ament_cmake_args': None, 'build_base': '/home/nvidia/qcar_ros2_ws/build/control_cpp', 'catkin_cmake_args': None, 'catkin_skip_building_tests': False, 'cmake_args': None, 'cmake_clean_cache': False, 'cmake_clean_first': False, 'cmake_force_configure': False, 'cmake_target': None, 'cmake_target_skip_unavailable': False, 'install_base': '/home/nvidia/qcar_ros2_ws/install/control_cpp', 'merge_install': False, 'path': '/home/nvidia/qcar_ros2_ws/src/control_cpp', 'symlink_install': False, 'test_result_base': None}
[2.201s] INFO:colcon.colcon_core.executor:Executing jobs using 'parallel' executor
[2.206s] DEBUG:colcon.colcon_parallel_executor.executor.parallel:run_until_complete
[2.207s] INFO:colcon.colcon_ros.task.ament_cmake.build:Building ROS package in '/home/nvidia/qcar_ros2_ws/src/control_cpp' with build type 'ament_cmake'
[2.209s] INFO:colcon.colcon_cmake.task.cmake.build:Building CMake package in '/home/nvidia/qcar_ros2_ws/src/control_cpp'
[2.220s] INFO:colcon.colcon_core.plugin_system:Skipping extension 'colcon_core.shell.bat': Not used on non-Windows systems
[2.221s] INFO:colcon.colcon_core.shell:Skip shell extension 'powershell' for command environment: Not usable outside of PowerShell
[2.221s] DEBUG:colcon.colcon_core.shell:Skip shell extension 'dsv' for command environment
[2.258s] DEBUG:colcon.colcon_core.event_handler.log_command:Invoking command in '/home/nvidia/qcar_ros2_ws/build/control_cpp': CMAKE_PREFIX_PATH=${CMAKE_PREFIX_PATH}:/home/nvidia/qcar_ros2_ws/install/qcar_nodes:/home/nvidia/qcar_ros2_ws/install/control_nodes:/opt/ros/dashing /usr/local/bin/cmake /home/nvidia/qcar_ros2_ws/src/control_cpp -DCMAKE_INSTALL_PREFIX=/home/nvidia/qcar_ros2_ws/install/control_cpp
[5.672s] DEBUG:colcon.colcon_core.event_handler.log_command:Invoked command in '/home/nvidia/qcar_ros2_ws/build/control_cpp' returned '0': CMAKE_PREFIX_PATH=${CMAKE_PREFIX_PATH}:/home/nvidia/qcar_ros2_ws/install/qcar_nodes:/home/nvidia/qcar_ros2_ws/install/control_nodes:/opt/ros/dashing /usr/local/bin/cmake /home/nvidia/qcar_ros2_ws/src/control_cpp -DCMAKE_INSTALL_PREFIX=/home/nvidia/qcar_ros2_ws/install/control_cpp
[5.684s] DEBUG:colcon.colcon_core.event_handler.log_command:Invoking command in '/home/nvidia/qcar_ros2_ws/build/control_cpp': CMAKE_PREFIX_PATH=${CMAKE_PREFIX_PATH}:/home/nvidia/qcar_ros2_ws/install/qcar_nodes:/home/nvidia/qcar_ros2_ws/install/control_nodes:/opt/ros/dashing /usr/local/bin/cmake --build /home/nvidia/qcar_ros2_ws/build/control_cpp -- -j4 -l4
[16.646s] DEBUG:colcon.colcon_core.event_handler.log_command:Invoked command in '/home/nvidia/qcar_ros2_ws/build/control_cpp' returned '0': CMAKE_PREFIX_PATH=${CMAKE_PREFIX_PATH}:/home/nvidia/qcar_ros2_ws/install/qcar_nodes:/home/nvidia/qcar_ros2_ws/install/control_nodes:/opt/ros/dashing /usr/local/bin/cmake --build /home/nvidia/qcar_ros2_ws/build/control_cpp -- -j4 -l4
[16.746s] DEBUG:colcon.colcon_core.event_handler.log_command:Invoking command in '/home/nvidia/qcar_ros2_ws/build/control_cpp': CMAKE_PREFIX_PATH=${CMAKE_PREFIX_PATH}:/home/nvidia/qcar_ros2_ws/install/qcar_nodes:/home/nvidia/qcar_ros2_ws/install/control_nodes:/opt/ros/dashing /usr/local/bin/cmake --install /home/nvidia/qcar_ros2_ws/build/control_cpp
[16.768s] Level 1:colcon.colcon_core.environment:create_environment_scripts_only(control_cpp)
[16.772s] DEBUG:colcon.colcon_core.event_handler.log_command:Invoked command in '/home/nvidia/qcar_ros2_ws/build/control_cpp' returned '0': CMAKE_PREFIX_PATH=${CMAKE_PREFIX_PATH}:/home/nvidia/qcar_ros2_ws/install/qcar_nodes:/home/nvidia/qcar_ros2_ws/install/control_nodes:/opt/ros/dashing /usr/local/bin/cmake --install /home/nvidia/qcar_ros2_ws/build/control_cpp
[16.782s] Level 1:colcon.colcon_core.environment:checking '/home/nvidia/qcar_ros2_ws/install/control_cpp' for CMake module files
[16.785s] Level 1:colcon.colcon_core.environment:checking '/home/nvidia/qcar_ros2_ws/install/control_cpp' for CMake config files
[16.785s] Level 1:colcon.colcon_core.shell:create_environment_hook('control_cpp', 'cmake_prefix_path')
[16.787s] INFO:colcon.colcon_core.shell:Creating environment hook '/home/nvidia/qcar_ros2_ws/install/control_cpp/share/control_cpp/hook/cmake_prefix_path.ps1'
[16.790s] INFO:colcon.colcon_core.shell:Creating environment descriptor '/home/nvidia/qcar_ros2_ws/install/control_cpp/share/control_cpp/hook/cmake_prefix_path.dsv'
[16.791s] INFO:colcon.colcon_core.shell:Creating environment hook '/home/nvidia/qcar_ros2_ws/install/control_cpp/share/control_cpp/hook/cmake_prefix_path.sh'
[16.798s] Level 1:colcon.colcon_core.environment:checking '/home/nvidia/qcar_ros2_ws/install/control_cpp/lib'
[16.798s] Level 1:colcon.colcon_core.environment:checking '/home/nvidia/qcar_ros2_ws/install/control_cpp/bin'
[16.799s] Level 1:colcon.colcon_core.environment:checking '/home/nvidia/qcar_ros2_ws/install/control_cpp/lib/pkgconfig/control_cpp.pc'
[16.799s] Level 1:colcon.colcon_core.environment:checking '/home/nvidia/qcar_ros2_ws/install/control_cpp/lib/python3.6/site-packages'
[16.800s] Level 1:colcon.colcon_core.environment:checking '/home/nvidia/qcar_ros2_ws/install/control_cpp/bin'
[16.802s] INFO:colcon.colcon_core.shell:Creating package script '/home/nvidia/qcar_ros2_ws/install/control_cpp/share/control_cpp/package.ps1'
[16.806s] INFO:colcon.colcon_core.shell:Creating package descriptor '/home/nvidia/qcar_ros2_ws/install/control_cpp/share/control_cpp/package.dsv'
[16.808s] INFO:colcon.colcon_core.shell:Creating package script '/home/nvidia/qcar_ros2_ws/install/control_cpp/share/control_cpp/package.sh'
[16.811s] INFO:colcon.colcon_core.shell:Creating package script '/home/nvidia/qcar_ros2_ws/install/control_cpp/share/control_cpp/package.bash'
[16.815s] INFO:colcon.colcon_core.shell:Creating package script '/home/nvidia/qcar_ros2_ws/install/control_cpp/share/control_cpp/package.zsh'
[16.818s] Level 1:colcon.colcon_core.environment:create_file_with_runtime_dependencies(/home/nvidia/qcar_ros2_ws/install/control_cpp/share/colcon-core/packages/control_cpp)
[16.902s] Level 1:colcon.colcon_core.environment:create_environment_scripts_only(control_cpp)
[16.905s] Level 1:colcon.colcon_core.environment:checking '/home/nvidia/qcar_ros2_ws/install/control_cpp' for CMake module files
[16.908s] Level 1:colcon.colcon_core.environment:checking '/home/nvidia/qcar_ros2_ws/install/control_cpp' for CMake config files
[16.908s] Level 1:colcon.colcon_core.shell:create_environment_hook('control_cpp', 'cmake_prefix_path')
[16.910s] INFO:colcon.colcon_core.shell:Creating environment hook '/home/nvidia/qcar_ros2_ws/install/control_cpp/share/control_cpp/hook/cmake_prefix_path.ps1'
[16.912s] INFO:colcon.colcon_core.shell:Creating environment descriptor '/home/nvidia/qcar_ros2_ws/install/control_cpp/share/control_cpp/hook/cmake_prefix_path.dsv'
[16.913s] INFO:colcon.colcon_core.shell:Creating environment hook '/home/nvidia/qcar_ros2_ws/install/control_cpp/share/control_cpp/hook/cmake_prefix_path.sh'
[16.916s] Level 1:colcon.colcon_core.environment:checking '/home/nvidia/qcar_ros2_ws/install/control_cpp/lib'
[16.916s] Level 1:colcon.colcon_core.environment:checking '/home/nvidia/qcar_ros2_ws/install/control_cpp/bin'
[16.916s] Level 1:colcon.colcon_core.environment:checking '/home/nvidia/qcar_ros2_ws/install/control_cpp/lib/pkgconfig/control_cpp.pc'
[16.917s] Level 1:colcon.colcon_core.environment:checking '/home/nvidia/qcar_ros2_ws/install/control_cpp/lib/python3.6/site-packages'
[16.918s] Level 1:colcon.colcon_core.environment:checking '/home/nvidia/qcar_ros2_ws/install/control_cpp/bin'
[16.920s] INFO:colcon.colcon_core.shell:Creating package script '/home/nvidia/qcar_ros2_ws/install/control_cpp/share/control_cpp/package.ps1'
[16.922s] INFO:colcon.colcon_core.shell:Creating package descriptor '/home/nvidia/qcar_ros2_ws/install/control_cpp/share/control_cpp/package.dsv'
[16.923s] INFO:colcon.colcon_core.shell:Creating package script '/home/nvidia/qcar_ros2_ws/install/control_cpp/share/control_cpp/package.sh'
[16.925s] INFO:colcon.colcon_core.shell:Creating package script '/home/nvidia/qcar_ros2_ws/install/control_cpp/share/control_cpp/package.bash'
[16.927s] INFO:colcon.colcon_core.shell:Creating package script '/home/nvidia/qcar_ros2_ws/install/control_cpp/share/control_cpp/package.zsh'
[16.928s] Level 1:colcon.colcon_core.environment:create_file_with_runtime_dependencies(/home/nvidia/qcar_ros2_ws/install/control_cpp/share/colcon-core/packages/control_cpp)
[16.930s] DEBUG:colcon.colcon_parallel_executor.executor.parallel:closing loop
[16.932s] DEBUG:colcon.colcon_parallel_executor.executor.parallel:loop closed
[16.932s] DEBUG:colcon.colcon_parallel_executor.executor.parallel:run_until_complete finished with '0'
[16.933s] DEBUG:colcon.colcon_core.event_reactor:joining thread
[16.955s] INFO:colcon.colcon_core.plugin_system:Skipping extension 'colcon_notification.desktop_notification.terminal_notifier': Not used on non-Darwin systems
[16.956s] INFO:colcon.colcon_core.plugin_system:Skipping extension 'colcon_notification.desktop_notification.win32': Not used on non-Windows systems
[16.956s] INFO:colcon.colcon_notification.desktop_notification:Sending desktop notification using 'notify2'
[20.682s] DEBUG:colcon.colcon_core.event_reactor:joined thread
[20.692s] INFO:colcon.colcon_core.shell:Creating prefix script '/home/nvidia/qcar_ros2_ws/install/local_setup.ps1'
[20.701s] INFO:colcon.colcon_core.shell:Creating prefix util module '/home/nvidia/qcar_ros2_ws/install/_local_setup_util_ps1.py'
[20.710s] INFO:colcon.colcon_core.shell:Creating prefix chain script '/home/nvidia/qcar_ros2_ws/install/setup.ps1'
[20.717s] INFO:colcon.colcon_core.shell:Creating prefix script '/home/nvidia/qcar_ros2_ws/install/local_setup.sh'
[20.720s] INFO:colcon.colcon_core.shell:Creating prefix util module '/home/nvidia/qcar_ros2_ws/install/_local_setup_util_sh.py'
[20.722s] INFO:colcon.colcon_core.shell:Creating prefix chain script '/home/nvidia/qcar_ros2_ws/install/setup.sh'
[20.728s] INFO:colcon.colcon_core.shell:Creating prefix script '/home/nvidia/qcar_ros2_ws/install/local_setup.bash'
[20.730s] INFO:colcon.colcon_core.shell:Creating prefix chain script '/home/nvidia/qcar_ros2_ws/install/setup.bash'
[20.737s] INFO:colcon.colcon_core.shell:Creating prefix script '/home/nvidia/qcar_ros2_ws/install/local_setup.zsh'
[20.740s] INFO:colcon.colcon_core.shell:Creating prefix chain script '/home/nvidia/qcar_ros2_ws/install/setup.zsh'
