running egg_info
writing ../../build/qcar_nodes/qcar_nodes.egg-info/PKG-INFO
writing dependency_links to ../../build/qcar_nodes/qcar_nodes.egg-info/dependency_links.txt
writing entry points to ../../build/qcar_nodes/qcar_nodes.egg-info/entry_points.txt
writing requirements to ../../build/qcar_nodes/qcar_nodes.egg-info/requires.txt
writing top-level names to ../../build/qcar_nodes/qcar_nodes.egg-info/top_level.txt
reading manifest file '../../build/qcar_nodes/qcar_nodes.egg-info/SOURCES.txt'
writing manifest file '../../build/qcar_nodes/qcar_nodes.egg-info/SOURCES.txt'
running build
running build_py
copying qcar_nodes/qcarnode.py -> /home/nvidia/ros2_ws/build/qcar_nodes/build/lib/qcar_nodes
running install
running install_lib
copying /home/nvidia/ros2_ws/build/qcar_nodes/build/lib/qcar_nodes/qcarnode.py -> /home/nvidia/ros2_ws/install/qcar_nodes/lib/python3.6/site-packages/qcar_nodes
byte-compiling /home/nvidia/ros2_ws/install/qcar_nodes/lib/python3.6/site-packages/qcar_nodes/qcarnode.py to qcarnode.cpython-36.pyc
running install_data
running install_egg_info
removing '/home/nvidia/ros2_ws/install/qcar_nodes/lib/python3.6/site-packages/qcar_nodes-0.0.0-py3.6.egg-info' (and everything under it)
Copying ../../build/qcar_nodes/qcar_nodes.egg-info to /home/nvidia/ros2_ws/install/qcar_nodes/lib/python3.6/site-packages/qcar_nodes-0.0.0-py3.6.egg-info
running install_scripts
Installing command_node script to /home/nvidia/ros2_ws/install/qcar_nodes/lib/qcar_nodes
Installing csi_node script to /home/nvidia/ros2_ws/install/qcar_nodes/lib/qcar_nodes
Installing image_recorder script to /home/nvidia/ros2_ws/install/qcar_nodes/lib/qcar_nodes
Installing img_node script to /home/nvidia/ros2_ws/install/qcar_nodes/lib/qcar_nodes
Installing lidar_node script to /home/nvidia/ros2_ws/install/qcar_nodes/lib/qcar_nodes
Installing qcar_node script to /home/nvidia/ros2_ws/install/qcar_nodes/lib/qcar_nodes
Installing rgbd_node script to /home/nvidia/ros2_ws/install/qcar_nodes/lib/qcar_nodes
Installing test_node script to /home/nvidia/ros2_ws/install/qcar_nodes/lib/qcar_nodes
writing list of installed files to '/home/nvidia/ros2_ws/build/qcar_nodes/install.log'
