[4.958s] Invoking command in '/home/nvidia/ros2_ws/src/qcar_nodes': PYTHONPATH=/home/nvidia/ros2_ws/build/qcar_nodes/prefix_override:/home/nvidia/ros2_ws/install/qcar_nodes/lib/python3.6/site-packages:${PYTHONPATH} /usr/bin/python3 setup.py egg_info --egg-base ../../build/qcar_nodes build --build-base /home/nvidia/ros2_ws/build/qcar_nodes/build install --record /home/nvidia/ros2_ws/build/qcar_nodes/install.log --install-scripts $base/lib/qcar_nodes --single-version-externally-managed
[6.122s] /home/nvidia/.local/lib/python3.6/site-packages/setuptools/dist.py:726: UserWarning: Usage of dash-separated 'script-dir' will not be supported in future versions. Please use the underscore name 'script_dir' instead
[6.122s]   % (opt, underscore_opt)
[6.262s] running egg_info
[6.264s] writing ../../build/qcar_nodes/qcar_nodes.egg-info/PKG-INFO
[6.265s] writing dependency_links to ../../build/qcar_nodes/qcar_nodes.egg-info/dependency_links.txt
[6.266s] writing entry points to ../../build/qcar_nodes/qcar_nodes.egg-info/entry_points.txt
[6.267s] writing requirements to ../../build/qcar_nodes/qcar_nodes.egg-info/requires.txt
[6.267s] writing top-level names to ../../build/qcar_nodes/qcar_nodes.egg-info/top_level.txt
[6.285s] reading manifest file '../../build/qcar_nodes/qcar_nodes.egg-info/SOURCES.txt'
[6.291s] writing manifest file '../../build/qcar_nodes/qcar_nodes.egg-info/SOURCES.txt'
[6.291s] running build
[6.292s] running build_py
[6.294s] copying qcar_nodes/qcarnode.py -> /home/nvidia/ros2_ws/build/qcar_nodes/build/lib/qcar_nodes
[6.297s] running install
[6.297s] /home/nvidia/.local/lib/python3.6/site-packages/setuptools/command/install.py:37: SetuptoolsDeprecationWarning: setup.py install is deprecated. Use build and pip and other standards-based tools.
[6.297s]   setuptools.SetuptoolsDeprecationWarning,
[6.298s] running install_lib
[6.300s] copying /home/nvidia/ros2_ws/build/qcar_nodes/build/lib/qcar_nodes/qcarnode.py -> /home/nvidia/ros2_ws/install/qcar_nodes/lib/python3.6/site-packages/qcar_nodes
[6.303s] byte-compiling /home/nvidia/ros2_ws/install/qcar_nodes/lib/python3.6/site-packages/qcar_nodes/qcarnode.py to qcarnode.cpython-36.pyc
[6.307s] running install_data
[6.310s] running install_egg_info
[6.315s] removing '/home/nvidia/ros2_ws/install/qcar_nodes/lib/python3.6/site-packages/qcar_nodes-0.0.0-py3.6.egg-info' (and everything under it)
[6.317s] Copying ../../build/qcar_nodes/qcar_nodes.egg-info to /home/nvidia/ros2_ws/install/qcar_nodes/lib/python3.6/site-packages/qcar_nodes-0.0.0-py3.6.egg-info
[6.321s] running install_scripts
[6.394s] Installing command_node script to /home/nvidia/ros2_ws/install/qcar_nodes/lib/qcar_nodes
[6.395s] Installing csi_node script to /home/nvidia/ros2_ws/install/qcar_nodes/lib/qcar_nodes
[6.396s] Installing image_recorder script to /home/nvidia/ros2_ws/install/qcar_nodes/lib/qcar_nodes
[6.396s] Installing img_node script to /home/nvidia/ros2_ws/install/qcar_nodes/lib/qcar_nodes
[6.397s] Installing lidar_node script to /home/nvidia/ros2_ws/install/qcar_nodes/lib/qcar_nodes
[6.398s] Installing qcar_node script to /home/nvidia/ros2_ws/install/qcar_nodes/lib/qcar_nodes
[6.398s] Installing rgbd_node script to /home/nvidia/ros2_ws/install/qcar_nodes/lib/qcar_nodes
[6.399s] Installing test_node script to /home/nvidia/ros2_ws/install/qcar_nodes/lib/qcar_nodes
[6.401s] writing list of installed files to '/home/nvidia/ros2_ws/build/qcar_nodes/install.log'
[6.569s] Invoked command in '/home/nvidia/ros2_ws/src/qcar_nodes' returned '0': PYTHONPATH=/home/nvidia/ros2_ws/build/qcar_nodes/prefix_override:/home/nvidia/ros2_ws/install/qcar_nodes/lib/python3.6/site-packages:${PYTHONPATH} /usr/bin/python3 setup.py egg_info --egg-base ../../build/qcar_nodes build --build-base /home/nvidia/ros2_ws/build/qcar_nodes/build install --record /home/nvidia/ros2_ws/build/qcar_nodes/install.log --install-scripts $base/lib/qcar_nodes --single-version-externally-managed
