[0.048s] Invoking command in '/home/nvidia/ros2_ws/build/cpp_qcar': CMAKE_PREFIX_PATH=${CMAKE_PREFIX_PATH}:/home/nvidia/ros2_ws/install/qcar_nodes:/home/nvidia/ros2_ws/install/control_nodes:/opt/ros/dashing /usr/local/bin/cmake --build /home/nvidia/ros2_ws/build/cpp_qcar -- -j4 -l4
[0.173s] -- Found ament_cmake: 0.7.6 (/opt/ros/dashing/share/ament_cmake/cmake)
[0.282s] -- Using PYTHON_EXECUTABLE: /usr/bin/python3
[1.352s] -- Found rclcpp: 0.7.16 (/opt/ros/dashing/share/rclcpp/cmake)
[1.398s] -- Found rosidl_adapter: 0.7.10 (/opt/ros/dashing/share/rosidl_adapter/cmake)
[1.495s] -- Found rmw_implementation_cmake: 0.7.2 (/opt/ros/dashing/share/rmw_implementation_cmake/cmake)
[1.501s] -- Using RMW implementation 'rmw_fastrtps_cpp' as default
[1.576s] -- Found tf2: 0.11.6 (/opt/ros/dashing/share/tf2/cmake)
[1.586s] -- Found tf2_ros: 0.11.6 (/opt/ros/dashing/share/tf2_ros/cmake)
[1.768s] -- Found sensor_msgs: 0.7.1 (/opt/ros/dashing/share/sensor_msgs/cmake)
[1.807s] -- Found nav_msgs: 0.7.1 (/opt/ros/dashing/share/nav_msgs/cmake)
[2.086s] -- Found ament_lint_auto: 0.7.12 (/opt/ros/dashing/share/ament_lint_auto/cmake)
[2.367s] -- Added test 'copyright' to check for copyright in CMake / C / C++ / Python code
[2.371s] -- Added test 'cppcheck' to perform static code analysis on C / C++ code
[2.371s] -- Configured cppcheck include dirs: 
[2.373s] -- Added test 'cpplint' to check C / C++ code against the Google style
[2.375s] -- Added test 'lint_cmake' to check CMake code style
[2.379s] -- Added test 'uncrustify' to check C / C++ code style
[2.380s] -- Added test 'xmllint' to check XML markup files
[2.383s] -- Configuring done
[2.389s] [31mCMake Error at CMakeLists.txt:63 (add_executable):
[2.390s]   Cannot find source file:
[2.390s] 
[2.391s]     src/imu_dead_reckoning_node.cpp
[2.391s] 
[2.392s]   Tried extensions .c .C .c++ .cc .cpp .cxx .cu .mpp .m .M .mm .ixx .cppm .h
[2.392s]   .hh .h++ .hm .hpp .hxx .in .txx .f .F .for .f77 .f90 .f95 .f03 .hip .ispc
[2.392s] 
[2.393s] [0m
[2.393s] [31mCMake Error at CMakeLists.txt:63 (add_executable):
[2.394s]   No SOURCES given to target: imu_dr_node
[2.394s] 
[2.395s] [0m
[2.395s] [0mCMake Generate step failed.  Build files cannot be regenerated correctly.[0m
[2.399s] Makefile:253: recipe for target 'cmake_check_build_system' failed
[2.399s] make: *** [cmake_check_build_system] Error 1
[2.403s] Invoked command in '/home/nvidia/ros2_ws/build/cpp_qcar' returned '2': CMAKE_PREFIX_PATH=${CMAKE_PREFIX_PATH}:/home/nvidia/ros2_ws/install/qcar_nodes:/home/nvidia/ros2_ws/install/control_nodes:/opt/ros/dashing /usr/local/bin/cmake --build /home/nvidia/ros2_ws/build/cpp_qcar -- -j4 -l4
