running egg_info
creating ../../build/qcar_nodes/qcar_nodes.egg-info
writing ../../build/qcar_nodes/qcar_nodes.egg-info/PKG-INFO
writing dependency_links to ../../build/qcar_nodes/qcar_nodes.egg-info/dependency_links.txt
writing entry points to ../../build/qcar_nodes/qcar_nodes.egg-info/entry_points.txt
writing requirements to ../../build/qcar_nodes/qcar_nodes.egg-info/requires.txt
writing top-level names to ../../build/qcar_nodes/qcar_nodes.egg-info/top_level.txt
writing manifest file '../../build/qcar_nodes/qcar_nodes.egg-info/SOURCES.txt'
reading manifest file '../../build/qcar_nodes/qcar_nodes.egg-info/SOURCES.txt'
writing manifest file '../../build/qcar_nodes/qcar_nodes.egg-info/SOURCES.txt'
running build
running build_py
creating /home/nvidia/qcar_ros2_ws/build/qcar_nodes/build
creating /home/nvidia/qcar_ros2_ws/build/qcar_nodes/build/lib
creating /home/nvidia/qcar_ros2_ws/build/qcar_nodes/build/lib/qcar_nodes
copying qcar_nodes/lidar_test.py -> /home/nvidia/qcar_ros2_ws/build/qcar_nodes/build/lib/qcar_nodes
copying qcar_nodes/commandnode.py -> /home/nvidia/qcar_ros2_ws/build/qcar_nodes/build/lib/qcar_nodes
copying qcar_nodes/lidarnode.py -> /home/nvidia/qcar_ros2_ws/build/qcar_nodes/build/lib/qcar_nodes
copying qcar_nodes/__init__.py -> /home/nvidia/qcar_ros2_ws/build/qcar_nodes/build/lib/qcar_nodes
copying qcar_nodes/qcarnode.py -> /home/nvidia/qcar_ros2_ws/build/qcar_nodes/build/lib/qcar_nodes
copying qcar_nodes/Imageviewer.py -> /home/nvidia/qcar_ros2_ws/build/qcar_nodes/build/lib/qcar_nodes
copying qcar_nodes/rgbdnode.py -> /home/nvidia/qcar_ros2_ws/build/qcar_nodes/build/lib/qcar_nodes
copying qcar_nodes/ImageRecorder.py -> /home/nvidia/qcar_ros2_ws/build/qcar_nodes/build/lib/qcar_nodes
copying qcar_nodes/csinode.py -> /home/nvidia/qcar_ros2_ws/build/qcar_nodes/build/lib/qcar_nodes
running install
running install_lib
creating /home/nvidia/qcar_ros2_ws/install/qcar_nodes/lib/python3.6/site-packages/qcar_nodes
copying /home/nvidia/qcar_ros2_ws/build/qcar_nodes/build/lib/qcar_nodes/lidar_test.py -> /home/nvidia/qcar_ros2_ws/install/qcar_nodes/lib/python3.6/site-packages/qcar_nodes
copying /home/nvidia/qcar_ros2_ws/build/qcar_nodes/build/lib/qcar_nodes/commandnode.py -> /home/nvidia/qcar_ros2_ws/install/qcar_nodes/lib/python3.6/site-packages/qcar_nodes
copying /home/nvidia/qcar_ros2_ws/build/qcar_nodes/build/lib/qcar_nodes/lidarnode.py -> /home/nvidia/qcar_ros2_ws/install/qcar_nodes/lib/python3.6/site-packages/qcar_nodes
copying /home/nvidia/qcar_ros2_ws/build/qcar_nodes/build/lib/qcar_nodes/__init__.py -> /home/nvidia/qcar_ros2_ws/install/qcar_nodes/lib/python3.6/site-packages/qcar_nodes
copying /home/nvidia/qcar_ros2_ws/build/qcar_nodes/build/lib/qcar_nodes/qcarnode.py -> /home/nvidia/qcar_ros2_ws/install/qcar_nodes/lib/python3.6/site-packages/qcar_nodes
copying /home/nvidia/qcar_ros2_ws/build/qcar_nodes/build/lib/qcar_nodes/Imageviewer.py -> /home/nvidia/qcar_ros2_ws/install/qcar_nodes/lib/python3.6/site-packages/qcar_nodes
copying /home/nvidia/qcar_ros2_ws/build/qcar_nodes/build/lib/qcar_nodes/rgbdnode.py -> /home/nvidia/qcar_ros2_ws/install/qcar_nodes/lib/python3.6/site-packages/qcar_nodes
copying /home/nvidia/qcar_ros2_ws/build/qcar_nodes/build/lib/qcar_nodes/ImageRecorder.py -> /home/nvidia/qcar_ros2_ws/install/qcar_nodes/lib/python3.6/site-packages/qcar_nodes
copying /home/nvidia/qcar_ros2_ws/build/qcar_nodes/build/lib/qcar_nodes/csinode.py -> /home/nvidia/qcar_ros2_ws/install/qcar_nodes/lib/python3.6/site-packages/qcar_nodes
byte-compiling /home/nvidia/qcar_ros2_ws/install/qcar_nodes/lib/python3.6/site-packages/qcar_nodes/lidar_test.py to lidar_test.cpython-36.pyc
byte-compiling /home/nvidia/qcar_ros2_ws/install/qcar_nodes/lib/python3.6/site-packages/qcar_nodes/commandnode.py to commandnode.cpython-36.pyc
byte-compiling /home/nvidia/qcar_ros2_ws/install/qcar_nodes/lib/python3.6/site-packages/qcar_nodes/lidarnode.py to lidarnode.cpython-36.pyc
byte-compiling /home/nvidia/qcar_ros2_ws/install/qcar_nodes/lib/python3.6/site-packages/qcar_nodes/__init__.py to __init__.cpython-36.pyc
byte-compiling /home/nvidia/qcar_ros2_ws/install/qcar_nodes/lib/python3.6/site-packages/qcar_nodes/qcarnode.py to qcarnode.cpython-36.pyc
byte-compiling /home/nvidia/qcar_ros2_ws/install/qcar_nodes/lib/python3.6/site-packages/qcar_nodes/Imageviewer.py to Imageviewer.cpython-36.pyc
byte-compiling /home/nvidia/qcar_ros2_ws/install/qcar_nodes/lib/python3.6/site-packages/qcar_nodes/rgbdnode.py to rgbdnode.cpython-36.pyc
byte-compiling /home/nvidia/qcar_ros2_ws/install/qcar_nodes/lib/python3.6/site-packages/qcar_nodes/ImageRecorder.py to ImageRecorder.cpython-36.pyc
byte-compiling /home/nvidia/qcar_ros2_ws/install/qcar_nodes/lib/python3.6/site-packages/qcar_nodes/csinode.py to csinode.cpython-36.pyc
running install_data
creating /home/nvidia/qcar_ros2_ws/install/qcar_nodes/share/ament_index
creating /home/nvidia/qcar_ros2_ws/install/qcar_nodes/share/ament_index/resource_index
creating /home/nvidia/qcar_ros2_ws/install/qcar_nodes/share/ament_index/resource_index/packages
copying resource/qcar_nodes -> /home/nvidia/qcar_ros2_ws/install/qcar_nodes/share/ament_index/resource_index/packages
copying package.xml -> /home/nvidia/qcar_ros2_ws/install/qcar_nodes/share/qcar_nodes
running install_egg_info
Copying ../../build/qcar_nodes/qcar_nodes.egg-info to /home/nvidia/qcar_ros2_ws/install/qcar_nodes/lib/python3.6/site-packages/qcar_nodes-0.0.0-py3.6.egg-info
running install_scripts
Installing command_node script to /home/nvidia/qcar_ros2_ws/install/qcar_nodes/lib/qcar_nodes
Installing csi_node script to /home/nvidia/qcar_ros2_ws/install/qcar_nodes/lib/qcar_nodes
Installing image_recorder script to /home/nvidia/qcar_ros2_ws/install/qcar_nodes/lib/qcar_nodes
Installing img_node script to /home/nvidia/qcar_ros2_ws/install/qcar_nodes/lib/qcar_nodes
Installing lidar_node script to /home/nvidia/qcar_ros2_ws/install/qcar_nodes/lib/qcar_nodes
Installing qcar_node script to /home/nvidia/qcar_ros2_ws/install/qcar_nodes/lib/qcar_nodes
Installing rgbd_node script to /home/nvidia/qcar_ros2_ws/install/qcar_nodes/lib/qcar_nodes
Installing test_node script to /home/nvidia/qcar_ros2_ws/install/qcar_nodes/lib/qcar_nodes
writing list of installed files to '/home/nvidia/qcar_ros2_ws/build/qcar_nodes/install.log'
