[1.731s] DEBUG:colcon:Command line arguments: ['/usr/bin/colcon', 'build', '--symlink-install', '--packages-select', 'conrtol_nodes']
[1.731s] DEBUG:colcon:Parsed command line arguments: Namespace(allow_overriding=[], ament_cmake_args=None, base_paths=['.'], build_base='build', catkin_cmake_args=None, catkin_skip_building_tests=False, cmake_args=None, cmake_clean_cache=False, cmake_clean_first=False, cmake_force_configure=False, cmake_target=None, cmake_target_skip_unavailable=False, continue_on_error=False, event_handlers=None, executor='parallel', ignore_user_meta=False, install_base='install', log_base=None, log_level=None, main=<bound method BuildVerb.main of <colcon_core.verb.build.BuildVerb object at 0x7fa3647e10>>, merge_install=False, metas=['./colcon.meta'], packages_above=None, packages_above_and_dependencies=None, packages_above_depth=None, packages_end=None, packages_ignore=None, packages_ignore_regex=None, packages_select=['conrtol_nodes'], packages_select_build_failed=False, packages_select_by_dep=None, packages_select_regex=None, packages_select_test_failures=False, packages_skip=None, packages_skip_build_finished=False, packages_skip_by_dep=None, packages_skip_regex=None, packages_skip_test_passed=False, packages_skip_up_to=None, packages_start=None, packages_up_to=None, packages_up_to_regex=None, parallel_workers=4, paths=None, symlink_install=True, test_result_base=None, verb_extension=<colcon_core.verb.build.BuildVerb object at 0x7fa3647e10>, verb_name='build', verb_parser=<colcon_defaults.argument_parser.defaults.DefaultArgumentsDecorator object at 0x7fa3499860>)
[1.841s] Level 1:colcon.colcon_core.package_discovery:discover_packages(colcon_meta) check parameters
[1.841s] Level 1:colcon.colcon_core.package_discovery:discover_packages(recursive) check parameters
[1.841s] Level 1:colcon.colcon_core.package_discovery:discover_packages(ignore) check parameters
[1.841s] Level 1:colcon.colcon_core.package_discovery:discover_packages(path) check parameters
[1.842s] Level 1:colcon.colcon_core.package_discovery:discover_packages(colcon_meta) discover
[1.843s] Level 1:colcon.colcon_core.package_discovery:discover_packages(recursive) discover
[1.843s] INFO:colcon.colcon_core.package_discovery:Crawling recursively for packages in '/home/nvidia/qcar_ros2_ws'
[1.843s] Level 1:colcon.colcon_core.package_identification:_identify(.) by extensions ['ignore', 'ignore_ament_install']
[1.844s] Level 1:colcon.colcon_core.package_identification:_identify(.) by extension 'ignore'
[1.844s] Level 1:colcon.colcon_core.package_identification:_identify(.) by extension 'ignore_ament_install'
[1.844s] Level 1:colcon.colcon_core.package_identification:_identify(.) by extensions ['colcon_pkg']
[1.844s] Level 1:colcon.colcon_core.package_identification:_identify(.) by extension 'colcon_pkg'
[1.845s] Level 1:colcon.colcon_core.package_identification:_identify(.) by extensions ['colcon_meta']
[1.845s] Level 1:colcon.colcon_core.package_identification:_identify(.) by extension 'colcon_meta'
[1.845s] Level 1:colcon.colcon_core.package_identification:_identify(.) by extensions ['ros']
[1.845s] Level 1:colcon.colcon_core.package_identification:_identify(.) by extension 'ros'
[1.887s] Level 1:colcon.colcon_core.package_identification:_identify(.) by extensions ['cmake', 'python']
[1.888s] Level 1:colcon.colcon_core.package_identification:_identify(.) by extension 'cmake'
[1.888s] Level 1:colcon.colcon_core.package_identification:_identify(.) by extension 'python'
[1.888s] Level 1:colcon.colcon_core.package_identification:_identify(.) by extensions ['python_setup_py']
[1.888s] Level 1:colcon.colcon_core.package_identification:_identify(.) by extension 'python_setup_py'
[1.889s] Level 1:colcon.colcon_core.package_identification:_identify(build) by extensions ['ignore', 'ignore_ament_install']
[1.889s] Level 1:colcon.colcon_core.package_identification:_identify(build) by extension 'ignore'
[1.889s] Level 1:colcon.colcon_core.package_identification:_identify(build) ignored
[1.891s] Level 1:colcon.colcon_core.package_identification:_identify(install) by extensions ['ignore', 'ignore_ament_install']
[1.891s] Level 1:colcon.colcon_core.package_identification:_identify(install) by extension 'ignore'
[1.891s] Level 1:colcon.colcon_core.package_identification:_identify(install) ignored
[1.892s] Level 1:colcon.colcon_core.package_identification:_identify(log) by extensions ['ignore', 'ignore_ament_install']
[1.892s] Level 1:colcon.colcon_core.package_identification:_identify(log) by extension 'ignore'
[1.892s] Level 1:colcon.colcon_core.package_identification:_identify(log) ignored
[1.893s] Level 1:colcon.colcon_core.package_identification:_identify(python) by extensions ['ignore', 'ignore_ament_install']
[1.893s] Level 1:colcon.colcon_core.package_identification:_identify(python) by extension 'ignore'
[1.893s] Level 1:colcon.colcon_core.package_identification:_identify(python) by extension 'ignore_ament_install'
[1.894s] Level 1:colcon.colcon_core.package_identification:_identify(python) by extensions ['colcon_pkg']
[1.894s] Level 1:colcon.colcon_core.package_identification:_identify(python) by extension 'colcon_pkg'
[1.894s] Level 1:colcon.colcon_core.package_identification:_identify(python) by extensions ['colcon_meta']
[1.894s] Level 1:colcon.colcon_core.package_identification:_identify(python) by extension 'colcon_meta'
[1.894s] Level 1:colcon.colcon_core.package_identification:_identify(python) by extensions ['ros']
[1.894s] Level 1:colcon.colcon_core.package_identification:_identify(python) by extension 'ros'
[1.895s] Level 1:colcon.colcon_core.package_identification:_identify(python) by extensions ['cmake', 'python']
[1.895s] Level 1:colcon.colcon_core.package_identification:_identify(python) by extension 'cmake'
[1.895s] Level 1:colcon.colcon_core.package_identification:_identify(python) by extension 'python'
[1.895s] Level 1:colcon.colcon_core.package_identification:_identify(python) by extensions ['python_setup_py']
[1.895s] Level 1:colcon.colcon_core.package_identification:_identify(python) by extension 'python_setup_py'
[1.896s] Level 1:colcon.colcon_core.package_identification:_identify(recordings) by extensions ['ignore', 'ignore_ament_install']
[1.896s] Level 1:colcon.colcon_core.package_identification:_identify(recordings) by extension 'ignore'
[1.896s] Level 1:colcon.colcon_core.package_identification:_identify(recordings) by extension 'ignore_ament_install'
[1.897s] Level 1:colcon.colcon_core.package_identification:_identify(recordings) by extensions ['colcon_pkg']
[1.897s] Level 1:colcon.colcon_core.package_identification:_identify(recordings) by extension 'colcon_pkg'
[1.897s] Level 1:colcon.colcon_core.package_identification:_identify(recordings) by extensions ['colcon_meta']
[1.897s] Level 1:colcon.colcon_core.package_identification:_identify(recordings) by extension 'colcon_meta'
[1.897s] Level 1:colcon.colcon_core.package_identification:_identify(recordings) by extensions ['ros']
[1.897s] Level 1:colcon.colcon_core.package_identification:_identify(recordings) by extension 'ros'
[1.898s] Level 1:colcon.colcon_core.package_identification:_identify(recordings) by extensions ['cmake', 'python']
[1.898s] Level 1:colcon.colcon_core.package_identification:_identify(recordings) by extension 'cmake'
[1.898s] Level 1:colcon.colcon_core.package_identification:_identify(recordings) by extension 'python'
[1.898s] Level 1:colcon.colcon_core.package_identification:_identify(recordings) by extensions ['python_setup_py']
[1.898s] Level 1:colcon.colcon_core.package_identification:_identify(recordings) by extension 'python_setup_py'
[1.899s] Level 1:colcon.colcon_core.package_identification:_identify(src) by extensions ['ignore', 'ignore_ament_install']
[1.899s] Level 1:colcon.colcon_core.package_identification:_identify(src) by extension 'ignore'
[1.899s] Level 1:colcon.colcon_core.package_identification:_identify(src) by extension 'ignore_ament_install'
[1.900s] Level 1:colcon.colcon_core.package_identification:_identify(src) by extensions ['colcon_pkg']
[1.900s] Level 1:colcon.colcon_core.package_identification:_identify(src) by extension 'colcon_pkg'
[1.900s] Level 1:colcon.colcon_core.package_identification:_identify(src) by extensions ['colcon_meta']
[1.900s] Level 1:colcon.colcon_core.package_identification:_identify(src) by extension 'colcon_meta'
[1.900s] Level 1:colcon.colcon_core.package_identification:_identify(src) by extensions ['ros']
[1.900s] Level 1:colcon.colcon_core.package_identification:_identify(src) by extension 'ros'
[1.901s] Level 1:colcon.colcon_core.package_identification:_identify(src) by extensions ['cmake', 'python']
[1.901s] Level 1:colcon.colcon_core.package_identification:_identify(src) by extension 'cmake'
[1.901s] Level 1:colcon.colcon_core.package_identification:_identify(src) by extension 'python'
[1.901s] Level 1:colcon.colcon_core.package_identification:_identify(src) by extensions ['python_setup_py']
[1.901s] Level 1:colcon.colcon_core.package_identification:_identify(src) by extension 'python_setup_py'
[1.902s] Level 1:colcon.colcon_core.package_identification:_identify(src/control_nodes) by extensions ['ignore', 'ignore_ament_install']
[1.902s] Level 1:colcon.colcon_core.package_identification:_identify(src/control_nodes) by extension 'ignore'
[1.902s] Level 1:colcon.colcon_core.package_identification:_identify(src/control_nodes) by extension 'ignore_ament_install'
[1.903s] Level 1:colcon.colcon_core.package_identification:_identify(src/control_nodes) by extensions ['colcon_pkg']
[1.903s] Level 1:colcon.colcon_core.package_identification:_identify(src/control_nodes) by extension 'colcon_pkg'
[1.903s] Level 1:colcon.colcon_core.package_identification:_identify(src/control_nodes) by extensions ['colcon_meta']
[1.903s] Level 1:colcon.colcon_core.package_identification:_identify(src/control_nodes) by extension 'colcon_meta'
[1.903s] Level 1:colcon.colcon_core.package_identification:_identify(src/control_nodes) by extensions ['ros']
[1.903s] Level 1:colcon.colcon_core.package_identification:_identify(src/control_nodes) by extension 'ros'
[1.916s] DEBUG:colcon.colcon_core.package_identification:Package 'src/control_nodes' with type 'ros.ament_python' and name 'control_nodes'
[1.916s] Level 1:colcon.colcon_core.package_identification:_identify(src/cpp_qcar) by extensions ['ignore', 'ignore_ament_install']
[1.917s] Level 1:colcon.colcon_core.package_identification:_identify(src/cpp_qcar) by extension 'ignore'
[1.919s] Level 1:colcon.colcon_core.package_identification:_identify(src/cpp_qcar) by extension 'ignore_ament_install'
[1.919s] Level 1:colcon.colcon_core.package_identification:_identify(src/cpp_qcar) by extensions ['colcon_pkg']
[1.919s] Level 1:colcon.colcon_core.package_identification:_identify(src/cpp_qcar) by extension 'colcon_pkg'
[1.920s] Level 1:colcon.colcon_core.package_identification:_identify(src/cpp_qcar) by extensions ['colcon_meta']
[1.920s] Level 1:colcon.colcon_core.package_identification:_identify(src/cpp_qcar) by extension 'colcon_meta'
[1.920s] Level 1:colcon.colcon_core.package_identification:_identify(src/cpp_qcar) by extensions ['ros']
[1.920s] Level 1:colcon.colcon_core.package_identification:_identify(src/cpp_qcar) by extension 'ros'
[1.924s] DEBUG:colcon.colcon_core.package_identification:Package 'src/cpp_qcar' with type 'ros.ament_cmake' and name 'cpp_qcar'
[1.924s] Level 1:colcon.colcon_core.package_identification:_identify(src/qcar_nodes) by extensions ['ignore', 'ignore_ament_install']
[1.924s] Level 1:colcon.colcon_core.package_identification:_identify(src/qcar_nodes) by extension 'ignore'
[1.925s] Level 1:colcon.colcon_core.package_identification:_identify(src/qcar_nodes) by extension 'ignore_ament_install'
[1.925s] Level 1:colcon.colcon_core.package_identification:_identify(src/qcar_nodes) by extensions ['colcon_pkg']
[1.925s] Level 1:colcon.colcon_core.package_identification:_identify(src/qcar_nodes) by extension 'colcon_pkg'
[1.925s] Level 1:colcon.colcon_core.package_identification:_identify(src/qcar_nodes) by extensions ['colcon_meta']
[1.925s] Level 1:colcon.colcon_core.package_identification:_identify(src/qcar_nodes) by extension 'colcon_meta'
[1.926s] Level 1:colcon.colcon_core.package_identification:_identify(src/qcar_nodes) by extensions ['ros']
[1.926s] Level 1:colcon.colcon_core.package_identification:_identify(src/qcar_nodes) by extension 'ros'
[1.928s] DEBUG:colcon.colcon_core.package_identification:Package 'src/qcar_nodes' with type 'ros.ament_python' and name 'qcar_nodes'
[1.928s] Level 1:colcon.colcon_core.package_identification:_identify(src/slam_toolbox) by extensions ['ignore', 'ignore_ament_install']
[1.929s] Level 1:colcon.colcon_core.package_identification:_identify(src/slam_toolbox) by extension 'ignore'
[1.929s] Level 1:colcon.colcon_core.package_identification:_identify(src/slam_toolbox) by extension 'ignore_ament_install'
[1.929s] Level 1:colcon.colcon_core.package_identification:_identify(src/slam_toolbox) by extensions ['colcon_pkg']
[1.929s] Level 1:colcon.colcon_core.package_identification:_identify(src/slam_toolbox) by extension 'colcon_pkg'
[1.929s] Level 1:colcon.colcon_core.package_identification:_identify(src/slam_toolbox) by extensions ['colcon_meta']
[1.930s] Level 1:colcon.colcon_core.package_identification:_identify(src/slam_toolbox) by extension 'colcon_meta'
[1.930s] Level 1:colcon.colcon_core.package_identification:_identify(src/slam_toolbox) by extensions ['ros']
[1.930s] Level 1:colcon.colcon_core.package_identification:_identify(src/slam_toolbox) by extension 'ros'
[1.938s] DEBUG:colcon.colcon_core.package_identification:Package 'src/slam_toolbox' with type 'ros.ament_cmake' and name 'slam_toolbox'
[1.938s] Level 1:colcon.colcon_core.package_discovery:discover_packages(recursive) using defaults
[1.939s] Level 1:colcon.colcon_core.package_discovery:discover_packages(ignore) discover
[1.940s] Level 1:colcon.colcon_core.package_discovery:discover_packages(ignore) using defaults
[1.940s] Level 1:colcon.colcon_core.package_discovery:discover_packages(path) discover
[1.940s] Level 1:colcon.colcon_core.package_discovery:discover_packages(path) using defaults
[1.942s] WARNING:colcon.colcon_core.package_selection:ignoring unknown package 'conrtol_nodes' in --packages-select
[2.044s] INFO:colcon.colcon_core.package_selection:Skipping not selected package 'control_nodes' in 'src/control_nodes'
[2.044s] INFO:colcon.colcon_core.package_selection:Skipping not selected package 'cpp_qcar' in 'src/cpp_qcar'
[2.044s] INFO:colcon.colcon_core.package_selection:Skipping not selected package 'qcar_nodes' in 'src/qcar_nodes'
[2.044s] INFO:colcon.colcon_core.package_selection:Skipping not selected package 'slam_toolbox' in 'src/slam_toolbox'
[2.048s] Level 1:colcon.colcon_core.package_discovery:discover_packages(prefix_path) check parameters
[2.048s] Level 1:colcon.colcon_core.package_discovery:discover_packages(prefix_path) discover
[2.060s] DEBUG:colcon.colcon_installed_package_information.package_discovery:Found 5 installed packages in /home/nvidia/qcar_ros2_ws/install
[2.067s] DEBUG:colcon.colcon_installed_package_information.package_discovery:Found 237 installed packages in /opt/ros/dashing
[2.076s] Level 1:colcon.colcon_core.package_discovery:discover_packages(prefix_path) using defaults
[2.373s] INFO:colcon.colcon_core.executor:Executing jobs using 'parallel' executor
[2.377s] DEBUG:colcon.colcon_parallel_executor.executor.parallel:run_until_complete
[2.378s] DEBUG:colcon.colcon_parallel_executor.executor.parallel:closing loop
[2.379s] DEBUG:colcon.colcon_parallel_executor.executor.parallel:loop closed
[2.379s] DEBUG:colcon.colcon_parallel_executor.executor.parallel:run_until_complete finished with '0'
[2.379s] DEBUG:colcon.colcon_core.event_reactor:joining thread
[2.405s] INFO:colcon.colcon_core.plugin_system:Skipping extension 'colcon_notification.desktop_notification.terminal_notifier': Not used on non-Darwin systems
[2.405s] INFO:colcon.colcon_core.plugin_system:Skipping extension 'colcon_notification.desktop_notification.win32': Not used on non-Windows systems
[2.405s] INFO:colcon.colcon_notification.desktop_notification:Sending desktop notification using 'notify2'
[2.405s] DEBUG:colcon.colcon_notification.desktop_notification.notify2:Failed to initialize notify2: org.freedesktop.DBus.Error.NotSupported: Unable to autolaunch a dbus-daemon without a $DISPLAY for X11
[2.406s] DEBUG:colcon.colcon_core.event_reactor:joined thread
[2.419s] INFO:colcon.colcon_core.plugin_system:Skipping extension 'colcon_core.shell.bat': Not used on non-Windows systems
[2.420s] INFO:colcon.colcon_core.shell:Creating prefix script '/home/nvidia/qcar_ros2_ws/install/local_setup.ps1'
[2.426s] INFO:colcon.colcon_core.shell:Creating prefix util module '/home/nvidia/qcar_ros2_ws/install/_local_setup_util_ps1.py'
[2.433s] INFO:colcon.colcon_core.shell:Creating prefix chain script '/home/nvidia/qcar_ros2_ws/install/setup.ps1'
[2.439s] INFO:colcon.colcon_core.shell:Creating prefix script '/home/nvidia/qcar_ros2_ws/install/local_setup.sh'
[2.442s] INFO:colcon.colcon_core.shell:Creating prefix util module '/home/nvidia/qcar_ros2_ws/install/_local_setup_util_sh.py'
[2.443s] INFO:colcon.colcon_core.shell:Creating prefix chain script '/home/nvidia/qcar_ros2_ws/install/setup.sh'
[2.449s] INFO:colcon.colcon_core.shell:Creating prefix script '/home/nvidia/qcar_ros2_ws/install/local_setup.bash'
[2.451s] INFO:colcon.colcon_core.shell:Creating prefix chain script '/home/nvidia/qcar_ros2_ws/install/setup.bash'
[2.457s] INFO:colcon.colcon_core.shell:Creating prefix script '/home/nvidia/qcar_ros2_ws/install/local_setup.zsh'
[2.459s] INFO:colcon.colcon_core.shell:Creating prefix chain script '/home/nvidia/qcar_ros2_ws/install/setup.zsh'
