[1.661s] DEBUG:colcon:Command line arguments: ['/usr/bin/colcon', 'build', '--packages-select', 'cpp_qcar']
[1.661s] DEBUG:colcon:Parsed command line arguments: Namespace(allow_overriding=[], ament_cmake_args=None, base_paths=['.'], build_base='build', catkin_cmake_args=None, catkin_skip_building_tests=False, cmake_args=None, cmake_clean_cache=False, cmake_clean_first=False, cmake_force_configure=False, cmake_target=None, cmake_target_skip_unavailable=False, continue_on_error=False, event_handlers=None, executor='parallel', ignore_user_meta=False, install_base='install', log_base=None, log_level=None, main=<bound method BuildVerb.main of <colcon_core.verb.build.BuildVerb object at 0x7f985b0898>>, merge_install=False, metas=['./colcon.meta'], packages_above=None, packages_above_and_dependencies=None, packages_above_depth=None, packages_end=None, packages_ignore=None, packages_ignore_regex=None, packages_select=['cpp_qcar'], packages_select_build_failed=False, packages_select_by_dep=None, packages_select_regex=None, packages_select_test_failures=False, packages_skip=None, packages_skip_build_finished=False, packages_skip_by_dep=None, packages_skip_regex=None, packages_skip_test_passed=False, packages_skip_up_to=None, packages_start=None, packages_up_to=None, packages_up_to_regex=None, parallel_workers=4, paths=None, symlink_install=False, test_result_base=None, verb_extension=<colcon_core.verb.build.BuildVerb object at 0x7f985b0898>, verb_name='build', verb_parser=<colcon_defaults.argument_parser.defaults.DefaultArgumentsDecorator object at 0x7f984022b0>)
[1.743s] Level 1:colcon.colcon_core.package_discovery:discover_packages(colcon_meta) check parameters
[1.744s] Level 1:colcon.colcon_core.package_discovery:discover_packages(recursive) check parameters
[1.744s] Level 1:colcon.colcon_core.package_discovery:discover_packages(ignore) check parameters
[1.744s] Level 1:colcon.colcon_core.package_discovery:discover_packages(path) check parameters
[1.744s] Level 1:colcon.colcon_core.package_discovery:discover_packages(colcon_meta) discover
[1.746s] Level 1:colcon.colcon_core.package_discovery:discover_packages(recursive) discover
[1.746s] INFO:colcon.colcon_core.package_discovery:Crawling recursively for packages in '/home/nvidia/ros2_ws'
[1.746s] Level 1:colcon.colcon_core.package_identification:_identify(.) by extensions ['ignore', 'ignore_ament_install']
[1.747s] Level 1:colcon.colcon_core.package_identification:_identify(.) by extension 'ignore'
[1.747s] Level 1:colcon.colcon_core.package_identification:_identify(.) by extension 'ignore_ament_install'
[1.747s] Level 1:colcon.colcon_core.package_identification:_identify(.) by extensions ['colcon_pkg']
[1.747s] Level 1:colcon.colcon_core.package_identification:_identify(.) by extension 'colcon_pkg'
[1.748s] Level 1:colcon.colcon_core.package_identification:_identify(.) by extensions ['colcon_meta']
[1.748s] Level 1:colcon.colcon_core.package_identification:_identify(.) by extension 'colcon_meta'
[1.748s] Level 1:colcon.colcon_core.package_identification:_identify(.) by extensions ['ros']
[1.748s] Level 1:colcon.colcon_core.package_identification:_identify(.) by extension 'ros'
[1.792s] Level 1:colcon.colcon_core.package_identification:_identify(.) by extensions ['cmake', 'python']
[1.793s] Level 1:colcon.colcon_core.package_identification:_identify(.) by extension 'cmake'
[1.793s] Level 1:colcon.colcon_core.package_identification:_identify(.) by extension 'python'
[1.793s] Level 1:colcon.colcon_core.package_identification:_identify(.) by extensions ['python_setup_py']
[1.793s] Level 1:colcon.colcon_core.package_identification:_identify(.) by extension 'python_setup_py'
[1.794s] Level 1:colcon.colcon_core.package_identification:_identify(build) by extensions ['ignore', 'ignore_ament_install']
[1.794s] Level 1:colcon.colcon_core.package_identification:_identify(build) by extension 'ignore'
[1.794s] Level 1:colcon.colcon_core.package_identification:_identify(build) ignored
[1.796s] Level 1:colcon.colcon_core.package_identification:_identify(install) by extensions ['ignore', 'ignore_ament_install']
[1.796s] Level 1:colcon.colcon_core.package_identification:_identify(install) by extension 'ignore'
[1.796s] Level 1:colcon.colcon_core.package_identification:_identify(install) ignored
[1.797s] Level 1:colcon.colcon_core.package_identification:_identify(log) by extensions ['ignore', 'ignore_ament_install']
[1.797s] Level 1:colcon.colcon_core.package_identification:_identify(log) by extension 'ignore'
[1.797s] Level 1:colcon.colcon_core.package_identification:_identify(log) ignored
[1.798s] Level 1:colcon.colcon_core.package_identification:_identify(python) by extensions ['ignore', 'ignore_ament_install']
[1.798s] Level 1:colcon.colcon_core.package_identification:_identify(python) by extension 'ignore'
[1.798s] Level 1:colcon.colcon_core.package_identification:_identify(python) by extension 'ignore_ament_install'
[1.798s] Level 1:colcon.colcon_core.package_identification:_identify(python) by extensions ['colcon_pkg']
[1.798s] Level 1:colcon.colcon_core.package_identification:_identify(python) by extension 'colcon_pkg'
[1.799s] Level 1:colcon.colcon_core.package_identification:_identify(python) by extensions ['colcon_meta']
[1.799s] Level 1:colcon.colcon_core.package_identification:_identify(python) by extension 'colcon_meta'
[1.799s] Level 1:colcon.colcon_core.package_identification:_identify(python) by extensions ['ros']
[1.799s] Level 1:colcon.colcon_core.package_identification:_identify(python) by extension 'ros'
[1.800s] Level 1:colcon.colcon_core.package_identification:_identify(python) by extensions ['cmake', 'python']
[1.800s] Level 1:colcon.colcon_core.package_identification:_identify(python) by extension 'cmake'
[1.800s] Level 1:colcon.colcon_core.package_identification:_identify(python) by extension 'python'
[1.800s] Level 1:colcon.colcon_core.package_identification:_identify(python) by extensions ['python_setup_py']
[1.800s] Level 1:colcon.colcon_core.package_identification:_identify(python) by extension 'python_setup_py'
[1.801s] Level 1:colcon.colcon_core.package_identification:_identify(src) by extensions ['ignore', 'ignore_ament_install']
[1.801s] Level 1:colcon.colcon_core.package_identification:_identify(src) by extension 'ignore'
[1.801s] Level 1:colcon.colcon_core.package_identification:_identify(src) by extension 'ignore_ament_install'
[1.802s] Level 1:colcon.colcon_core.package_identification:_identify(src) by extensions ['colcon_pkg']
[1.802s] Level 1:colcon.colcon_core.package_identification:_identify(src) by extension 'colcon_pkg'
[1.802s] Level 1:colcon.colcon_core.package_identification:_identify(src) by extensions ['colcon_meta']
[1.802s] Level 1:colcon.colcon_core.package_identification:_identify(src) by extension 'colcon_meta'
[1.802s] Level 1:colcon.colcon_core.package_identification:_identify(src) by extensions ['ros']
[1.803s] Level 1:colcon.colcon_core.package_identification:_identify(src) by extension 'ros'
[1.803s] Level 1:colcon.colcon_core.package_identification:_identify(src) by extensions ['cmake', 'python']
[1.803s] Level 1:colcon.colcon_core.package_identification:_identify(src) by extension 'cmake'
[1.803s] Level 1:colcon.colcon_core.package_identification:_identify(src) by extension 'python'
[1.804s] Level 1:colcon.colcon_core.package_identification:_identify(src) by extensions ['python_setup_py']
[1.804s] Level 1:colcon.colcon_core.package_identification:_identify(src) by extension 'python_setup_py'
[1.804s] Level 1:colcon.colcon_core.package_identification:_identify(src/control_nodes) by extensions ['ignore', 'ignore_ament_install']
[1.804s] Level 1:colcon.colcon_core.package_identification:_identify(src/control_nodes) by extension 'ignore'
[1.805s] Level 1:colcon.colcon_core.package_identification:_identify(src/control_nodes) by extension 'ignore_ament_install'
[1.805s] Level 1:colcon.colcon_core.package_identification:_identify(src/control_nodes) by extensions ['colcon_pkg']
[1.805s] Level 1:colcon.colcon_core.package_identification:_identify(src/control_nodes) by extension 'colcon_pkg'
[1.805s] Level 1:colcon.colcon_core.package_identification:_identify(src/control_nodes) by extensions ['colcon_meta']
[1.805s] Level 1:colcon.colcon_core.package_identification:_identify(src/control_nodes) by extension 'colcon_meta'
[1.806s] Level 1:colcon.colcon_core.package_identification:_identify(src/control_nodes) by extensions ['ros']
[1.806s] Level 1:colcon.colcon_core.package_identification:_identify(src/control_nodes) by extension 'ros'
[1.817s] DEBUG:colcon.colcon_core.package_identification:Package 'src/control_nodes' with type 'ros.ament_python' and name 'control_nodes'
[1.818s] Level 1:colcon.colcon_core.package_identification:_identify(src/cpp_qcar) by extensions ['ignore', 'ignore_ament_install']
[1.818s] Level 1:colcon.colcon_core.package_identification:_identify(src/cpp_qcar) by extension 'ignore'
[1.819s] Level 1:colcon.colcon_core.package_identification:_identify(src/cpp_qcar) by extension 'ignore_ament_install'
[1.819s] Level 1:colcon.colcon_core.package_identification:_identify(src/cpp_qcar) by extensions ['colcon_pkg']
[1.819s] Level 1:colcon.colcon_core.package_identification:_identify(src/cpp_qcar) by extension 'colcon_pkg'
[1.819s] Level 1:colcon.colcon_core.package_identification:_identify(src/cpp_qcar) by extensions ['colcon_meta']
[1.819s] Level 1:colcon.colcon_core.package_identification:_identify(src/cpp_qcar) by extension 'colcon_meta'
[1.820s] Level 1:colcon.colcon_core.package_identification:_identify(src/cpp_qcar) by extensions ['ros']
[1.820s] Level 1:colcon.colcon_core.package_identification:_identify(src/cpp_qcar) by extension 'ros'
[1.824s] DEBUG:colcon.colcon_core.package_identification:Package 'src/cpp_qcar' with type 'ros.ament_cmake' and name 'cpp_qcar'
[1.824s] Level 1:colcon.colcon_core.package_identification:_identify(src/qcar_nodes) by extensions ['ignore', 'ignore_ament_install']
[1.825s] Level 1:colcon.colcon_core.package_identification:_identify(src/qcar_nodes) by extension 'ignore'
[1.825s] Level 1:colcon.colcon_core.package_identification:_identify(src/qcar_nodes) by extension 'ignore_ament_install'
[1.825s] Level 1:colcon.colcon_core.package_identification:_identify(src/qcar_nodes) by extensions ['colcon_pkg']
[1.825s] Level 1:colcon.colcon_core.package_identification:_identify(src/qcar_nodes) by extension 'colcon_pkg'
[1.826s] Level 1:colcon.colcon_core.package_identification:_identify(src/qcar_nodes) by extensions ['colcon_meta']
[1.826s] Level 1:colcon.colcon_core.package_identification:_identify(src/qcar_nodes) by extension 'colcon_meta'
[1.826s] Level 1:colcon.colcon_core.package_identification:_identify(src/qcar_nodes) by extensions ['ros']
[1.826s] Level 1:colcon.colcon_core.package_identification:_identify(src/qcar_nodes) by extension 'ros'
[1.828s] DEBUG:colcon.colcon_core.package_identification:Package 'src/qcar_nodes' with type 'ros.ament_python' and name 'qcar_nodes'
[1.829s] Level 1:colcon.colcon_core.package_identification:_identify(src/slam_toolbox) by extensions ['ignore', 'ignore_ament_install']
[1.829s] Level 1:colcon.colcon_core.package_identification:_identify(src/slam_toolbox) by extension 'ignore'
[1.830s] Level 1:colcon.colcon_core.package_identification:_identify(src/slam_toolbox) by extension 'ignore_ament_install'
[1.830s] Level 1:colcon.colcon_core.package_identification:_identify(src/slam_toolbox) by extensions ['colcon_pkg']
[1.830s] Level 1:colcon.colcon_core.package_identification:_identify(src/slam_toolbox) by extension 'colcon_pkg'
[1.830s] Level 1:colcon.colcon_core.package_identification:_identify(src/slam_toolbox) by extensions ['colcon_meta']
[1.831s] Level 1:colcon.colcon_core.package_identification:_identify(src/slam_toolbox) by extension 'colcon_meta'
[1.831s] Level 1:colcon.colcon_core.package_identification:_identify(src/slam_toolbox) by extensions ['ros']
[1.831s] Level 1:colcon.colcon_core.package_identification:_identify(src/slam_toolbox) by extension 'ros'
[1.837s] DEBUG:colcon.colcon_core.package_identification:Package 'src/slam_toolbox' with type 'ros.ament_cmake' and name 'slam_toolbox'
[1.837s] Level 1:colcon.colcon_core.package_discovery:discover_packages(recursive) using defaults
[1.838s] Level 1:colcon.colcon_core.package_discovery:discover_packages(ignore) discover
[1.839s] Level 1:colcon.colcon_core.package_discovery:discover_packages(ignore) using defaults
[1.839s] Level 1:colcon.colcon_core.package_discovery:discover_packages(path) discover
[1.839s] Level 1:colcon.colcon_core.package_discovery:discover_packages(path) using defaults
[1.935s] INFO:colcon.colcon_core.package_selection:Skipping not selected package 'control_nodes' in 'src/control_nodes'
[1.936s] INFO:colcon.colcon_core.package_selection:Skipping not selected package 'qcar_nodes' in 'src/qcar_nodes'
[1.936s] INFO:colcon.colcon_core.package_selection:Skipping not selected package 'slam_toolbox' in 'src/slam_toolbox'
[1.939s] Level 1:colcon.colcon_core.package_discovery:discover_packages(prefix_path) check parameters
[1.939s] Level 1:colcon.colcon_core.package_discovery:discover_packages(prefix_path) discover
[1.951s] DEBUG:colcon.colcon_installed_package_information.package_discovery:Found 4 installed packages in /home/nvidia/ros2_ws/install
[1.958s] DEBUG:colcon.colcon_installed_package_information.package_discovery:Found 237 installed packages in /opt/ros/dashing
[1.967s] Level 1:colcon.colcon_core.package_discovery:discover_packages(prefix_path) using defaults
[2.280s] Level 5:colcon.colcon_core.verb:set package 'cpp_qcar' build argument 'cmake_args' from command line to 'None'
[2.280s] Level 5:colcon.colcon_core.verb:set package 'cpp_qcar' build argument 'cmake_target' from command line to 'None'
[2.280s] Level 5:colcon.colcon_core.verb:set package 'cpp_qcar' build argument 'cmake_target_skip_unavailable' from command line to 'False'
[2.280s] Level 5:colcon.colcon_core.verb:set package 'cpp_qcar' build argument 'cmake_clean_cache' from command line to 'False'
[2.280s] Level 5:colcon.colcon_core.verb:set package 'cpp_qcar' build argument 'cmake_clean_first' from command line to 'False'
[2.281s] Level 5:colcon.colcon_core.verb:set package 'cpp_qcar' build argument 'cmake_force_configure' from command line to 'False'
[2.281s] Level 5:colcon.colcon_core.verb:set package 'cpp_qcar' build argument 'ament_cmake_args' from command line to 'None'
[2.281s] Level 5:colcon.colcon_core.verb:set package 'cpp_qcar' build argument 'catkin_cmake_args' from command line to 'None'
[2.281s] Level 5:colcon.colcon_core.verb:set package 'cpp_qcar' build argument 'catkin_skip_building_tests' from command line to 'False'
[2.281s] DEBUG:colcon.colcon_core.verb:Building package 'cpp_qcar' with the following arguments: {'ament_cmake_args': None, 'build_base': '/home/nvidia/ros2_ws/build/cpp_qcar', 'catkin_cmake_args': None, 'catkin_skip_building_tests': False, 'cmake_args': None, 'cmake_clean_cache': False, 'cmake_clean_first': False, 'cmake_force_configure': False, 'cmake_target': None, 'cmake_target_skip_unavailable': False, 'install_base': '/home/nvidia/ros2_ws/install/cpp_qcar', 'merge_install': False, 'path': '/home/nvidia/ros2_ws/src/cpp_qcar', 'symlink_install': False, 'test_result_base': None}
[2.283s] INFO:colcon.colcon_core.executor:Executing jobs using 'parallel' executor
[2.287s] DEBUG:colcon.colcon_parallel_executor.executor.parallel:run_until_complete
[2.289s] INFO:colcon.colcon_ros.task.ament_cmake.build:Building ROS package in '/home/nvidia/ros2_ws/src/cpp_qcar' with build type 'ament_cmake'
[2.290s] INFO:colcon.colcon_cmake.task.cmake.build:Building CMake package in '/home/nvidia/ros2_ws/src/cpp_qcar'
[2.300s] INFO:colcon.colcon_core.plugin_system:Skipping extension 'colcon_core.shell.bat': Not used on non-Windows systems
[2.301s] INFO:colcon.colcon_core.shell:Skip shell extension 'powershell' for command environment: Not usable outside of PowerShell
[2.301s] DEBUG:colcon.colcon_core.shell:Skip shell extension 'dsv' for command environment
[2.341s] DEBUG:colcon.colcon_core.event_handler.log_command:Invoking command in '/home/nvidia/ros2_ws/build/cpp_qcar': CMAKE_PREFIX_PATH=${CMAKE_PREFIX_PATH}:/home/nvidia/ros2_ws/install/qcar_nodes:/home/nvidia/ros2_ws/install/control_nodes:/opt/ros/dashing /usr/local/bin/cmake --build /home/nvidia/ros2_ws/build/cpp_qcar -- -j4 -l4
[4.695s] DEBUG:colcon.colcon_core.event_handler.log_command:Invoked command in '/home/nvidia/ros2_ws/build/cpp_qcar' returned '2': CMAKE_PREFIX_PATH=${CMAKE_PREFIX_PATH}:/home/nvidia/ros2_ws/install/qcar_nodes:/home/nvidia/ros2_ws/install/control_nodes:/opt/ros/dashing /usr/local/bin/cmake --build /home/nvidia/ros2_ws/build/cpp_qcar -- -j4 -l4
[4.775s] Level 1:colcon.colcon_core.environment:create_environment_scripts_only(cpp_qcar)
[4.785s] Level 1:colcon.colcon_core.environment:checking '/home/nvidia/ros2_ws/install/cpp_qcar' for CMake module files
[4.792s] Level 1:colcon.colcon_core.environment:checking '/home/nvidia/ros2_ws/install/cpp_qcar' for CMake config files
[4.793s] Level 1:colcon.colcon_core.shell:create_environment_hook('cpp_qcar', 'cmake_prefix_path')
[4.795s] INFO:colcon.colcon_core.shell:Creating environment hook '/home/nvidia/ros2_ws/install/cpp_qcar/share/cpp_qcar/hook/cmake_prefix_path.ps1'
[4.798s] INFO:colcon.colcon_core.shell:Creating environment descriptor '/home/nvidia/ros2_ws/install/cpp_qcar/share/cpp_qcar/hook/cmake_prefix_path.dsv'
[4.800s] INFO:colcon.colcon_core.shell:Creating environment hook '/home/nvidia/ros2_ws/install/cpp_qcar/share/cpp_qcar/hook/cmake_prefix_path.sh'
[4.804s] Level 1:colcon.colcon_core.environment:checking '/home/nvidia/ros2_ws/install/cpp_qcar/lib'
[4.805s] Level 1:colcon.colcon_core.environment:checking '/home/nvidia/ros2_ws/install/cpp_qcar/bin'
[4.805s] Level 1:colcon.colcon_core.environment:checking '/home/nvidia/ros2_ws/install/cpp_qcar/lib/pkgconfig/cpp_qcar.pc'
[4.806s] Level 1:colcon.colcon_core.environment:checking '/home/nvidia/ros2_ws/install/cpp_qcar/lib/python3.6/site-packages'
[4.807s] Level 1:colcon.colcon_core.environment:checking '/home/nvidia/ros2_ws/install/cpp_qcar/bin'
[4.809s] INFO:colcon.colcon_core.shell:Creating package script '/home/nvidia/ros2_ws/install/cpp_qcar/share/cpp_qcar/package.ps1'
[4.813s] INFO:colcon.colcon_core.shell:Creating package descriptor '/home/nvidia/ros2_ws/install/cpp_qcar/share/cpp_qcar/package.dsv'
[4.815s] INFO:colcon.colcon_core.shell:Creating package script '/home/nvidia/ros2_ws/install/cpp_qcar/share/cpp_qcar/package.sh'
[4.818s] INFO:colcon.colcon_core.shell:Creating package script '/home/nvidia/ros2_ws/install/cpp_qcar/share/cpp_qcar/package.bash'
[4.822s] INFO:colcon.colcon_core.shell:Creating package script '/home/nvidia/ros2_ws/install/cpp_qcar/share/cpp_qcar/package.zsh'
[4.826s] Level 1:colcon.colcon_core.environment:create_file_with_runtime_dependencies(/home/nvidia/ros2_ws/install/cpp_qcar/share/colcon-core/packages/cpp_qcar)
[4.838s] DEBUG:colcon.colcon_parallel_executor.executor.parallel:closing loop
[4.839s] DEBUG:colcon.colcon_parallel_executor.executor.parallel:loop closed
[4.839s] DEBUG:colcon.colcon_parallel_executor.executor.parallel:run_until_complete finished with '2'
[4.839s] DEBUG:colcon.colcon_core.event_reactor:joining thread
[4.861s] INFO:colcon.colcon_core.plugin_system:Skipping extension 'colcon_notification.desktop_notification.terminal_notifier': Not used on non-Darwin systems
[4.862s] INFO:colcon.colcon_core.plugin_system:Skipping extension 'colcon_notification.desktop_notification.win32': Not used on non-Windows systems
[4.862s] INFO:colcon.colcon_notification.desktop_notification:Sending desktop notification using 'notify2'
[6.390s] DEBUG:colcon.colcon_core.event_reactor:joined thread
[6.394s] INFO:colcon.colcon_core.shell:Creating prefix script '/home/nvidia/ros2_ws/install/local_setup.ps1'
[6.399s] INFO:colcon.colcon_core.shell:Creating prefix util module '/home/nvidia/ros2_ws/install/_local_setup_util_ps1.py'
[6.406s] INFO:colcon.colcon_core.shell:Creating prefix chain script '/home/nvidia/ros2_ws/install/setup.ps1'
[6.413s] INFO:colcon.colcon_core.shell:Creating prefix script '/home/nvidia/ros2_ws/install/local_setup.sh'
[6.415s] INFO:colcon.colcon_core.shell:Creating prefix util module '/home/nvidia/ros2_ws/install/_local_setup_util_sh.py'
[6.417s] INFO:colcon.colcon_core.shell:Creating prefix chain script '/home/nvidia/ros2_ws/install/setup.sh'
[6.423s] INFO:colcon.colcon_core.shell:Creating prefix script '/home/nvidia/ros2_ws/install/local_setup.bash'
[6.425s] INFO:colcon.colcon_core.shell:Creating prefix chain script '/home/nvidia/ros2_ws/install/setup.bash'
[6.431s] INFO:colcon.colcon_core.shell:Creating prefix script '/home/nvidia/ros2_ws/install/local_setup.zsh'
[6.433s] INFO:colcon.colcon_core.shell:Creating prefix chain script '/home/nvidia/ros2_ws/install/setup.zsh'
