[1.647s] DEBUG:colcon:Command line arguments: ['/usr/bin/colcon', 'build', '--packages-select', 'qcar_nodes']
[1.648s] DEBUG:colcon:Parsed command line arguments: Namespace(allow_overriding=[], ament_cmake_args=None, base_paths=['.'], build_base='build', catkin_cmake_args=None, catkin_skip_building_tests=False, cmake_args=None, cmake_clean_cache=False, cmake_clean_first=False, cmake_force_configure=False, cmake_target=None, cmake_target_skip_unavailable=False, continue_on_error=False, event_handlers=None, executor='parallel', ignore_user_meta=False, install_base='install', log_base=None, log_level=None, main=<bound method BuildVerb.main of <colcon_core.verb.build.BuildVerb object at 0x7f8ed71518>>, merge_install=False, metas=['./colcon.meta'], packages_above=None, packages_above_and_dependencies=None, packages_above_depth=None, packages_end=None, packages_ignore=None, packages_ignore_regex=None, packages_select=['qcar_nodes'], packages_select_build_failed=False, packages_select_by_dep=None, packages_select_regex=None, packages_select_test_failures=False, packages_skip=None, packages_skip_build_finished=False, packages_skip_by_dep=None, packages_skip_regex=None, packages_skip_test_passed=False, packages_skip_up_to=None, packages_start=None, packages_up_to=None, packages_up_to_regex=None, parallel_workers=4, paths=None, symlink_install=False, test_result_base=None, verb_extension=<colcon_core.verb.build.BuildVerb object at 0x7f8ed71518>, verb_name='build', verb_parser=<colcon_defaults.argument_parser.defaults.DefaultArgumentsDecorator object at 0x7f8ec2cf28>)
[1.725s] Level 1:colcon.colcon_core.package_discovery:discover_packages(colcon_meta) check parameters
[1.726s] Level 1:colcon.colcon_core.package_discovery:discover_packages(recursive) check parameters
[1.726s] Level 1:colcon.colcon_core.package_discovery:discover_packages(ignore) check parameters
[1.726s] Level 1:colcon.colcon_core.package_discovery:discover_packages(path) check parameters
[1.726s] Level 1:colcon.colcon_core.package_discovery:discover_packages(colcon_meta) discover
[1.727s] Level 1:colcon.colcon_core.package_discovery:discover_packages(recursive) discover
[1.727s] INFO:colcon.colcon_core.package_discovery:Crawling recursively for packages in '/home/nvidia/qcar_ros2_ws'
[1.728s] Level 1:colcon.colcon_core.package_identification:_identify(.) by extensions ['ignore', 'ignore_ament_install']
[1.728s] Level 1:colcon.colcon_core.package_identification:_identify(.) by extension 'ignore'
[1.728s] Level 1:colcon.colcon_core.package_identification:_identify(.) by extension 'ignore_ament_install'
[1.729s] Level 1:colcon.colcon_core.package_identification:_identify(.) by extensions ['colcon_pkg']
[1.729s] Level 1:colcon.colcon_core.package_identification:_identify(.) by extension 'colcon_pkg'
[1.729s] Level 1:colcon.colcon_core.package_identification:_identify(.) by extensions ['colcon_meta']
[1.729s] Level 1:colcon.colcon_core.package_identification:_identify(.) by extension 'colcon_meta'
[1.729s] Level 1:colcon.colcon_core.package_identification:_identify(.) by extensions ['ros']
[1.730s] Level 1:colcon.colcon_core.package_identification:_identify(.) by extension 'ros'
[1.772s] Level 1:colcon.colcon_core.package_identification:_identify(.) by extensions ['cmake', 'python']
[1.773s] Level 1:colcon.colcon_core.package_identification:_identify(.) by extension 'cmake'
[1.773s] Level 1:colcon.colcon_core.package_identification:_identify(.) by extension 'python'
[1.773s] Level 1:colcon.colcon_core.package_identification:_identify(.) by extensions ['python_setup_py']
[1.773s] Level 1:colcon.colcon_core.package_identification:_identify(.) by extension 'python_setup_py'
[1.774s] Level 1:colcon.colcon_core.package_identification:_identify(build) by extensions ['ignore', 'ignore_ament_install']
[1.774s] Level 1:colcon.colcon_core.package_identification:_identify(build) by extension 'ignore'
[1.774s] Level 1:colcon.colcon_core.package_identification:_identify(build) ignored
[1.776s] Level 1:colcon.colcon_core.package_identification:_identify(install) by extensions ['ignore', 'ignore_ament_install']
[1.776s] Level 1:colcon.colcon_core.package_identification:_identify(install) by extension 'ignore'
[1.776s] Level 1:colcon.colcon_core.package_identification:_identify(install) ignored
[1.777s] Level 1:colcon.colcon_core.package_identification:_identify(log) by extensions ['ignore', 'ignore_ament_install']
[1.777s] Level 1:colcon.colcon_core.package_identification:_identify(log) by extension 'ignore'
[1.777s] Level 1:colcon.colcon_core.package_identification:_identify(log) ignored
[1.777s] Level 1:colcon.colcon_core.package_identification:_identify(python) by extensions ['ignore', 'ignore_ament_install']
[1.778s] Level 1:colcon.colcon_core.package_identification:_identify(python) by extension 'ignore'
[1.778s] Level 1:colcon.colcon_core.package_identification:_identify(python) by extension 'ignore_ament_install'
[1.778s] Level 1:colcon.colcon_core.package_identification:_identify(python) by extensions ['colcon_pkg']
[1.778s] Level 1:colcon.colcon_core.package_identification:_identify(python) by extension 'colcon_pkg'
[1.779s] Level 1:colcon.colcon_core.package_identification:_identify(python) by extensions ['colcon_meta']
[1.779s] Level 1:colcon.colcon_core.package_identification:_identify(python) by extension 'colcon_meta'
[1.779s] Level 1:colcon.colcon_core.package_identification:_identify(python) by extensions ['ros']
[1.779s] Level 1:colcon.colcon_core.package_identification:_identify(python) by extension 'ros'
[1.779s] Level 1:colcon.colcon_core.package_identification:_identify(python) by extensions ['cmake', 'python']
[1.780s] Level 1:colcon.colcon_core.package_identification:_identify(python) by extension 'cmake'
[1.780s] Level 1:colcon.colcon_core.package_identification:_identify(python) by extension 'python'
[1.780s] Level 1:colcon.colcon_core.package_identification:_identify(python) by extensions ['python_setup_py']
[1.780s] Level 1:colcon.colcon_core.package_identification:_identify(python) by extension 'python_setup_py'
[1.781s] Level 1:colcon.colcon_core.package_identification:_identify(recordings) by extensions ['ignore', 'ignore_ament_install']
[1.781s] Level 1:colcon.colcon_core.package_identification:_identify(recordings) by extension 'ignore'
[1.781s] Level 1:colcon.colcon_core.package_identification:_identify(recordings) by extension 'ignore_ament_install'
[1.781s] Level 1:colcon.colcon_core.package_identification:_identify(recordings) by extensions ['colcon_pkg']
[1.782s] Level 1:colcon.colcon_core.package_identification:_identify(recordings) by extension 'colcon_pkg'
[1.782s] Level 1:colcon.colcon_core.package_identification:_identify(recordings) by extensions ['colcon_meta']
[1.782s] Level 1:colcon.colcon_core.package_identification:_identify(recordings) by extension 'colcon_meta'
[1.782s] Level 1:colcon.colcon_core.package_identification:_identify(recordings) by extensions ['ros']
[1.782s] Level 1:colcon.colcon_core.package_identification:_identify(recordings) by extension 'ros'
[1.783s] Level 1:colcon.colcon_core.package_identification:_identify(recordings) by extensions ['cmake', 'python']
[1.783s] Level 1:colcon.colcon_core.package_identification:_identify(recordings) by extension 'cmake'
[1.783s] Level 1:colcon.colcon_core.package_identification:_identify(recordings) by extension 'python'
[1.783s] Level 1:colcon.colcon_core.package_identification:_identify(recordings) by extensions ['python_setup_py']
[1.783s] Level 1:colcon.colcon_core.package_identification:_identify(recordings) by extension 'python_setup_py'
[1.784s] Level 1:colcon.colcon_core.package_identification:_identify(src) by extensions ['ignore', 'ignore_ament_install']
[1.784s] Level 1:colcon.colcon_core.package_identification:_identify(src) by extension 'ignore'
[1.784s] Level 1:colcon.colcon_core.package_identification:_identify(src) by extension 'ignore_ament_install'
[1.784s] Level 1:colcon.colcon_core.package_identification:_identify(src) by extensions ['colcon_pkg']
[1.785s] Level 1:colcon.colcon_core.package_identification:_identify(src) by extension 'colcon_pkg'
[1.785s] Level 1:colcon.colcon_core.package_identification:_identify(src) by extensions ['colcon_meta']
[1.785s] Level 1:colcon.colcon_core.package_identification:_identify(src) by extension 'colcon_meta'
[1.785s] Level 1:colcon.colcon_core.package_identification:_identify(src) by extensions ['ros']
[1.785s] Level 1:colcon.colcon_core.package_identification:_identify(src) by extension 'ros'
[1.786s] Level 1:colcon.colcon_core.package_identification:_identify(src) by extensions ['cmake', 'python']
[1.786s] Level 1:colcon.colcon_core.package_identification:_identify(src) by extension 'cmake'
[1.786s] Level 1:colcon.colcon_core.package_identification:_identify(src) by extension 'python'
[1.786s] Level 1:colcon.colcon_core.package_identification:_identify(src) by extensions ['python_setup_py']
[1.786s] Level 1:colcon.colcon_core.package_identification:_identify(src) by extension 'python_setup_py'
[1.787s] Level 1:colcon.colcon_core.package_identification:_identify(src/control_nodes) by extensions ['ignore', 'ignore_ament_install']
[1.787s] Level 1:colcon.colcon_core.package_identification:_identify(src/control_nodes) by extension 'ignore'
[1.787s] Level 1:colcon.colcon_core.package_identification:_identify(src/control_nodes) by extension 'ignore_ament_install'
[1.787s] Level 1:colcon.colcon_core.package_identification:_identify(src/control_nodes) by extensions ['colcon_pkg']
[1.788s] Level 1:colcon.colcon_core.package_identification:_identify(src/control_nodes) by extension 'colcon_pkg'
[1.788s] Level 1:colcon.colcon_core.package_identification:_identify(src/control_nodes) by extensions ['colcon_meta']
[1.788s] Level 1:colcon.colcon_core.package_identification:_identify(src/control_nodes) by extension 'colcon_meta'
[1.788s] Level 1:colcon.colcon_core.package_identification:_identify(src/control_nodes) by extensions ['ros']
[1.788s] Level 1:colcon.colcon_core.package_identification:_identify(src/control_nodes) by extension 'ros'
[1.801s] DEBUG:colcon.colcon_core.package_identification:Package 'src/control_nodes' with type 'ros.ament_python' and name 'control_nodes'
[1.801s] Level 1:colcon.colcon_core.package_identification:_identify(src/cpp_qcar) by extensions ['ignore', 'ignore_ament_install']
[1.801s] Level 1:colcon.colcon_core.package_identification:_identify(src/cpp_qcar) by extension 'ignore'
[1.802s] Level 1:colcon.colcon_core.package_identification:_identify(src/cpp_qcar) by extension 'ignore_ament_install'
[1.802s] Level 1:colcon.colcon_core.package_identification:_identify(src/cpp_qcar) by extensions ['colcon_pkg']
[1.802s] Level 1:colcon.colcon_core.package_identification:_identify(src/cpp_qcar) by extension 'colcon_pkg'
[1.802s] Level 1:colcon.colcon_core.package_identification:_identify(src/cpp_qcar) by extensions ['colcon_meta']
[1.803s] Level 1:colcon.colcon_core.package_identification:_identify(src/cpp_qcar) by extension 'colcon_meta'
[1.803s] Level 1:colcon.colcon_core.package_identification:_identify(src/cpp_qcar) by extensions ['ros']
[1.803s] Level 1:colcon.colcon_core.package_identification:_identify(src/cpp_qcar) by extension 'ros'
[1.806s] DEBUG:colcon.colcon_core.package_identification:Package 'src/cpp_qcar' with type 'ros.ament_cmake' and name 'cpp_qcar'
[1.807s] Level 1:colcon.colcon_core.package_identification:_identify(src/qcar_nodes) by extensions ['ignore', 'ignore_ament_install']
[1.807s] Level 1:colcon.colcon_core.package_identification:_identify(src/qcar_nodes) by extension 'ignore'
[1.807s] Level 1:colcon.colcon_core.package_identification:_identify(src/qcar_nodes) by extension 'ignore_ament_install'
[1.808s] Level 1:colcon.colcon_core.package_identification:_identify(src/qcar_nodes) by extensions ['colcon_pkg']
[1.808s] Level 1:colcon.colcon_core.package_identification:_identify(src/qcar_nodes) by extension 'colcon_pkg'
[1.808s] Level 1:colcon.colcon_core.package_identification:_identify(src/qcar_nodes) by extensions ['colcon_meta']
[1.808s] Level 1:colcon.colcon_core.package_identification:_identify(src/qcar_nodes) by extension 'colcon_meta'
[1.808s] Level 1:colcon.colcon_core.package_identification:_identify(src/qcar_nodes) by extensions ['ros']
[1.809s] Level 1:colcon.colcon_core.package_identification:_identify(src/qcar_nodes) by extension 'ros'
[1.811s] DEBUG:colcon.colcon_core.package_identification:Package 'src/qcar_nodes' with type 'ros.ament_python' and name 'qcar_nodes'
[1.811s] Level 1:colcon.colcon_core.package_identification:_identify(src/slam_toolbox) by extensions ['ignore', 'ignore_ament_install']
[1.811s] Level 1:colcon.colcon_core.package_identification:_identify(src/slam_toolbox) by extension 'ignore'
[1.812s] Level 1:colcon.colcon_core.package_identification:_identify(src/slam_toolbox) by extension 'ignore_ament_install'
[1.812s] Level 1:colcon.colcon_core.package_identification:_identify(src/slam_toolbox) by extensions ['colcon_pkg']
[1.812s] Level 1:colcon.colcon_core.package_identification:_identify(src/slam_toolbox) by extension 'colcon_pkg'
[1.812s] Level 1:colcon.colcon_core.package_identification:_identify(src/slam_toolbox) by extensions ['colcon_meta']
[1.812s] Level 1:colcon.colcon_core.package_identification:_identify(src/slam_toolbox) by extension 'colcon_meta'
[1.813s] Level 1:colcon.colcon_core.package_identification:_identify(src/slam_toolbox) by extensions ['ros']
[1.813s] Level 1:colcon.colcon_core.package_identification:_identify(src/slam_toolbox) by extension 'ros'
[1.818s] DEBUG:colcon.colcon_core.package_identification:Package 'src/slam_toolbox' with type 'ros.ament_cmake' and name 'slam_toolbox'
[1.818s] Level 1:colcon.colcon_core.package_discovery:discover_packages(recursive) using defaults
[1.819s] Level 1:colcon.colcon_core.package_discovery:discover_packages(ignore) discover
[1.819s] Level 1:colcon.colcon_core.package_discovery:discover_packages(ignore) using defaults
[1.819s] Level 1:colcon.colcon_core.package_discovery:discover_packages(path) discover
[1.820s] Level 1:colcon.colcon_core.package_discovery:discover_packages(path) using defaults
[1.903s] INFO:colcon.colcon_core.package_selection:Skipping not selected package 'control_nodes' in 'src/control_nodes'
[1.903s] INFO:colcon.colcon_core.package_selection:Skipping not selected package 'cpp_qcar' in 'src/cpp_qcar'
[1.903s] INFO:colcon.colcon_core.package_selection:Skipping not selected package 'slam_toolbox' in 'src/slam_toolbox'
[1.906s] Level 1:colcon.colcon_core.package_discovery:discover_packages(prefix_path) check parameters
[1.907s] Level 1:colcon.colcon_core.package_discovery:discover_packages(prefix_path) discover
[1.912s] WARNING:colcon.colcon_ros.prefix_path.ament:The path '/home/nvidia/qcar_ros2_ws/install/qcar_nodes' in the environment variable AMENT_PREFIX_PATH doesn't exist
[1.912s] WARNING:colcon.colcon_ros.prefix_path.ament:The path '/home/nvidia/qcar_ros2_ws/install/control_nodes' in the environment variable AMENT_PREFIX_PATH doesn't exist
[1.912s] WARNING:colcon.colcon_ros.prefix_path.catkin:The path '/home/nvidia/qcar_ros2_ws/install/slam_toolbox' in the environment variable CMAKE_PREFIX_PATH doesn't exist
[1.916s] DEBUG:colcon.colcon_installed_package_information.package_discovery:Found 1 installed packages in /home/nvidia/qcar_ros2_ws/install
[1.923s] DEBUG:colcon.colcon_installed_package_information.package_discovery:Found 237 installed packages in /opt/ros/dashing
[1.931s] Level 1:colcon.colcon_core.package_discovery:discover_packages(prefix_path) using defaults
[2.206s] Level 5:colcon.colcon_core.verb:set package 'qcar_nodes' build argument 'cmake_args' from command line to 'None'
[2.206s] Level 5:colcon.colcon_core.verb:set package 'qcar_nodes' build argument 'cmake_target' from command line to 'None'
[2.206s] Level 5:colcon.colcon_core.verb:set package 'qcar_nodes' build argument 'cmake_target_skip_unavailable' from command line to 'False'
[2.206s] Level 5:colcon.colcon_core.verb:set package 'qcar_nodes' build argument 'cmake_clean_cache' from command line to 'False'
[2.206s] Level 5:colcon.colcon_core.verb:set package 'qcar_nodes' build argument 'cmake_clean_first' from command line to 'False'
[2.207s] Level 5:colcon.colcon_core.verb:set package 'qcar_nodes' build argument 'cmake_force_configure' from command line to 'False'
[2.207s] Level 5:colcon.colcon_core.verb:set package 'qcar_nodes' build argument 'ament_cmake_args' from command line to 'None'
[2.207s] Level 5:colcon.colcon_core.verb:set package 'qcar_nodes' build argument 'catkin_cmake_args' from command line to 'None'
[2.207s] Level 5:colcon.colcon_core.verb:set package 'qcar_nodes' build argument 'catkin_skip_building_tests' from command line to 'False'
[2.207s] DEBUG:colcon.colcon_core.verb:Building package 'qcar_nodes' with the following arguments: {'ament_cmake_args': None, 'build_base': '/home/nvidia/qcar_ros2_ws/build/qcar_nodes', 'catkin_cmake_args': None, 'catkin_skip_building_tests': False, 'cmake_args': None, 'cmake_clean_cache': False, 'cmake_clean_first': False, 'cmake_force_configure': False, 'cmake_target': None, 'cmake_target_skip_unavailable': False, 'install_base': '/home/nvidia/qcar_ros2_ws/install/qcar_nodes', 'merge_install': False, 'path': '/home/nvidia/qcar_ros2_ws/src/qcar_nodes', 'symlink_install': False, 'test_result_base': None}
[2.209s] INFO:colcon.colcon_core.executor:Executing jobs using 'parallel' executor
[2.213s] DEBUG:colcon.colcon_parallel_executor.executor.parallel:run_until_complete
[2.215s] INFO:colcon.colcon_ros.task.ament_python.build:Building ROS package in '/home/nvidia/qcar_ros2_ws/src/qcar_nodes' with build type 'ament_python'
[2.216s] Level 1:colcon.colcon_core.shell:create_environment_hook('qcar_nodes', 'ament_prefix_path')
[2.226s] INFO:colcon.colcon_core.plugin_system:Skipping extension 'colcon_core.shell.bat': Not used on non-Windows systems
[2.227s] INFO:colcon.colcon_core.shell:Creating environment hook '/home/nvidia/qcar_ros2_ws/install/qcar_nodes/share/qcar_nodes/hook/ament_prefix_path.ps1'
[2.230s] INFO:colcon.colcon_core.shell:Creating environment descriptor '/home/nvidia/qcar_ros2_ws/install/qcar_nodes/share/qcar_nodes/hook/ament_prefix_path.dsv'
[2.232s] INFO:colcon.colcon_core.shell:Creating environment hook '/home/nvidia/qcar_ros2_ws/install/qcar_nodes/share/qcar_nodes/hook/ament_prefix_path.sh'
[2.236s] INFO:colcon.colcon_core.shell:Skip shell extension 'powershell' for command environment: Not usable outside of PowerShell
[2.236s] DEBUG:colcon.colcon_core.shell:Skip shell extension 'dsv' for command environment
[3.625s] INFO:colcon.colcon_core.task.python.build:Building Python package in '/home/nvidia/qcar_ros2_ws/src/qcar_nodes'
[3.628s] INFO:colcon.colcon_core.shell:Skip shell extension 'powershell' for command environment: Not usable outside of PowerShell
[3.628s] DEBUG:colcon.colcon_core.shell:Skip shell extension 'dsv' for command environment
[5.579s] DEBUG:colcon.colcon_core.event_handler.log_command:Invoking command in '/home/nvidia/qcar_ros2_ws/src/qcar_nodes': PYTHONPATH=/home/nvidia/qcar_ros2_ws/build/qcar_nodes/prefix_override:/home/nvidia/qcar_ros2_ws/install/qcar_nodes/lib/python3.6/site-packages:${PYTHONPATH} /usr/bin/python3 setup.py egg_info --egg-base ../../build/qcar_nodes build --build-base /home/nvidia/qcar_ros2_ws/build/qcar_nodes/build install --record /home/nvidia/qcar_ros2_ws/build/qcar_nodes/install.log --install-scripts $base/lib/qcar_nodes --single-version-externally-managed
[7.124s] DEBUG:colcon.colcon_core.event_handler.log_command:Invoked command in '/home/nvidia/qcar_ros2_ws/src/qcar_nodes' returned '0': PYTHONPATH=/home/nvidia/qcar_ros2_ws/build/qcar_nodes/prefix_override:/home/nvidia/qcar_ros2_ws/install/qcar_nodes/lib/python3.6/site-packages:${PYTHONPATH} /usr/bin/python3 setup.py egg_info --egg-base ../../build/qcar_nodes build --build-base /home/nvidia/qcar_ros2_ws/build/qcar_nodes/build install --record /home/nvidia/qcar_ros2_ws/build/qcar_nodes/install.log --install-scripts $base/lib/qcar_nodes --single-version-externally-managed
[7.135s] Level 1:colcon.colcon_core.environment:checking '/home/nvidia/qcar_ros2_ws/install/qcar_nodes' for CMake module files
[7.138s] Level 1:colcon.colcon_core.environment:checking '/home/nvidia/qcar_ros2_ws/install/qcar_nodes' for CMake config files
[7.142s] Level 1:colcon.colcon_core.environment:checking '/home/nvidia/qcar_ros2_ws/install/qcar_nodes/lib'
[7.143s] Level 1:colcon.colcon_core.environment:checking '/home/nvidia/qcar_ros2_ws/install/qcar_nodes/bin'
[7.143s] Level 1:colcon.colcon_core.environment:checking '/home/nvidia/qcar_ros2_ws/install/qcar_nodes/lib/pkgconfig/qcar_nodes.pc'
[7.144s] Level 1:colcon.colcon_core.environment:checking '/home/nvidia/qcar_ros2_ws/install/qcar_nodes/lib/python3.6/site-packages'
[7.144s] Level 1:colcon.colcon_core.shell:create_environment_hook('qcar_nodes', 'pythonpath')
[7.146s] INFO:colcon.colcon_core.shell:Creating environment hook '/home/nvidia/qcar_ros2_ws/install/qcar_nodes/share/qcar_nodes/hook/pythonpath.ps1'
[7.147s] INFO:colcon.colcon_core.shell:Creating environment descriptor '/home/nvidia/qcar_ros2_ws/install/qcar_nodes/share/qcar_nodes/hook/pythonpath.dsv'
[7.148s] INFO:colcon.colcon_core.shell:Creating environment hook '/home/nvidia/qcar_ros2_ws/install/qcar_nodes/share/qcar_nodes/hook/pythonpath.sh'
[7.150s] Level 1:colcon.colcon_core.environment:checking '/home/nvidia/qcar_ros2_ws/install/qcar_nodes/bin'
[7.150s] Level 1:colcon.colcon_core.environment:create_environment_scripts_only(qcar_nodes)
[7.152s] INFO:colcon.colcon_core.shell:Creating package script '/home/nvidia/qcar_ros2_ws/install/qcar_nodes/share/qcar_nodes/package.ps1'
[7.156s] INFO:colcon.colcon_core.shell:Creating package descriptor '/home/nvidia/qcar_ros2_ws/install/qcar_nodes/share/qcar_nodes/package.dsv'
[7.158s] INFO:colcon.colcon_core.shell:Creating package script '/home/nvidia/qcar_ros2_ws/install/qcar_nodes/share/qcar_nodes/package.sh'
[7.161s] INFO:colcon.colcon_core.shell:Creating package script '/home/nvidia/qcar_ros2_ws/install/qcar_nodes/share/qcar_nodes/package.bash'
[7.164s] INFO:colcon.colcon_core.shell:Creating package script '/home/nvidia/qcar_ros2_ws/install/qcar_nodes/share/qcar_nodes/package.zsh'
[7.167s] Level 1:colcon.colcon_core.environment:create_file_with_runtime_dependencies(/home/nvidia/qcar_ros2_ws/install/qcar_nodes/share/colcon-core/packages/qcar_nodes)
[7.170s] DEBUG:colcon.colcon_parallel_executor.executor.parallel:closing loop
[7.171s] DEBUG:colcon.colcon_parallel_executor.executor.parallel:loop closed
[7.171s] DEBUG:colcon.colcon_parallel_executor.executor.parallel:run_until_complete finished with '0'
[7.171s] DEBUG:colcon.colcon_core.event_reactor:joining thread
[7.193s] INFO:colcon.colcon_core.plugin_system:Skipping extension 'colcon_notification.desktop_notification.terminal_notifier': Not used on non-Darwin systems
[7.194s] INFO:colcon.colcon_core.plugin_system:Skipping extension 'colcon_notification.desktop_notification.win32': Not used on non-Windows systems
[7.194s] INFO:colcon.colcon_notification.desktop_notification:Sending desktop notification using 'notify2'
[8.281s] DEBUG:colcon.colcon_core.event_reactor:joined thread
[8.285s] INFO:colcon.colcon_core.shell:Creating prefix script '/home/nvidia/qcar_ros2_ws/install/local_setup.ps1'
[8.291s] INFO:colcon.colcon_core.shell:Creating prefix util module '/home/nvidia/qcar_ros2_ws/install/_local_setup_util_ps1.py'
[8.299s] INFO:colcon.colcon_core.shell:Creating prefix chain script '/home/nvidia/qcar_ros2_ws/install/setup.ps1'
[8.305s] INFO:colcon.colcon_core.shell:Creating prefix script '/home/nvidia/qcar_ros2_ws/install/local_setup.sh'
[8.307s] INFO:colcon.colcon_core.shell:Creating prefix util module '/home/nvidia/qcar_ros2_ws/install/_local_setup_util_sh.py'
[8.309s] INFO:colcon.colcon_core.shell:Creating prefix chain script '/home/nvidia/qcar_ros2_ws/install/setup.sh'
[8.315s] INFO:colcon.colcon_core.shell:Creating prefix script '/home/nvidia/qcar_ros2_ws/install/local_setup.bash'
[8.318s] INFO:colcon.colcon_core.shell:Creating prefix chain script '/home/nvidia/qcar_ros2_ws/install/setup.bash'
[8.323s] INFO:colcon.colcon_core.shell:Creating prefix script '/home/nvidia/qcar_ros2_ws/install/local_setup.zsh'
[8.325s] INFO:colcon.colcon_core.shell:Creating prefix chain script '/home/nvidia/qcar_ros2_ws/install/setup.zsh'
