Performing C SOURCE FILE Test CMAKE_HAVE_LIBC_PTHREAD failed with the following output:
Change Dir: /home/nvidia/qcar_ros2_ws/build/control_cpp/CMakeFiles/CMakeTmp

Run Build Command(s):/usr/bin/make -f Makefile cmTC_8c829/fast && /usr/bin/make  -f CMakeFiles/cmTC_8c829.dir/build.make CMakeFiles/cmTC_8c829.dir/build
make[1]: Entering directory '/home/nvidia/qcar_ros2_ws/build/control_cpp/CMakeFiles/CMakeTmp'
Building C object CMakeFiles/cmTC_8c829.dir/src.c.o
/usr/bin/cc -DCMAKE_HAVE_LIBC_PTHREAD   -o CMakeFiles/cmTC_8c829.dir/src.c.o -c /home/nvidia/qcar_ros2_ws/build/control_cpp/CMakeFiles/CMakeTmp/src.c
Linking C executable cmTC_8c829
/usr/local/bin/cmake -E cmake_link_script CMakeFiles/cmTC_8c829.dir/link.txt --verbose=1
/usr/bin/cc CMakeFiles/cmTC_8c829.dir/src.c.o -o cmTC_8c829 
CMakeFiles/cmTC_8c829.dir/src.c.o: In function `main':
src.c:(.text+0x48): undefined reference to `pthread_create'
src.c:(.text+0x50): undefined reference to `pthread_detach'
src.c:(.text+0x58): undefined reference to `pthread_cancel'
src.c:(.text+0x64): undefined reference to `pthread_join'
src.c:(.text+0x74): undefined reference to `pthread_atfork'
collect2: error: ld returned 1 exit status
CMakeFiles/cmTC_8c829.dir/build.make:98: recipe for target 'cmTC_8c829' failed
make[1]: *** [cmTC_8c829] Error 1
make[1]: Leaving directory '/home/nvidia/qcar_ros2_ws/build/control_cpp/CMakeFiles/CMakeTmp'
Makefile:127: recipe for target 'cmTC_8c829/fast' failed
make: *** [cmTC_8c829/fast] Error 2


Source file was:
#include <pthread.h>

static void* test_func(void* data)
{
  return data;
}

int main(void)
{
  pthread_t thread;
  pthread_create(&thread, NULL, test_func, NULL);
  pthread_detach(thread);
  pthread_cancel(thread);
  pthread_join(thread, NULL);
  pthread_atfork(NULL, NULL, NULL);
  pthread_exit(NULL);

  return 0;
}

Determining if the function pthread_create exists in the pthreads failed with the following output:
Change Dir: /home/nvidia/qcar_ros2_ws/build/control_cpp/CMakeFiles/CMakeTmp

Run Build Command(s):/usr/bin/make -f Makefile cmTC_40b04/fast && /usr/bin/make  -f CMakeFiles/cmTC_40b04.dir/build.make CMakeFiles/cmTC_40b04.dir/build
make[1]: Entering directory '/home/nvidia/qcar_ros2_ws/build/control_cpp/CMakeFiles/CMakeTmp'
Building C object CMakeFiles/cmTC_40b04.dir/CheckFunctionExists.c.o
/usr/bin/cc   -DCHECK_FUNCTION_EXISTS=pthread_create -o CMakeFiles/cmTC_40b04.dir/CheckFunctionExists.c.o -c /usr/local/share/cmake-3.22/Modules/CheckFunctionExists.c
Linking C executable cmTC_40b04
/usr/local/bin/cmake -E cmake_link_script CMakeFiles/cmTC_40b04.dir/link.txt --verbose=1
/usr/bin/cc  -DCHECK_FUNCTION_EXISTS=pthread_create CMakeFiles/cmTC_40b04.dir/CheckFunctionExists.c.o -o cmTC_40b04  -lpthreads 
/usr/bin/ld: cannot find -lpthreads
collect2: error: ld returned 1 exit status
CMakeFiles/cmTC_40b04.dir/build.make:98: recipe for target 'cmTC_40b04' failed
make[1]: *** [cmTC_40b04] Error 1
make[1]: Leaving directory '/home/nvidia/qcar_ros2_ws/build/control_cpp/CMakeFiles/CMakeTmp'
Makefile:127: recipe for target 'cmTC_40b04/fast' failed
make: *** [cmTC_40b04/fast] Error 2



