[0.054s] Invoking command in '/home/nvidia/ros2_ws/build/cpp_qcar': CMAKE_PREFIX_PATH=${CMAKE_PREFIX_PATH}:/home/nvidia/ros2_ws/install/qcar_nodes:/home/nvidia/ros2_ws/install/control_nodes:/opt/ros/dashing /usr/local/bin/cmake --build /home/nvidia/ros2_ws/build/cpp_qcar -- -j4 -l4
[0.105s] -- Found ament_cmake: 0.7.6 (/opt/ros/dashing/share/ament_cmake/cmake)
[0.201s] -- Using PYTHON_EXECUTABLE: /usr/bin/python3
[1.225s] -- Found rclcpp: 0.7.16 (/opt/ros/dashing/share/rclcpp/cmake)
[1.257s] -- Found rosidl_adapter: 0.7.10 (/opt/ros/dashing/share/rosidl_adapter/cmake)
[1.335s] -- Found rmw_implementation_cmake: 0.7.2 (/opt/ros/dashing/share/rmw_implementation_cmake/cmake)
[1.338s] -- Using RMW implementation 'rmw_fastrtps_cpp' as default
[1.396s] -- Found tf2: 0.11.6 (/opt/ros/dashing/share/tf2/cmake)
[1.403s] -- Found tf2_ros: 0.11.6 (/opt/ros/dashing/share/tf2_ros/cmake)
[1.537s] -- Found sensor_msgs: 0.7.1 (/opt/ros/dashing/share/sensor_msgs/cmake)
[1.562s] -- Found nav_msgs: 0.7.1 (/opt/ros/dashing/share/nav_msgs/cmake)
[1.829s] -- Found ament_lint_auto: 0.7.12 (/opt/ros/dashing/share/ament_lint_auto/cmake)
[2.082s] -- Added test 'copyright' to check for copyright in CMake / C / C++ / Python code
[2.085s] -- Added test 'cppcheck' to perform static code analysis on C / C++ code
[2.085s] -- Configured cppcheck include dirs: 
[2.087s] -- Added test 'cpplint' to check C / C++ code against the Google style
[2.089s] -- Added test 'lint_cmake' to check CMake code style
[2.091s] -- Added test 'uncrustify' to check C / C++ code style
[2.092s] -- Added test 'xmllint' to check XML markup files
[2.094s] -- Configuring done
[2.100s] [31mCMake Error at CMakeLists.txt:63 (add_executable):
[2.101s]   Cannot find source file:
[2.101s] 
[2.102s]     src/imu_dead_reckoning_node.cpp
[2.102s] 
[2.103s]   Tried extensions .c .C .c++ .cc .cpp .cxx .cu .mpp .m .M .mm .ixx .cppm .h
[2.103s]   .hh .h++ .hm .hpp .hxx .in .txx .f .F .for .f77 .f90 .f95 .f03 .hip .ispc
[2.104s] 
[2.104s] [0m
[2.105s] [31mCMake Error at CMakeLists.txt:63 (add_executable):
[2.105s]   No SOURCES given to target: imu_dead_reckoning_node
[2.105s] 
[2.106s] [0m
[2.106s] [0mCMake Generate step failed.  Build files cannot be regenerated correctly.[0m
[2.110s] Makefile:253: recipe for target 'cmake_check_build_system' failed
[2.110s] make: *** [cmake_check_build_system] Error 1
[2.114s] Invoked command in '/home/nvidia/ros2_ws/build/cpp_qcar' returned '2': CMAKE_PREFIX_PATH=${CMAKE_PREFIX_PATH}:/home/nvidia/ros2_ws/install/qcar_nodes:/home/nvidia/ros2_ws/install/control_nodes:/opt/ros/dashing /usr/local/bin/cmake --build /home/nvidia/ros2_ws/build/cpp_qcar -- -j4 -l4
