[1.826s] DEBUG:colcon:Command line arguments: ['/usr/bin/colcon', 'build', '--packages-select', 'control_nodes']
[1.827s] DEBUG:colcon:Parsed command line arguments: Namespace(allow_overriding=[], ament_cmake_args=None, base_paths=['.'], build_base='build', catkin_cmake_args=None, catkin_skip_building_tests=False, cmake_args=None, cmake_clean_cache=False, cmake_clean_first=False, cmake_force_configure=False, cmake_target=None, cmake_target_skip_unavailable=False, continue_on_error=False, event_handlers=None, executor='parallel', ignore_user_meta=False, install_base='install', log_base=None, log_level=None, main=<bound method BuildVerb.main of <colcon_core.verb.build.BuildVerb object at 0x7f9d2f4b70>>, merge_install=False, metas=['./colcon.meta'], packages_above=None, packages_above_and_dependencies=None, packages_above_depth=None, packages_end=None, packages_ignore=None, packages_ignore_regex=None, packages_select=['control_nodes'], packages_select_build_failed=False, packages_select_by_dep=None, packages_select_regex=None, packages_select_test_failures=False, packages_skip=None, packages_skip_build_finished=False, packages_skip_by_dep=None, packages_skip_regex=None, packages_skip_test_passed=False, packages_skip_up_to=None, packages_start=None, packages_up_to=None, packages_up_to_regex=None, parallel_workers=4, paths=None, symlink_install=False, test_result_base=None, verb_extension=<colcon_core.verb.build.BuildVerb object at 0x7f9d2f4b70>, verb_name='build', verb_parser=<colcon_defaults.argument_parser.defaults.DefaultArgumentsDecorator object at 0x7f9d13a5c0>)
[1.943s] Level 1:colcon.colcon_core.package_discovery:discover_packages(colcon_meta) check parameters
[1.943s] Level 1:colcon.colcon_core.package_discovery:discover_packages(recursive) check parameters
[1.943s] Level 1:colcon.colcon_core.package_discovery:discover_packages(ignore) check parameters
[1.943s] Level 1:colcon.colcon_core.package_discovery:discover_packages(path) check parameters
[1.943s] Level 1:colcon.colcon_core.package_discovery:discover_packages(colcon_meta) discover
[1.945s] Level 1:colcon.colcon_core.package_discovery:discover_packages(recursive) discover
[1.945s] INFO:colcon.colcon_core.package_discovery:Crawling recursively for packages in '/home/nvidia/qcar_ros2_ws'
[1.945s] Level 1:colcon.colcon_core.package_identification:_identify(.) by extensions ['ignore', 'ignore_ament_install']
[1.946s] Level 1:colcon.colcon_core.package_identification:_identify(.) by extension 'ignore'
[1.946s] Level 1:colcon.colcon_core.package_identification:_identify(.) by extension 'ignore_ament_install'
[1.946s] Level 1:colcon.colcon_core.package_identification:_identify(.) by extensions ['colcon_pkg']
[1.946s] Level 1:colcon.colcon_core.package_identification:_identify(.) by extension 'colcon_pkg'
[1.947s] Level 1:colcon.colcon_core.package_identification:_identify(.) by extensions ['colcon_meta']
[1.947s] Level 1:colcon.colcon_core.package_identification:_identify(.) by extension 'colcon_meta'
[1.947s] Level 1:colcon.colcon_core.package_identification:_identify(.) by extensions ['ros']
[1.947s] Level 1:colcon.colcon_core.package_identification:_identify(.) by extension 'ros'
[1.990s] Level 1:colcon.colcon_core.package_identification:_identify(.) by extensions ['cmake', 'python']
[1.990s] Level 1:colcon.colcon_core.package_identification:_identify(.) by extension 'cmake'
[1.991s] Level 1:colcon.colcon_core.package_identification:_identify(.) by extension 'python'
[1.991s] Level 1:colcon.colcon_core.package_identification:_identify(.) by extensions ['python_setup_py']
[1.991s] Level 1:colcon.colcon_core.package_identification:_identify(.) by extension 'python_setup_py'
[1.992s] Level 1:colcon.colcon_core.package_identification:_identify(build) by extensions ['ignore', 'ignore_ament_install']
[1.992s] Level 1:colcon.colcon_core.package_identification:_identify(build) by extension 'ignore'
[1.992s] Level 1:colcon.colcon_core.package_identification:_identify(build) ignored
[1.994s] Level 1:colcon.colcon_core.package_identification:_identify(install) by extensions ['ignore', 'ignore_ament_install']
[1.994s] Level 1:colcon.colcon_core.package_identification:_identify(install) by extension 'ignore'
[1.994s] Level 1:colcon.colcon_core.package_identification:_identify(install) ignored
[1.995s] Level 1:colcon.colcon_core.package_identification:_identify(log) by extensions ['ignore', 'ignore_ament_install']
[1.995s] Level 1:colcon.colcon_core.package_identification:_identify(log) by extension 'ignore'
[1.995s] Level 1:colcon.colcon_core.package_identification:_identify(log) ignored
[1.998s] Level 1:colcon.colcon_core.package_identification:_identify(python) by extensions ['ignore', 'ignore_ament_install']
[1.998s] Level 1:colcon.colcon_core.package_identification:_identify(python) by extension 'ignore'
[1.998s] Level 1:colcon.colcon_core.package_identification:_identify(python) by extension 'ignore_ament_install'
[1.999s] Level 1:colcon.colcon_core.package_identification:_identify(python) by extensions ['colcon_pkg']
[1.999s] Level 1:colcon.colcon_core.package_identification:_identify(python) by extension 'colcon_pkg'
[1.999s] Level 1:colcon.colcon_core.package_identification:_identify(python) by extensions ['colcon_meta']
[1.999s] Level 1:colcon.colcon_core.package_identification:_identify(python) by extension 'colcon_meta'
[1.999s] Level 1:colcon.colcon_core.package_identification:_identify(python) by extensions ['ros']
[1.999s] Level 1:colcon.colcon_core.package_identification:_identify(python) by extension 'ros'
[2.000s] Level 1:colcon.colcon_core.package_identification:_identify(python) by extensions ['cmake', 'python']
[2.000s] Level 1:colcon.colcon_core.package_identification:_identify(python) by extension 'cmake'
[2.000s] Level 1:colcon.colcon_core.package_identification:_identify(python) by extension 'python'
[2.000s] Level 1:colcon.colcon_core.package_identification:_identify(python) by extensions ['python_setup_py']
[2.001s] Level 1:colcon.colcon_core.package_identification:_identify(python) by extension 'python_setup_py'
[2.001s] Level 1:colcon.colcon_core.package_identification:_identify(src) by extensions ['ignore', 'ignore_ament_install']
[2.001s] Level 1:colcon.colcon_core.package_identification:_identify(src) by extension 'ignore'
[2.002s] Level 1:colcon.colcon_core.package_identification:_identify(src) by extension 'ignore_ament_install'
[2.002s] Level 1:colcon.colcon_core.package_identification:_identify(src) by extensions ['colcon_pkg']
[2.002s] Level 1:colcon.colcon_core.package_identification:_identify(src) by extension 'colcon_pkg'
[2.002s] Level 1:colcon.colcon_core.package_identification:_identify(src) by extensions ['colcon_meta']
[2.002s] Level 1:colcon.colcon_core.package_identification:_identify(src) by extension 'colcon_meta'
[2.003s] Level 1:colcon.colcon_core.package_identification:_identify(src) by extensions ['ros']
[2.003s] Level 1:colcon.colcon_core.package_identification:_identify(src) by extension 'ros'
[2.003s] Level 1:colcon.colcon_core.package_identification:_identify(src) by extensions ['cmake', 'python']
[2.003s] Level 1:colcon.colcon_core.package_identification:_identify(src) by extension 'cmake'
[2.003s] Level 1:colcon.colcon_core.package_identification:_identify(src) by extension 'python'
[2.004s] Level 1:colcon.colcon_core.package_identification:_identify(src) by extensions ['python_setup_py']
[2.004s] Level 1:colcon.colcon_core.package_identification:_identify(src) by extension 'python_setup_py'
[2.004s] Level 1:colcon.colcon_core.package_identification:_identify(src/control_nodes) by extensions ['ignore', 'ignore_ament_install']
[2.005s] Level 1:colcon.colcon_core.package_identification:_identify(src/control_nodes) by extension 'ignore'
[2.005s] Level 1:colcon.colcon_core.package_identification:_identify(src/control_nodes) by extension 'ignore_ament_install'
[2.005s] Level 1:colcon.colcon_core.package_identification:_identify(src/control_nodes) by extensions ['colcon_pkg']
[2.005s] Level 1:colcon.colcon_core.package_identification:_identify(src/control_nodes) by extension 'colcon_pkg'
[2.005s] Level 1:colcon.colcon_core.package_identification:_identify(src/control_nodes) by extensions ['colcon_meta']
[2.006s] Level 1:colcon.colcon_core.package_identification:_identify(src/control_nodes) by extension 'colcon_meta'
[2.006s] Level 1:colcon.colcon_core.package_identification:_identify(src/control_nodes) by extensions ['ros']
[2.006s] Level 1:colcon.colcon_core.package_identification:_identify(src/control_nodes) by extension 'ros'
[2.018s] DEBUG:colcon.colcon_core.package_identification:Package 'src/control_nodes' with type 'ros.ament_python' and name 'control_nodes'
[2.019s] Level 1:colcon.colcon_core.package_identification:_identify(src/cpp_qcar) by extensions ['ignore', 'ignore_ament_install']
[2.019s] Level 1:colcon.colcon_core.package_identification:_identify(src/cpp_qcar) by extension 'ignore'
[2.019s] Level 1:colcon.colcon_core.package_identification:_identify(src/cpp_qcar) by extension 'ignore_ament_install'
[2.020s] Level 1:colcon.colcon_core.package_identification:_identify(src/cpp_qcar) by extensions ['colcon_pkg']
[2.020s] Level 1:colcon.colcon_core.package_identification:_identify(src/cpp_qcar) by extension 'colcon_pkg'
[2.020s] Level 1:colcon.colcon_core.package_identification:_identify(src/cpp_qcar) by extensions ['colcon_meta']
[2.020s] Level 1:colcon.colcon_core.package_identification:_identify(src/cpp_qcar) by extension 'colcon_meta'
[2.021s] Level 1:colcon.colcon_core.package_identification:_identify(src/cpp_qcar) by extensions ['ros']
[2.021s] Level 1:colcon.colcon_core.package_identification:_identify(src/cpp_qcar) by extension 'ros'
[2.025s] DEBUG:colcon.colcon_core.package_identification:Package 'src/cpp_qcar' with type 'ros.ament_cmake' and name 'cpp_qcar'
[2.025s] Level 1:colcon.colcon_core.package_identification:_identify(src/qcar_nodes) by extensions ['ignore', 'ignore_ament_install']
[2.025s] Level 1:colcon.colcon_core.package_identification:_identify(src/qcar_nodes) by extension 'ignore'
[2.026s] Level 1:colcon.colcon_core.package_identification:_identify(src/qcar_nodes) by extension 'ignore_ament_install'
[2.026s] Level 1:colcon.colcon_core.package_identification:_identify(src/qcar_nodes) by extensions ['colcon_pkg']
[2.026s] Level 1:colcon.colcon_core.package_identification:_identify(src/qcar_nodes) by extension 'colcon_pkg'
[2.026s] Level 1:colcon.colcon_core.package_identification:_identify(src/qcar_nodes) by extensions ['colcon_meta']
[2.027s] Level 1:colcon.colcon_core.package_identification:_identify(src/qcar_nodes) by extension 'colcon_meta'
[2.027s] Level 1:colcon.colcon_core.package_identification:_identify(src/qcar_nodes) by extensions ['ros']
[2.027s] Level 1:colcon.colcon_core.package_identification:_identify(src/qcar_nodes) by extension 'ros'
[2.029s] DEBUG:colcon.colcon_core.package_identification:Package 'src/qcar_nodes' with type 'ros.ament_python' and name 'qcar_nodes'
[2.030s] Level 1:colcon.colcon_core.package_identification:_identify(src/slam_toolbox) by extensions ['ignore', 'ignore_ament_install']
[2.030s] Level 1:colcon.colcon_core.package_identification:_identify(src/slam_toolbox) by extension 'ignore'
[2.031s] Level 1:colcon.colcon_core.package_identification:_identify(src/slam_toolbox) by extension 'ignore_ament_install'
[2.031s] Level 1:colcon.colcon_core.package_identification:_identify(src/slam_toolbox) by extensions ['colcon_pkg']
[2.031s] Level 1:colcon.colcon_core.package_identification:_identify(src/slam_toolbox) by extension 'colcon_pkg'
[2.031s] Level 1:colcon.colcon_core.package_identification:_identify(src/slam_toolbox) by extensions ['colcon_meta']
[2.031s] Level 1:colcon.colcon_core.package_identification:_identify(src/slam_toolbox) by extension 'colcon_meta'
[2.032s] Level 1:colcon.colcon_core.package_identification:_identify(src/slam_toolbox) by extensions ['ros']
[2.032s] Level 1:colcon.colcon_core.package_identification:_identify(src/slam_toolbox) by extension 'ros'
[2.038s] DEBUG:colcon.colcon_core.package_identification:Package 'src/slam_toolbox' with type 'ros.ament_cmake' and name 'slam_toolbox'
[2.038s] Level 1:colcon.colcon_core.package_discovery:discover_packages(recursive) using defaults
[2.039s] Level 1:colcon.colcon_core.package_discovery:discover_packages(ignore) discover
[2.039s] Level 1:colcon.colcon_core.package_discovery:discover_packages(ignore) using defaults
[2.039s] Level 1:colcon.colcon_core.package_discovery:discover_packages(path) discover
[2.040s] Level 1:colcon.colcon_core.package_discovery:discover_packages(path) using defaults
[2.145s] INFO:colcon.colcon_core.package_selection:Skipping not selected package 'cpp_qcar' in 'src/cpp_qcar'
[2.145s] INFO:colcon.colcon_core.package_selection:Skipping not selected package 'qcar_nodes' in 'src/qcar_nodes'
[2.145s] INFO:colcon.colcon_core.package_selection:Skipping not selected package 'slam_toolbox' in 'src/slam_toolbox'
[2.149s] Level 1:colcon.colcon_core.package_discovery:discover_packages(prefix_path) check parameters
[2.149s] Level 1:colcon.colcon_core.package_discovery:discover_packages(prefix_path) discover
[2.166s] DEBUG:colcon.colcon_installed_package_information.package_discovery:Found 4 installed packages in /home/nvidia/qcar_ros2_ws/install
[2.173s] DEBUG:colcon.colcon_installed_package_information.package_discovery:Found 237 installed packages in /opt/ros/dashing
[2.181s] Level 1:colcon.colcon_core.package_discovery:discover_packages(prefix_path) using defaults
[2.476s] Level 5:colcon.colcon_core.verb:set package 'control_nodes' build argument 'cmake_args' from command line to 'None'
[2.476s] Level 5:colcon.colcon_core.verb:set package 'control_nodes' build argument 'cmake_target' from command line to 'None'
[2.476s] Level 5:colcon.colcon_core.verb:set package 'control_nodes' build argument 'cmake_target_skip_unavailable' from command line to 'False'
[2.476s] Level 5:colcon.colcon_core.verb:set package 'control_nodes' build argument 'cmake_clean_cache' from command line to 'False'
[2.476s] Level 5:colcon.colcon_core.verb:set package 'control_nodes' build argument 'cmake_clean_first' from command line to 'False'
[2.476s] Level 5:colcon.colcon_core.verb:set package 'control_nodes' build argument 'cmake_force_configure' from command line to 'False'
[2.477s] Level 5:colcon.colcon_core.verb:set package 'control_nodes' build argument 'ament_cmake_args' from command line to 'None'
[2.477s] Level 5:colcon.colcon_core.verb:set package 'control_nodes' build argument 'catkin_cmake_args' from command line to 'None'
[2.477s] Level 5:colcon.colcon_core.verb:set package 'control_nodes' build argument 'catkin_skip_building_tests' from command line to 'False'
[2.477s] DEBUG:colcon.colcon_core.verb:Building package 'control_nodes' with the following arguments: {'ament_cmake_args': None, 'build_base': '/home/nvidia/qcar_ros2_ws/build/control_nodes', 'catkin_cmake_args': None, 'catkin_skip_building_tests': False, 'cmake_args': None, 'cmake_clean_cache': False, 'cmake_clean_first': False, 'cmake_force_configure': False, 'cmake_target': None, 'cmake_target_skip_unavailable': False, 'install_base': '/home/nvidia/qcar_ros2_ws/install/control_nodes', 'merge_install': False, 'path': '/home/nvidia/qcar_ros2_ws/src/control_nodes', 'symlink_install': False, 'test_result_base': None}
[2.478s] INFO:colcon.colcon_core.executor:Executing jobs using 'parallel' executor
[2.484s] DEBUG:colcon.colcon_parallel_executor.executor.parallel:run_until_complete
[2.485s] INFO:colcon.colcon_ros.task.ament_python.build:Building ROS package in '/home/nvidia/qcar_ros2_ws/src/control_nodes' with build type 'ament_python'
[2.487s] Level 1:colcon.colcon_core.shell:create_environment_hook('control_nodes', 'ament_prefix_path')
[2.504s] INFO:colcon.colcon_core.plugin_system:Skipping extension 'colcon_core.shell.bat': Not used on non-Windows systems
[2.506s] INFO:colcon.colcon_core.shell:Creating environment hook '/home/nvidia/qcar_ros2_ws/install/control_nodes/share/control_nodes/hook/ament_prefix_path.ps1'
[2.509s] INFO:colcon.colcon_core.shell:Creating environment descriptor '/home/nvidia/qcar_ros2_ws/install/control_nodes/share/control_nodes/hook/ament_prefix_path.dsv'
[2.512s] INFO:colcon.colcon_core.shell:Creating environment hook '/home/nvidia/qcar_ros2_ws/install/control_nodes/share/control_nodes/hook/ament_prefix_path.sh'
[2.516s] INFO:colcon.colcon_core.shell:Skip shell extension 'powershell' for command environment: Not usable outside of PowerShell
[2.516s] DEBUG:colcon.colcon_core.shell:Skip shell extension 'dsv' for command environment
[3.921s] INFO:colcon.colcon_core.task.python.build:Building Python package in '/home/nvidia/qcar_ros2_ws/src/control_nodes'
[3.924s] INFO:colcon.colcon_core.shell:Skip shell extension 'powershell' for command environment: Not usable outside of PowerShell
[3.924s] DEBUG:colcon.colcon_core.shell:Skip shell extension 'dsv' for command environment
[5.978s] DEBUG:colcon.colcon_core.event_handler.log_command:Invoking command in '/home/nvidia/qcar_ros2_ws/build/control_nodes': PYTHONPATH=/home/nvidia/qcar_ros2_ws/build/control_nodes/prefix_override:/home/nvidia/qcar_ros2_ws/install/control_nodes/lib/python3.6/site-packages:${PYTHONPATH} /usr/bin/python3 setup.py develop --uninstall --editable --build-directory /home/nvidia/qcar_ros2_ws/build/control_nodes/build
[8.161s] DEBUG:colcon.colcon_core.event_handler.log_command:Invoked command in '/home/nvidia/qcar_ros2_ws/build/control_nodes' returned '0': PYTHONPATH=/home/nvidia/qcar_ros2_ws/build/control_nodes/prefix_override:/home/nvidia/qcar_ros2_ws/install/control_nodes/lib/python3.6/site-packages:${PYTHONPATH} /usr/bin/python3 setup.py develop --uninstall --editable --build-directory /home/nvidia/qcar_ros2_ws/build/control_nodes/build
[8.164s] DEBUG:colcon.colcon_core.event_handler.log_command:Invoking command in '/home/nvidia/qcar_ros2_ws/src/control_nodes': PYTHONPATH=/home/nvidia/qcar_ros2_ws/build/control_nodes/prefix_override:/home/nvidia/qcar_ros2_ws/install/control_nodes/lib/python3.6/site-packages:${PYTHONPATH} /usr/bin/python3 setup.py egg_info --egg-base ../../build/control_nodes build --build-base /home/nvidia/qcar_ros2_ws/build/control_nodes/build install --record /home/nvidia/qcar_ros2_ws/build/control_nodes/install.log --install-scripts $base/lib/control_nodes --single-version-externally-managed
[9.693s] DEBUG:colcon.colcon_core.event_handler.log_command:Invoked command in '/home/nvidia/qcar_ros2_ws/src/control_nodes' returned '0': PYTHONPATH=/home/nvidia/qcar_ros2_ws/build/control_nodes/prefix_override:/home/nvidia/qcar_ros2_ws/install/control_nodes/lib/python3.6/site-packages:${PYTHONPATH} /usr/bin/python3 setup.py egg_info --egg-base ../../build/control_nodes build --build-base /home/nvidia/qcar_ros2_ws/build/control_nodes/build install --record /home/nvidia/qcar_ros2_ws/build/control_nodes/install.log --install-scripts $base/lib/control_nodes --single-version-externally-managed
[9.716s] Level 1:colcon.colcon_core.environment:checking '/home/nvidia/qcar_ros2_ws/install/control_nodes' for CMake module files
[9.719s] Level 1:colcon.colcon_core.environment:checking '/home/nvidia/qcar_ros2_ws/install/control_nodes' for CMake config files
[9.725s] Level 1:colcon.colcon_core.environment:checking '/home/nvidia/qcar_ros2_ws/install/control_nodes/lib'
[9.726s] Level 1:colcon.colcon_core.environment:checking '/home/nvidia/qcar_ros2_ws/install/control_nodes/bin'
[9.726s] Level 1:colcon.colcon_core.environment:checking '/home/nvidia/qcar_ros2_ws/install/control_nodes/lib/pkgconfig/control_nodes.pc'
[9.727s] Level 1:colcon.colcon_core.environment:checking '/home/nvidia/qcar_ros2_ws/install/control_nodes/lib/python3.6/site-packages'
[9.727s] Level 1:colcon.colcon_core.shell:create_environment_hook('control_nodes', 'pythonpath')
[9.729s] INFO:colcon.colcon_core.shell:Creating environment hook '/home/nvidia/qcar_ros2_ws/install/control_nodes/share/control_nodes/hook/pythonpath.ps1'
[9.731s] INFO:colcon.colcon_core.shell:Creating environment descriptor '/home/nvidia/qcar_ros2_ws/install/control_nodes/share/control_nodes/hook/pythonpath.dsv'
[9.732s] INFO:colcon.colcon_core.shell:Creating environment hook '/home/nvidia/qcar_ros2_ws/install/control_nodes/share/control_nodes/hook/pythonpath.sh'
[9.734s] Level 1:colcon.colcon_core.environment:checking '/home/nvidia/qcar_ros2_ws/install/control_nodes/bin'
[9.734s] Level 1:colcon.colcon_core.environment:create_environment_scripts_only(control_nodes)
[9.736s] INFO:colcon.colcon_core.shell:Creating package script '/home/nvidia/qcar_ros2_ws/install/control_nodes/share/control_nodes/package.ps1'
[9.741s] INFO:colcon.colcon_core.shell:Creating package descriptor '/home/nvidia/qcar_ros2_ws/install/control_nodes/share/control_nodes/package.dsv'
[9.744s] INFO:colcon.colcon_core.shell:Creating package script '/home/nvidia/qcar_ros2_ws/install/control_nodes/share/control_nodes/package.sh'
[9.747s] INFO:colcon.colcon_core.shell:Creating package script '/home/nvidia/qcar_ros2_ws/install/control_nodes/share/control_nodes/package.bash'
[9.752s] INFO:colcon.colcon_core.shell:Creating package script '/home/nvidia/qcar_ros2_ws/install/control_nodes/share/control_nodes/package.zsh'
[9.756s] Level 1:colcon.colcon_core.environment:create_file_with_runtime_dependencies(/home/nvidia/qcar_ros2_ws/install/control_nodes/share/colcon-core/packages/control_nodes)
[9.758s] DEBUG:colcon.colcon_parallel_executor.executor.parallel:closing loop
[9.759s] DEBUG:colcon.colcon_parallel_executor.executor.parallel:loop closed
[9.760s] DEBUG:colcon.colcon_parallel_executor.executor.parallel:run_until_complete finished with '0'
[9.761s] DEBUG:colcon.colcon_core.event_reactor:joining thread
[9.793s] INFO:colcon.colcon_core.plugin_system:Skipping extension 'colcon_notification.desktop_notification.terminal_notifier': Not used on non-Darwin systems
[9.793s] INFO:colcon.colcon_core.plugin_system:Skipping extension 'colcon_notification.desktop_notification.win32': Not used on non-Windows systems
[9.794s] INFO:colcon.colcon_notification.desktop_notification:Sending desktop notification using 'notify2'
[15.385s] DEBUG:colcon.colcon_core.event_reactor:joined thread
[15.395s] INFO:colcon.colcon_core.shell:Creating prefix script '/home/nvidia/qcar_ros2_ws/install/local_setup.ps1'
[15.403s] INFO:colcon.colcon_core.shell:Creating prefix util module '/home/nvidia/qcar_ros2_ws/install/_local_setup_util_ps1.py'
[15.417s] INFO:colcon.colcon_core.shell:Creating prefix chain script '/home/nvidia/qcar_ros2_ws/install/setup.ps1'
[15.428s] INFO:colcon.colcon_core.shell:Creating prefix script '/home/nvidia/qcar_ros2_ws/install/local_setup.sh'
[15.431s] INFO:colcon.colcon_core.shell:Creating prefix util module '/home/nvidia/qcar_ros2_ws/install/_local_setup_util_sh.py'
[15.433s] INFO:colcon.colcon_core.shell:Creating prefix chain script '/home/nvidia/qcar_ros2_ws/install/setup.sh'
[15.440s] INFO:colcon.colcon_core.shell:Creating prefix script '/home/nvidia/qcar_ros2_ws/install/local_setup.bash'
[15.443s] INFO:colcon.colcon_core.shell:Creating prefix chain script '/home/nvidia/qcar_ros2_ws/install/setup.bash'
[15.453s] INFO:colcon.colcon_core.shell:Creating prefix script '/home/nvidia/qcar_ros2_ws/install/local_setup.zsh'
[15.457s] INFO:colcon.colcon_core.shell:Creating prefix chain script '/home/nvidia/qcar_ros2_ws/install/setup.zsh'
